This is pdfTeX, Version 3.141592653-2.6-1.40.27 (TeX Live 2025/nixos.org) (preloaded format=pdflatex 1980.1.1)  22 MAR 2026 10:17
entering extended mode
 restricted \write18 enabled.
 %&-line parsing enabled.
**knowledge_graph
(./knowledge_graph.tex
LaTeX2e <2025-06-01> patch level 1
L3 programming layer <2025-06-09>

(/nix/store/ckbls0gr81x0qy9i5fm0kbmhsxbyqf7p-texlive-2025-env-texmfdist/tex/lat
ex/base/article.cls
Document Class: article 2025/01/22 v1.4n Standard LaTeX document class

(/nix/store/ckbls0gr81x0qy9i5fm0kbmhsxbyqf7p-texlive-2025-env-texmfdist/tex/lat
ex/base/size11.clo
File: size11.clo 2025/01/22 v1.4n Standard LaTeX file (size option)
)
\c@part=\count275
\c@section=\count276
\c@subsection=\count277
\c@subsubsection=\count278
\c@paragraph=\count279
\c@subparagraph=\count280
\c@figure=\count281
\c@table=\count282
\abovecaptionskip=\skip49
\belowcaptionskip=\skip50
\bibindent=\dimen148
)
(/nix/store/ckbls0gr81x0qy9i5fm0kbmhsxbyqf7p-texlive-2025-env-texmfdist/tex/lat
ex/geometry/geometry.sty
Package: geometry 2020/01/02 v5.9 Page Geometry

(/nix/store/ckbls0gr81x0qy9i5fm0kbmhsxbyqf7p-texlive-2025-env-texmfdist/tex/lat
ex/graphics/keyval.sty
Package: keyval 2022/05/29 v1.15 key=value parser (DPC)
\KV@toks@=\toks17
)
(/nix/store/ckbls0gr81x0qy9i5fm0kbmhsxbyqf7p-texlive-2025-env-texmfdist/tex/gen
eric/iftex/ifvtex.sty
Package: ifvtex 2019/10/25 v1.7 ifvtex legacy package. Use iftex instead.

(/nix/store/ckbls0gr81x0qy9i5fm0kbmhsxbyqf7p-texlive-2025-env-texmfdist/tex/gen
eric/iftex/iftex.sty
Package: iftex 2024/12/12 v1.0g TeX engine tests
))
\Gm@cnth=\count283
\Gm@cntv=\count284
\c@Gm@tempcnt=\count285
\Gm@bindingoffset=\dimen149
\Gm@wd@mp=\dimen150
\Gm@odd@mp=\dimen151
\Gm@even@mp=\dimen152
\Gm@layoutwidth=\dimen153
\Gm@layoutheight=\dimen154
\Gm@layouthoffset=\dimen155
\Gm@layoutvoffset=\dimen156
\Gm@dimlist=\toks18
)
(/nix/store/ckbls0gr81x0qy9i5fm0kbmhsxbyqf7p-texlive-2025-env-texmfdist/tex/lat
ex/amsmath/amsmath.sty
Package: amsmath 2025/06/16 v2.17y AMS math features
\@mathmargin=\skip51
For additional information on amsmath, use the `?' option.

(/nix/store/ckbls0gr81x0qy9i5fm0kbmhsxbyqf7p-texlive-2025-env-texmfdist/tex/lat
ex/amsmath/amstext.sty
Package: amstext 2024/11/17 v2.01 AMS text

(/nix/store/ckbls0gr81x0qy9i5fm0kbmhsxbyqf7p-texlive-2025-env-texmfdist/tex/lat
ex/amsmath/amsgen.sty
File: amsgen.sty 1999/11/30 v2.0 generic functions
\@emptytoks=\toks19
\ex@=\dimen157
))
(/nix/store/ckbls0gr81x0qy9i5fm0kbmhsxbyqf7p-texlive-2025-env-texmfdist/tex/lat
ex/amsmath/amsbsy.sty
Package: amsbsy 1999/11/29 v1.2d Bold Symbols
\pmbraise@=\dimen158
)
(/nix/store/ckbls0gr81x0qy9i5fm0kbmhsxbyqf7p-texlive-2025-env-texmfdist/tex/lat
ex/amsmath/amsopn.sty
Package: amsopn 2022/04/08 v2.04 operator names
)
\inf@bad=\count286
LaTeX Info: Redefining \frac on input line 233.
\uproot@=\count287
\leftroot@=\count288
LaTeX Info: Redefining \overline on input line 398.
LaTeX Info: Redefining \colon on input line 409.
\classnum@=\count289
\DOTSCASE@=\count290
LaTeX Info: Redefining \ldots on input line 495.
LaTeX Info: Redefining \dots on input line 498.
LaTeX Info: Redefining \cdots on input line 619.
\Mathstrutbox@=\box53
\strutbox@=\box54
LaTeX Info: Redefining \big on input line 721.
LaTeX Info: Redefining \Big on input line 722.
LaTeX Info: Redefining \bigg on input line 723.
LaTeX Info: Redefining \Bigg on input line 724.
\big@size=\dimen159
LaTeX Font Info:    Redeclaring font encoding OML on input line 742.
LaTeX Font Info:    Redeclaring font encoding OMS on input line 743.
\macc@depth=\count291
LaTeX Info: Redefining \bmod on input line 904.
LaTeX Info: Redefining \pmod on input line 909.
LaTeX Info: Redefining \smash on input line 939.
LaTeX Info: Redefining \relbar on input line 969.
LaTeX Info: Redefining \Relbar on input line 970.
\c@MaxMatrixCols=\count292
\dotsspace@=\muskip17
\c@parentequation=\count293
\dspbrk@lvl=\count294
\tag@help=\toks20
\row@=\count295
\column@=\count296
\maxfields@=\count297
\andhelp@=\toks21
\eqnshift@=\dimen160
\alignsep@=\dimen161
\tagshift@=\dimen162
\tagwidth@=\dimen163
\totwidth@=\dimen164
\lineht@=\dimen165
\@envbody=\toks22
\multlinegap=\skip52
\multlinetaggap=\skip53
\mathdisplay@stack=\toks23
LaTeX Info: Redefining \[ on input line 2949.
LaTeX Info: Redefining \] on input line 2950.
)
(/nix/store/ckbls0gr81x0qy9i5fm0kbmhsxbyqf7p-texlive-2025-env-texmfdist/tex/lat
ex/amsfonts/amssymb.sty
Package: amssymb 2013/01/14 v3.01 AMS font symbols

(/nix/store/ckbls0gr81x0qy9i5fm0kbmhsxbyqf7p-texlive-2025-env-texmfdist/tex/lat
ex/amsfonts/amsfonts.sty
Package: amsfonts 2013/01/14 v3.01 Basic AMSFonts support
\symAMSa=\mathgroup4
\symAMSb=\mathgroup5
LaTeX Font Info:    Redeclaring math symbol \hbar on input line 98.
LaTeX Font Info:    Overwriting math alphabet `\mathfrak' in version `bold'
(Font)                  U/euf/m/n --> U/euf/b/n on input line 106.
))
(/nix/store/ckbls0gr81x0qy9i5fm0kbmhsxbyqf7p-texlive-2025-env-texmfdist/tex/lat
ex/amscls/amsthm.sty
Package: amsthm 2020/05/29 v2.20.6
\thm@style=\toks24
\thm@bodyfont=\toks25
\thm@headfont=\toks26
\thm@notefont=\toks27
\thm@headpunct=\toks28
\thm@preskip=\skip54
\thm@postskip=\skip55
\thm@headsep=\skip56
\dth@everypar=\toks29
)
(/nix/store/ckbls0gr81x0qy9i5fm0kbmhsxbyqf7p-texlive-2025-env-texmfdist/tex/lat
ex/graphics/graphicx.sty
Package: graphicx 2024/12/31 v1.2e Enhanced LaTeX Graphics (DPC,SPQR)

(/nix/store/ckbls0gr81x0qy9i5fm0kbmhsxbyqf7p-texlive-2025-env-texmfdist/tex/lat
ex/graphics/graphics.sty
Package: graphics 2024/08/06 v1.4g Standard LaTeX Graphics (DPC,SPQR)

(/nix/store/ckbls0gr81x0qy9i5fm0kbmhsxbyqf7p-texlive-2025-env-texmfdist/tex/lat
ex/graphics/trig.sty
Package: trig 2023/12/02 v1.11 sin cos tan (DPC)
)
(/nix/store/ckbls0gr81x0qy9i5fm0kbmhsxbyqf7p-texlive-2025-env-texmfdist/tex/lat
ex/graphics-cfg/graphics.cfg
File: graphics.cfg 2016/06/04 v1.11 sample graphics configuration
)
Package graphics Info: Driver file: pdftex.def on input line 106.

(/nix/store/ckbls0gr81x0qy9i5fm0kbmhsxbyqf7p-texlive-2025-env-texmfdist/tex/lat
ex/graphics-def/pdftex.def
File: pdftex.def 2024/04/13 v1.2c Graphics/color driver for pdftex
))
\Gin@req@height=\dimen166
\Gin@req@width=\dimen167
)
(/nix/store/ckbls0gr81x0qy9i5fm0kbmhsxbyqf7p-texlive-2025-env-texmfdist/tex/lat
ex/hyperref/hyperref.sty
Package: hyperref 2025-06-21 v7.01n Hypertext links for LaTeX

(/nix/store/ckbls0gr81x0qy9i5fm0kbmhsxbyqf7p-texlive-2025-env-texmfdist/tex/lat
ex/kvsetkeys/kvsetkeys.sty
Package: kvsetkeys 2022-10-05 v1.19 Key value parser (HO)
)
(/nix/store/ckbls0gr81x0qy9i5fm0kbmhsxbyqf7p-texlive-2025-env-texmfdist/tex/gen
eric/kvdefinekeys/kvdefinekeys.sty
Package: kvdefinekeys 2019-12-19 v1.6 Define keys (HO)
)
(/nix/store/ckbls0gr81x0qy9i5fm0kbmhsxbyqf7p-texlive-2025-env-texmfdist/tex/gen
eric/pdfescape/pdfescape.sty
Package: pdfescape 2019/12/09 v1.15 Implements pdfTeX's escape features (HO)

(/nix/store/ckbls0gr81x0qy9i5fm0kbmhsxbyqf7p-texlive-2025-env-texmfdist/tex/gen
eric/ltxcmds/ltxcmds.sty
Package: ltxcmds 2023-12-04 v1.26 LaTeX kernel commands for general use (HO)
)
(/nix/store/ckbls0gr81x0qy9i5fm0kbmhsxbyqf7p-texlive-2025-env-texmfdist/tex/gen
eric/pdftexcmds/pdftexcmds.sty
Package: pdftexcmds 2020-06-27 v0.33 Utility functions of pdfTeX for LuaTeX (HO
)

(/nix/store/ckbls0gr81x0qy9i5fm0kbmhsxbyqf7p-texlive-2025-env-texmfdist/tex/gen
eric/infwarerr/infwarerr.sty
Package: infwarerr 2019/12/03 v1.5 Providing info/warning/error messages (HO)
)
Package pdftexcmds Info: \pdf@primitive is available.
Package pdftexcmds Info: \pdf@ifprimitive is available.
Package pdftexcmds Info: \pdfdraftmode found.
))
(/nix/store/ckbls0gr81x0qy9i5fm0kbmhsxbyqf7p-texlive-2025-env-texmfdist/tex/lat
ex/hycolor/hycolor.sty
Package: hycolor 2020-01-27 v1.10 Color options for hyperref/bookmark (HO)
)
(/nix/store/ckbls0gr81x0qy9i5fm0kbmhsxbyqf7p-texlive-2025-env-texmfdist/tex/lat
ex/hyperref/nameref.sty
Package: nameref 2025-06-21 v2.57 Cross-referencing by name of section

(/nix/store/ckbls0gr81x0qy9i5fm0kbmhsxbyqf7p-texlive-2025-env-texmfdist/tex/lat
ex/refcount/refcount.sty
Package: refcount 2019/12/15 v3.6 Data extraction from label references (HO)
)
(/nix/store/ckbls0gr81x0qy9i5fm0kbmhsxbyqf7p-texlive-2025-env-texmfdist/tex/gen
eric/gettitlestring/gettitlestring.sty
Package: gettitlestring 2019/12/15 v1.6 Cleanup title references (HO)

(/nix/store/ckbls0gr81x0qy9i5fm0kbmhsxbyqf7p-texlive-2025-env-texmfdist/tex/lat
ex/kvoptions/kvoptions.sty
Package: kvoptions 2022-06-15 v3.15 Key value format for package options (HO)
))
\c@section@level=\count298
)
(/nix/store/ckbls0gr81x0qy9i5fm0kbmhsxbyqf7p-texlive-2025-env-texmfdist/tex/lat
ex/etoolbox/etoolbox.sty
Package: etoolbox 2025/02/11 v2.5l e-TeX tools for LaTeX (JAW)
\etb@tempcnta=\count299
)
(/nix/store/ckbls0gr81x0qy9i5fm0kbmhsxbyqf7p-texlive-2025-env-texmfdist/tex/gen
eric/stringenc/stringenc.sty
Package: stringenc 2019/11/29 v1.12 Convert strings between diff. encodings (HO
)
)
\@linkdim=\dimen168
\Hy@linkcounter=\count300
\Hy@pagecounter=\count301

(/nix/store/ckbls0gr81x0qy9i5fm0kbmhsxbyqf7p-texlive-2025-env-texmfdist/tex/lat
ex/hyperref/pd1enc.def
File: pd1enc.def 2025-06-21 v7.01n Hyperref: PDFDocEncoding definition (HO)
Now handling font encoding PD1 ...
... no UTF-8 mapping file for font encoding PD1
)
(/nix/store/ckbls0gr81x0qy9i5fm0kbmhsxbyqf7p-texlive-2025-env-texmfdist/tex/gen
eric/intcalc/intcalc.sty
Package: intcalc 2019/12/15 v1.3 Expandable calculations with integers (HO)
)
\Hy@SavedSpaceFactor=\count302

(/nix/store/ckbls0gr81x0qy9i5fm0kbmhsxbyqf7p-texlive-2025-env-texmfdist/tex/lat
ex/hyperref/puenc.def
File: puenc.def 2025-06-21 v7.01n Hyperref: PDF Unicode definition (HO)
Now handling font encoding PU ...
... no UTF-8 mapping file for font encoding PU
)
Package hyperref Info: Hyper figures OFF on input line 4181.
Package hyperref Info: Link nesting OFF on input line 4186.
Package hyperref Info: Hyper index ON on input line 4189.
Package hyperref Info: Plain pages OFF on input line 4196.
Package hyperref Info: Backreferencing OFF on input line 4201.
Package hyperref Info: Implicit mode ON; LaTeX internals redefined.
Package hyperref Info: Bookmarks ON on input line 4448.
\c@Hy@tempcnt=\count303

(/nix/store/ckbls0gr81x0qy9i5fm0kbmhsxbyqf7p-texlive-2025-env-texmfdist/tex/lat
ex/url/url.sty
\Urlmuskip=\muskip18
Package: url 2013/09/16  ver 3.4  Verb mode for urls, etc.
)
LaTeX Info: Redefining \url on input line 4787.
\XeTeXLinkMargin=\dimen169

(/nix/store/ckbls0gr81x0qy9i5fm0kbmhsxbyqf7p-texlive-2025-env-texmfdist/tex/gen
eric/bitset/bitset.sty
Package: bitset 2019/12/09 v1.3 Handle bit-vector datatype (HO)

(/nix/store/ckbls0gr81x0qy9i5fm0kbmhsxbyqf7p-texlive-2025-env-texmfdist/tex/gen
eric/bigintcalc/bigintcalc.sty
Package: bigintcalc 2019/12/15 v1.5 Expandable calculations on big integers (HO
)
))
\Fld@menulength=\count304
\Field@Width=\dimen170
\Fld@charsize=\dimen171
Package hyperref Info: Hyper figures OFF on input line 6066.
Package hyperref Info: Link nesting OFF on input line 6071.
Package hyperref Info: Hyper index ON on input line 6074.
Package hyperref Info: backreferencing OFF on input line 6081.
Package hyperref Info: Link coloring OFF on input line 6086.
Package hyperref Info: Link coloring with OCG OFF on input line 6091.
Package hyperref Info: PDF/A mode OFF on input line 6096.
\Hy@abspage=\count305
\c@Item=\count306
\c@Hfootnote=\count307
)
Package hyperref Info: Driver (autodetected): hpdftex.

(/nix/store/ckbls0gr81x0qy9i5fm0kbmhsxbyqf7p-texlive-2025-env-texmfdist/tex/lat
ex/hyperref/hpdftex.def
File: hpdftex.def 2025-06-21 v7.01n Hyperref driver for pdfTeX
\Fld@listcount=\count308
\c@bookmark@seq@number=\count309

(/nix/store/ckbls0gr81x0qy9i5fm0kbmhsxbyqf7p-texlive-2025-env-texmfdist/tex/lat
ex/rerunfilecheck/rerunfilecheck.sty
Package: rerunfilecheck 2025-06-21 v1.11 Rerun checks for auxiliary files (HO)

(/nix/store/ckbls0gr81x0qy9i5fm0kbmhsxbyqf7p-texlive-2025-env-texmfdist/tex/gen
eric/uniquecounter/uniquecounter.sty
Package: uniquecounter 2019/12/15 v1.4 Provide unlimited unique counter (HO)
)
Package uniquecounter Info: New unique counter `rerunfilecheck' on input line 2
84.
)
\Hy@SectionHShift=\skip57
)
(/nix/store/ckbls0gr81x0qy9i5fm0kbmhsxbyqf7p-texlive-2025-env-texmfdist/tex/lat
ex/listings/listings.sty
\lst@mode=\count310
\lst@gtempboxa=\box55
\lst@token=\toks30
\lst@length=\count311
\lst@currlwidth=\dimen172
\lst@column=\count312
\lst@pos=\count313
\lst@lostspace=\dimen173
\lst@width=\dimen174
\lst@newlines=\count314
\lst@lineno=\count315
\lst@maxwidth=\dimen175

(/nix/store/ckbls0gr81x0qy9i5fm0kbmhsxbyqf7p-texlive-2025-env-texmfdist/tex/lat
ex/listings/lstpatch.sty
File: lstpatch.sty 2024/09/23 1.10c (Carsten Heinz)
)
(/nix/store/ckbls0gr81x0qy9i5fm0kbmhsxbyqf7p-texlive-2025-env-texmfdist/tex/lat
ex/listings/lstmisc.sty
File: lstmisc.sty 2024/09/23 1.10c (Carsten Heinz)
\c@lstnumber=\count316
\lst@skipnumbers=\count317
\lst@framebox=\box56
)
(/nix/store/ckbls0gr81x0qy9i5fm0kbmhsxbyqf7p-texlive-2025-env-texmfdist/tex/lat
ex/listings/listings.cfg
File: listings.cfg 2024/09/23 1.10c listings configuration
))
Package: listings 2024/09/23 1.10c (Carsten Heinz)

(/nix/store/ckbls0gr81x0qy9i5fm0kbmhsxbyqf7p-texlive-2025-env-texmfdist/tex/lat
ex/xcolor/xcolor.sty
Package: xcolor 2024/09/29 v3.02 LaTeX color extensions (UK)

(/nix/store/ckbls0gr81x0qy9i5fm0kbmhsxbyqf7p-texlive-2025-env-texmfdist/tex/lat
ex/graphics-cfg/color.cfg
File: color.cfg 2016/01/02 v1.6 sample color configuration
)
Package xcolor Info: Driver file: pdftex.def on input line 274.

(/nix/store/ckbls0gr81x0qy9i5fm0kbmhsxbyqf7p-texlive-2025-env-texmfdist/tex/lat
ex/graphics/mathcolor.ltx)
Package xcolor Info: Model `cmy' substituted by `cmy0' on input line 1349.
Package xcolor Info: Model `hsb' substituted by `rgb' on input line 1353.
Package xcolor Info: Model `RGB' extended on input line 1365.
Package xcolor Info: Model `HTML' substituted by `rgb' on input line 1367.
Package xcolor Info: Model `Hsb' substituted by `hsb' on input line 1368.
Package xcolor Info: Model `tHsb' substituted by `hsb' on input line 1369.
Package xcolor Info: Model `HSB' substituted by `hsb' on input line 1370.
Package xcolor Info: Model `Gray' substituted by `gray' on input line 1371.
Package xcolor Info: Model `wave' substituted by `hsb' on input line 1372.
)
(/nix/store/ckbls0gr81x0qy9i5fm0kbmhsxbyqf7p-texlive-2025-env-texmfdist/tex/lat
ex/booktabs/booktabs.sty
Package: booktabs 2020/01/12 v1.61803398 Publication quality tables
\heavyrulewidth=\dimen176
\lightrulewidth=\dimen177
\cmidrulewidth=\dimen178
\belowrulesep=\dimen179
\belowbottomsep=\dimen180
\aboverulesep=\dimen181
\abovetopsep=\dimen182
\cmidrulesep=\dimen183
\cmidrulekern=\dimen184
\defaultaddspace=\dimen185
\@cmidla=\count318
\@cmidlb=\count319
\@aboverulesep=\dimen186
\@belowrulesep=\dimen187
\@thisruleclass=\count320
\@lastruleclass=\count321
\@thisrulewidth=\dimen188
)
(/nix/store/ckbls0gr81x0qy9i5fm0kbmhsxbyqf7p-texlive-2025-env-texmfdist/tex/lat
ex/enumitem/enumitem.sty
Package: enumitem 2025/02/06 v3.11 Customized lists
\labelindent=\skip58
\enit@outerparindent=\dimen189
\enit@toks=\toks31
\enit@inbox=\box57
\enit@count@id=\count322
\enitdp@description=\count323
)
Package hyperref Info: Option `colorlinks' set `true' on input line 12.

(/nix/store/ckbls0gr81x0qy9i5fm0kbmhsxbyqf7p-texlive-2025-env-texmfdist/tex/lat
ex/listings/lstlang1.sty
File: lstlang1.sty 2024/09/23 1.10c listings language file
)
(/nix/store/ckbls0gr81x0qy9i5fm0kbmhsxbyqf7p-texlive-2025-env-texmfdist/tex/lat
ex/listings/lstlang2.sty
File: lstlang2.sty 2024/09/23 1.10c listings language file
)
(/nix/store/ckbls0gr81x0qy9i5fm0kbmhsxbyqf7p-texlive-2025-env-texmfdist/tex/lat
ex/listings/lstlang3.sty
File: lstlang3.sty 2024/09/23 1.10c listings language file
)

! Package Listings Error: Couldn't load requested language.

See the Listings package documentation for explanation.
Type  H <return>  for immediate help.
 ...                                              
                                                  
l.23 }
      
The following languages weren't loadable:
    ,rust$
This may cause errors in the sequel.


! Package Listings Error: language rust undefined.

See the Listings package documentation for explanation.
Type  H <return>  for immediate help.
 ...                                              
                                                  
l.23 }
      
The language is not loadable. Try typing  <return>  to proceed.
If that doesn't work, type  X <return>  to quit.

\c@definition=\count324
\c@theorem=\count325
\c@proposition=\count326

(/nix/store/ckbls0gr81x0qy9i5fm0kbmhsxbyqf7p-texlive-2025-env-texmfdist/tex/lat
ex/l3backend/l3backend-pdftex.def
File: l3backend-pdftex.def 2025-06-09 L3 backend support: PDF output (pdfTeX)
\l__color_backend_stack_int=\count327
) (./knowledge_graph.aux)
\openout1 = `knowledge_graph.aux'.

LaTeX Font Info:    Checking defaults for OML/cmm/m/it on input line 33.
LaTeX Font Info:    ... okay on input line 33.
LaTeX Font Info:    Checking defaults for OMS/cmsy/m/n on input line 33.
LaTeX Font Info:    ... okay on input line 33.
LaTeX Font Info:    Checking defaults for OT1/cmr/m/n on input line 33.
LaTeX Font Info:    ... okay on input line 33.
LaTeX Font Info:    Checking defaults for T1/cmr/m/n on input line 33.
LaTeX Font Info:    ... okay on input line 33.
LaTeX Font Info:    Checking defaults for TS1/cmr/m/n on input line 33.
LaTeX Font Info:    ... okay on input line 33.
LaTeX Font Info:    Checking defaults for OMX/cmex/m/n on input line 33.
LaTeX Font Info:    ... okay on input line 33.
LaTeX Font Info:    Checking defaults for U/cmr/m/n on input line 33.
LaTeX Font Info:    ... okay on input line 33.
LaTeX Font Info:    Checking defaults for PD1/pdf/m/n on input line 33.
LaTeX Font Info:    ... okay on input line 33.
LaTeX Font Info:    Checking defaults for PU/pdf/m/n on input line 33.
LaTeX Font Info:    ... okay on input line 33.
*geometry* driver: auto-detecting
*geometry* detected driver: pdftex
*geometry* verbose mode - [ preamble ] result:
* driver: pdftex
* paper: <default>
* layout: <same size as paper>
* layoutoffset:(h,v)=(0.0pt,0.0pt)
* modes: 
* h-part:(L,W,R)=(72.26999pt, 469.75502pt, 72.26999pt)
* v-part:(T,H,B)=(72.26999pt, 650.43001pt, 72.26999pt)
* \paperwidth=614.295pt
* \paperheight=794.96999pt
* \textwidth=469.75502pt
* \textheight=650.43001pt
* \oddsidemargin=0.0pt
* \evensidemargin=0.0pt
* \topmargin=-37.0pt
* \headheight=12.0pt
* \headsep=25.0pt
* \topskip=11.0pt
* \footskip=30.0pt
* \marginparwidth=4.0pt
* \marginparsep=10.0pt
* \columnsep=10.0pt
* \skip\footins=10.0pt plus 4.0pt minus 2.0pt
* \hoffset=0.0pt
* \voffset=0.0pt
* \mag=1000
* \@twocolumntrue
* \@twosidefalse
* \@mparswitchfalse
* \@reversemarginfalse
* (1in=72.27pt=25.4mm, 1cm=28.453pt)


(/nix/store/ckbls0gr81x0qy9i5fm0kbmhsxbyqf7p-texlive-2025-env-texmfdist/tex/con
text/base/mkii/supp-pdf.mkii
[Loading MPS to PDF converter (version 2006.09.02).]
\scratchcounter=\count328
\scratchdimen=\dimen190
\scratchbox=\box58
\nofMPsegments=\count329
\nofMParguments=\count330
\everyMPshowfont=\toks32
\MPscratchCnt=\count331
\MPscratchDim=\dimen191
\MPnumerator=\count332
\makeMPintoPDFobject=\count333
\everyMPtoPDFconversion=\toks33
)
(/nix/store/ckbls0gr81x0qy9i5fm0kbmhsxbyqf7p-texlive-2025-env-texmfdist/tex/lat
ex/epstopdf-pkg/epstopdf-base.sty
Package: epstopdf-base 2020-01-24 v2.11 Base part for package epstopdf
Package epstopdf-base Info: Redefining graphics rule for `.eps' on input line 4
85.

(/nix/store/ckbls0gr81x0qy9i5fm0kbmhsxbyqf7p-texlive-2025-env-texmfdist/tex/lat
ex/latexconfig/epstopdf-sys.cfg
File: epstopdf-sys.cfg 2010/07/13 v1.3 Configuration of (r)epstopdf for TeX Liv
e
))
Package hyperref Info: Link coloring ON on input line 33.
(./knowledge_graph.out) (./knowledge_graph.out)
\@outlinefile=\write3
\openout3 = `knowledge_graph.out'.

\c@lstlisting=\count334
LaTeX Font Info:    Trying to load font information for U+msa on input line 59.


(/nix/store/ckbls0gr81x0qy9i5fm0kbmhsxbyqf7p-texlive-2025-env-texmfdist/tex/lat
ex/amsfonts/umsa.fd
File: umsa.fd 2013/01/14 v3.01 AMS symbols A
)
LaTeX Font Info:    Trying to load font information for U+msb on input line 59.


(/nix/store/ckbls0gr81x0qy9i5fm0kbmhsxbyqf7p-texlive-2025-env-texmfdist/tex/lat
ex/amsfonts/umsb.fd
File: umsb.fd 2013/01/14 v3.01 AMS symbols B
)
Underfull \hbox (badness 10000) in paragraph at lines 63--67
\OT1/cmr/m/n/10.95 Centralized knowl-edge systems---Wikipedia,
 []


Underfull \hbox (badness 2376) in paragraph at lines 68--74
[]\OT1/cmr/m/n/10.95 Decentralized al-ter-na-tives have emerged---
 []




Underfull \vbox (badness 10000) has occurred while \output is active []



[1{/nix/store/0yd4h73l24931vaa2bmijf1nl4llf7bs-texlive-2025-env/share/texmf-var
/fonts/map/pdftex/updmap/pdftex.map}


]
Underfull \hbox (badness 10000) in paragraph at lines 139--141
[][]
 []


Underfull \hbox (badness 2753) in paragraph at lines 152--153
\OT1/cmr/m/n/10.95 The knowl-edge graph is dis-tributed across
 []




Underfull \hbox (badness 2680) in paragraph at lines 157--158
[]\OT1/cmr/m/n/10.95 Query pro-cess-ing tra-verses links across
 []


Underfull \hbox (badness 2478) in paragraph at lines 162--162
[]\OT1/cmr/bx/n/12 Transitive Con-fi-dence Prop-a-ga-
 []


Overfull \hbox (57.97255pt too wide) detected at line 169
[][][]\OML/cmm/m/it/10.95 c[]\OT1/cmr/m/n/10.95 (\OML/cmm/m/it/10.95 B\OT1/cmr/
m/n/10.95 ) = [] []
 []


Overfull \hbox (3.66989pt too wide) detected at line 178
[][][]\OML/cmm/m/it/10.95 c[]\OT1/cmr/m/n/10.95 (\OML/cmm/m/it/10.95 B\OT1/cmr/
m/n/10.95 ) = \OML/cmm/m/it/10.95 c[]\OT1/cmr/m/n/10.95 (\OML/cmm/m/it/10.95 B\
OT1/cmr/m/n/10.95 ) \OMS/cmsy/m/n/10.95 ^^A []\OT1/cmr/m/n/10.95 (1 \OMS/cmsy/m
/n/10.95 ^^@ \OML/cmm/m/it/10.95 c\OT1/cmr/m/n/10.95 (\OML/cmm/m/it/10.95 A\OT1
/cmr/m/n/10.95 ) \OMS/cmsy/m/n/10.95 ^^A \OML/cmm/m/it/10.95 s[]\OT1/cmr/m/n/10
.95 (\OML/cmm/m/it/10.95 A; B\OT1/cmr/m/n/10.95 ))
 []



[2{/nix/store/ckbls0gr81x0qy9i5fm0kbmhsxbyqf7p-texlive-2025-env-texmfdist/fonts
/enc/dvips/cm-super/cm-super-ts1.enc}]
Overfull \hbox (37.41788pt too wide) detected at line 255
[][][]\OML/cmm/m/it/10.95 c[]\OT1/cmr/m/n/10.95 (\OML/cmm/m/it/10.95 B\OT1/cmr/
m/n/10.95 ) = []
 []




Underfull \hbox (badness 1454) in paragraph at lines 261--261
[]\OT1/cmr/bx/n/14.4 Prediction Mar-ket In-te-gra-
 []


Underfull \hbox (badness 1163) in paragraph at lines 299--301
[]\OT1/cmr/m/n/10.95 A health claim about nu-tri-tion can be
 []


Underfull \hbox (badness 10000) in paragraph at lines 303--306
[]\OT1/cmr/m/n/10.95 Cross-domain cor-rob-o-ra-tion uses the
 []


Underfull \hbox (badness 5939) in paragraph at lines 303--306
\OT1/cmtt/m/n/10.95 CrossDomainCorroboration \OT1/cmr/m/n/10.95 ev-i-dence sour
ce
 []



[3]
Underfull \hbox (badness 10000) in paragraph at lines 324--324
[]\OT1/cmr/bx/n/14.4 Consciousness-Weighted
 []




Underfull \hbox (badness 10000) in paragraph at lines 355--358
[]\OT1/cmr/bx/n/10.95 Consciousness $\OMS/cmsy/m/n/10.95 !$ \OT1/cmr/bx/n/10.95
 Knowl-edge\OT1/cmr/m/n/10.95 :
 []


Underfull \hbox (badness 10000) in paragraph at lines 355--358
\OT1/cmr/m/n/10.95 Symthaea's in-fer-ence out-puts (from
 []


Underfull \hbox (badness 1163) in paragraph at lines 355--358
\OT1/cmr/m/n/10.95 the rea-son-ing en-gine) can be reg-is-tered
 []


Underfull \hbox (badness 3439) in paragraph at lines 355--358
\OT1/cmr/m/n/10.95 as claims with ap-pro-pri-ate prove-nance
 []


Underfull \hbox (badness 1215) in paragraph at lines 355--358
\OT1/cmr/m/n/10.95 meta-data, con-tribut-ing to the col-lec-tive
 []


Underfull \hbox (badness 1472) in paragraph at lines 390--399
\OT1/cmr/m/n/10.95 edge ver-i-fi-ca-tion can be de-cen-tral-ized with-
 []


Underfull \hbox (badness 1371) in paragraph at lines 390--399
\OT1/cmr/m/n/10.95 out sac-ri-fic-ing rigor. Mul-ti-ple in-de-pen-dent
 []


Underfull \hbox (badness 4765) in paragraph at lines 390--399
\OT1/cmr/m/n/10.95 fer-ence, mar-ket pric-ing, and cross-domain
 []


Underfull \hbox (badness 1348) in paragraph at lines 390--399
\OT1/cmr/m/n/10.95 corroboration---converge on con-fi-dence scores
 []



[4]
Underfull \hbox (badness 1715) in paragraph at lines 409--411
\OT1/cmr/m/n/10.95 Holochain: Scal-able Agent-Centric Dis-
 []





[5

] (./knowledge_graph.aux)
 ***********
LaTeX2e <2025-06-01> patch level 1
L3 programming layer <2025-06-09>
 ***********
Package rerunfilecheck Info: File `knowledge_graph.out' has not changed.
(rerunfilecheck)             Checksum: B8AD2321B2F9DCBD278C8E424A53E962;3133.
 ) 
Here is how much of TeX's memory you used:
 12902 strings out of 467890
 198425 string characters out of 5410143
 887350 words of memory out of 5000000
 41183 multiletter control sequences out of 15000+600000
 637097 words of font info for 78 fonts, out of 8000000 for 9000
 1141 hyphenation exceptions out of 8191
 75i,10n,79p,548b,1070s stack positions out of 10000i,1000n,20000p,200000b,200000s
</nix/store/ckbls0gr81x0qy9i5fm0kbmhsxbyqf7p-texlive-2025-env-texmfdist/fonts
/type1/public/amsfonts/cm/cmbx10.pfb></nix/store/ckbls0gr81x0qy9i5fm0kbmhsxbyqf
7p-texlive-2025-env-texmfdist/fonts/type1/public/amsfonts/cm/cmbx12.pfb></nix/s
tore/ckbls0gr81x0qy9i5fm0kbmhsxbyqf7p-texlive-2025-env-texmfdist/fonts/type1/pu
blic/amsfonts/cm/cmbxti10.pfb></nix/store/ckbls0gr81x0qy9i5fm0kbmhsxbyqf7p-texl
ive-2025-env-texmfdist/fonts/type1/public/amsfonts/cm/cmex10.pfb></nix/store/ck
bls0gr81x0qy9i5fm0kbmhsxbyqf7p-texlive-2025-env-texmfdist/fonts/type1/public/am
sfonts/cm/cmmi10.pfb></nix/store/ckbls0gr81x0qy9i5fm0kbmhsxbyqf7p-texlive-2025-
env-texmfdist/fonts/type1/public/amsfonts/cm/cmmi6.pfb></nix/store/ckbls0gr81x0
qy9i5fm0kbmhsxbyqf7p-texlive-2025-env-texmfdist/fonts/type1/public/amsfonts/cm/
cmmi8.pfb></nix/store/ckbls0gr81x0qy9i5fm0kbmhsxbyqf7p-texlive-2025-env-texmfdi
st/fonts/type1/public/amsfonts/cm/cmr10.pfb></nix/store/ckbls0gr81x0qy9i5fm0kbm
hsxbyqf7p-texlive-2025-env-texmfdist/fonts/type1/public/amsfonts/cm/cmr12.pfb><
/nix/store/ckbls0gr81x0qy9i5fm0kbmhsxbyqf7p-texlive-2025-env-texmfdist/fonts/ty
pe1/public/amsfonts/cm/cmr17.pfb></nix/store/ckbls0gr81x0qy9i5fm0kbmhsxbyqf7p-t
exlive-2025-env-texmfdist/fonts/type1/public/amsfonts/cm/cmr8.pfb></nix/store/c
kbls0gr81x0qy9i5fm0kbmhsxbyqf7p-texlive-2025-env-texmfdist/fonts/type1/public/a
msfonts/cm/cmsy10.pfb></nix/store/ckbls0gr81x0qy9i5fm0kbmhsxbyqf7p-texlive-2025
-env-texmfdist/fonts/type1/public/amsfonts/cm/cmsy8.pfb></nix/store/ckbls0gr81x
0qy9i5fm0kbmhsxbyqf7p-texlive-2025-env-texmfdist/fonts/type1/public/amsfonts/cm
/cmti10.pfb></nix/store/ckbls0gr81x0qy9i5fm0kbmhsxbyqf7p-texlive-2025-env-texmf
dist/fonts/type1/public/amsfonts/cm/cmti8.pfb></nix/store/ckbls0gr81x0qy9i5fm0k
bmhsxbyqf7p-texlive-2025-env-texmfdist/fonts/type1/public/amsfonts/cm/cmtt10.pf
b></nix/store/ckbls0gr81x0qy9i5fm0kbmhsxbyqf7p-texlive-2025-env-texmfdist/fonts
/type1/public/amsfonts/cm/cmtt12.pfb></nix/store/ckbls0gr81x0qy9i5fm0kbmhsxbyqf
7p-texlive-2025-env-texmfdist/fonts/type1/public/amsfonts/cm/cmtt8.pfb></nix/st
ore/ckbls0gr81x0qy9i5fm0kbmhsxbyqf7p-texlive-2025-env-texmfdist/fonts/type1/pub
lic/cm-super/sfrm1095.pfb>
Output written on knowledge_graph.pdf (5 pages, 253278 bytes).
PDF statistics:
 333 PDF objects out of 1000 (max. 8388607)
 285 compressed objects within 3 object streams
 117 named destinations out of 1000 (max. 500000)
 177 words of extra memory for PDF output out of 10000 (max. 10000000)

