This is pdfTeX, Version 3.141592653-2.6-1.40.27 (TeX Live 2025/nixos.org) (preloaded format=pdflatex 1980.1.1)  28 MAR 2026 01:51
entering extended mode
 restricted \write18 enabled.
 %&-line parsing enabled.
**thermodynamic_governance.tex
(./thermodynamic_governance.tex
LaTeX2e <2025-06-01> patch level 1
L3 programming layer <2025-06-09>

(/nix/store/1j83czdfb47nsbvjb45vqncvcqy8da1j-texlive-combined-2025-texmfdist/te
x/latex/base/article.cls
Document Class: article 2025/01/22 v1.4n Standard LaTeX document class

(/nix/store/1j83czdfb47nsbvjb45vqncvcqy8da1j-texlive-combined-2025-texmfdist/te
x/latex/base/size11.clo
File: size11.clo 2025/01/22 v1.4n Standard LaTeX file (size option)
)
\c@part=\count275
\c@section=\count276
\c@subsection=\count277
\c@subsubsection=\count278
\c@paragraph=\count279
\c@subparagraph=\count280
\c@figure=\count281
\c@table=\count282
\abovecaptionskip=\skip49
\belowcaptionskip=\skip50
\bibindent=\dimen148
)
(/nix/store/1j83czdfb47nsbvjb45vqncvcqy8da1j-texlive-combined-2025-texmfdist/te
x/latex/amsmath/amsmath.sty
Package: amsmath 2025/06/16 v2.17y AMS math features
\@mathmargin=\skip51

For additional information on amsmath, use the `?' option.

(/nix/store/1j83czdfb47nsbvjb45vqncvcqy8da1j-texlive-combined-2025-texmfdist/te
x/latex/amsmath/amstext.sty
Package: amstext 2024/11/17 v2.01 AMS text

(/nix/store/1j83czdfb47nsbvjb45vqncvcqy8da1j-texlive-combined-2025-texmfdist/te
x/latex/amsmath/amsgen.sty
File: amsgen.sty 1999/11/30 v2.0 generic functions
\@emptytoks=\toks17
\ex@=\dimen149
))
(/nix/store/1j83czdfb47nsbvjb45vqncvcqy8da1j-texlive-combined-2025-texmfdist/te
x/latex/amsmath/amsbsy.sty
Package: amsbsy 1999/11/29 v1.2d Bold Symbols
\pmbraise@=\dimen150
)
(/nix/store/1j83czdfb47nsbvjb45vqncvcqy8da1j-texlive-combined-2025-texmfdist/te
x/latex/amsmath/amsopn.sty
Package: amsopn 2022/04/08 v2.04 operator names
)
\inf@bad=\count283
LaTeX Info: Redefining \frac on input line 233.
\uproot@=\count284
\leftroot@=\count285
LaTeX Info: Redefining \overline on input line 398.
LaTeX Info: Redefining \colon on input line 409.
\classnum@=\count286
\DOTSCASE@=\count287
LaTeX Info: Redefining \ldots on input line 495.
LaTeX Info: Redefining \dots on input line 498.
LaTeX Info: Redefining \cdots on input line 619.
\Mathstrutbox@=\box53
\strutbox@=\box54
LaTeX Info: Redefining \big on input line 721.
LaTeX Info: Redefining \Big on input line 722.
LaTeX Info: Redefining \bigg on input line 723.
LaTeX Info: Redefining \Bigg on input line 724.
\big@size=\dimen151
LaTeX Font Info:    Redeclaring font encoding OML on input line 742.
LaTeX Font Info:    Redeclaring font encoding OMS on input line 743.
\macc@depth=\count288
LaTeX Info: Redefining \bmod on input line 904.
LaTeX Info: Redefining \pmod on input line 909.
LaTeX Info: Redefining \smash on input line 939.
LaTeX Info: Redefining \relbar on input line 969.
LaTeX Info: Redefining \Relbar on input line 970.
\c@MaxMatrixCols=\count289
\dotsspace@=\muskip17
\c@parentequation=\count290
\dspbrk@lvl=\count291
\tag@help=\toks18
\row@=\count292
\column@=\count293
\maxfields@=\count294
\andhelp@=\toks19
\eqnshift@=\dimen152
\alignsep@=\dimen153
\tagshift@=\dimen154
\tagwidth@=\dimen155
\totwidth@=\dimen156
\lineht@=\dimen157
\@envbody=\toks20
\multlinegap=\skip52
\multlinetaggap=\skip53
\mathdisplay@stack=\toks21
LaTeX Info: Redefining \[ on input line 2949.
LaTeX Info: Redefining \] on input line 2950.
)
(/nix/store/1j83czdfb47nsbvjb45vqncvcqy8da1j-texlive-combined-2025-texmfdist/te
x/latex/amsfonts/amssymb.sty
Package: amssymb 2013/01/14 v3.01 AMS font symbols

(/nix/store/1j83czdfb47nsbvjb45vqncvcqy8da1j-texlive-combined-2025-texmfdist/te
x/latex/amsfonts/amsfonts.sty
Package: amsfonts 2013/01/14 v3.01 Basic AMSFonts support
\symAMSa=\mathgroup4
\symAMSb=\mathgroup5
LaTeX Font Info:    Redeclaring math symbol \hbar on input line 98.
LaTeX Font Info:    Overwriting math alphabet `\mathfrak' in version `bold'
(Font)                  U/euf/m/n --> U/euf/b/n on input line 106.
))
(/nix/store/1j83czdfb47nsbvjb45vqncvcqy8da1j-texlive-combined-2025-texmfdist/te
x/latex/booktabs/booktabs.sty
Package: booktabs 2020/01/12 v1.61803398 Publication quality tables
\heavyrulewidth=\dimen158
\lightrulewidth=\dimen159
\cmidrulewidth=\dimen160
\belowrulesep=\dimen161
\belowbottomsep=\dimen162
\aboverulesep=\dimen163
\abovetopsep=\dimen164
\cmidrulesep=\dimen165
\cmidrulekern=\dimen166
\defaultaddspace=\dimen167
\@cmidla=\count295
\@cmidlb=\count296
\@aboverulesep=\dimen168
\@belowrulesep=\dimen169
\@thisruleclass=\count297
\@lastruleclass=\count298
\@thisrulewidth=\dimen170
)
(/nix/store/1j83czdfb47nsbvjb45vqncvcqy8da1j-texlive-combined-2025-texmfdist/te
x/latex/graphics/graphicx.sty
Package: graphicx 2024/12/31 v1.2e Enhanced LaTeX Graphics (DPC,SPQR)

(/nix/store/1j83czdfb47nsbvjb45vqncvcqy8da1j-texlive-combined-2025-texmfdist/te
x/latex/graphics/keyval.sty
Package: keyval 2022/05/29 v1.15 key=value parser (DPC)
\KV@toks@=\toks22
)
(/nix/store/1j83czdfb47nsbvjb45vqncvcqy8da1j-texlive-combined-2025-texmfdist/te
x/latex/graphics/graphics.sty
Package: graphics 2024/08/06 v1.4g Standard LaTeX Graphics (DPC,SPQR)

(/nix/store/1j83czdfb47nsbvjb45vqncvcqy8da1j-texlive-combined-2025-texmfdist/te
x/latex/graphics/trig.sty
Package: trig 2023/12/02 v1.11 sin cos tan (DPC)
)
(/nix/store/1j83czdfb47nsbvjb45vqncvcqy8da1j-texlive-combined-2025-texmfdist/te
x/latex/graphics-cfg/graphics.cfg
File: graphics.cfg 2016/06/04 v1.11 sample graphics configuration
)
Package graphics Info: Driver file: pdftex.def on input line 106.

(/nix/store/1j83czdfb47nsbvjb45vqncvcqy8da1j-texlive-combined-2025-texmfdist/te
x/latex/graphics-def/pdftex.def
File: pdftex.def 2024/04/13 v1.2c Graphics/color driver for pdftex
))
\Gin@req@height=\dimen171
\Gin@req@width=\dimen172
)
(/nix/store/1j83czdfb47nsbvjb45vqncvcqy8da1j-texlive-combined-2025-texmfdist/te
x/latex/hyperref/hyperref.sty
Package: hyperref 2025-06-21 v7.01n Hypertext links for LaTeX

(/nix/store/1j83czdfb47nsbvjb45vqncvcqy8da1j-texlive-combined-2025-texmfdist/te
x/generic/iftex/iftex.sty
Package: iftex 2024/12/12 v1.0g TeX engine tests
)
(/nix/store/1j83czdfb47nsbvjb45vqncvcqy8da1j-texlive-combined-2025-texmfdist/te
x/latex/kvsetkeys/kvsetkeys.sty
Package: kvsetkeys 2022-10-05 v1.19 Key value parser (HO)
)
(/nix/store/1j83czdfb47nsbvjb45vqncvcqy8da1j-texlive-combined-2025-texmfdist/te
x/generic/kvdefinekeys/kvdefinekeys.sty
Package: kvdefinekeys 2019-12-19 v1.6 Define keys (HO)
)
(/nix/store/1j83czdfb47nsbvjb45vqncvcqy8da1j-texlive-combined-2025-texmfdist/te
x/generic/pdfescape/pdfescape.sty
Package: pdfescape 2019/12/09 v1.15 Implements pdfTeX's escape features (HO)

(/nix/store/1j83czdfb47nsbvjb45vqncvcqy8da1j-texlive-combined-2025-texmfdist/te
x/generic/ltxcmds/ltxcmds.sty
Package: ltxcmds 2023-12-04 v1.26 LaTeX kernel commands for general use (HO)
)
(/nix/store/1j83czdfb47nsbvjb45vqncvcqy8da1j-texlive-combined-2025-texmfdist/te
x/generic/pdftexcmds/pdftexcmds.sty
Package: pdftexcmds 2020-06-27 v0.33 Utility functions of pdfTeX for LuaTeX (HO
)

(/nix/store/1j83czdfb47nsbvjb45vqncvcqy8da1j-texlive-combined-2025-texmfdist/te
x/generic/infwarerr/infwarerr.sty
Package: infwarerr 2019/12/03 v1.5 Providing info/warning/error messages (HO)
)
Package pdftexcmds Info: \pdf@primitive is available.
Package pdftexcmds Info: \pdf@ifprimitive is available.
Package pdftexcmds Info: \pdfdraftmode found.
))
(/nix/store/1j83czdfb47nsbvjb45vqncvcqy8da1j-texlive-combined-2025-texmfdist/te
x/latex/hycolor/hycolor.sty
Package: hycolor 2020-01-27 v1.10 Color options for hyperref/bookmark (HO)
)
(/nix/store/1j83czdfb47nsbvjb45vqncvcqy8da1j-texlive-combined-2025-texmfdist/te
x/latex/hyperref/nameref.sty
Package: nameref 2025-06-21 v2.57 Cross-referencing by name of section

(/nix/store/1j83czdfb47nsbvjb45vqncvcqy8da1j-texlive-combined-2025-texmfdist/te
x/latex/refcount/refcount.sty
Package: refcount 2019/12/15 v3.6 Data extraction from label references (HO)
)
(/nix/store/1j83czdfb47nsbvjb45vqncvcqy8da1j-texlive-combined-2025-texmfdist/te
x/generic/gettitlestring/gettitlestring.sty
Package: gettitlestring 2019/12/15 v1.6 Cleanup title references (HO)

(/nix/store/1j83czdfb47nsbvjb45vqncvcqy8da1j-texlive-combined-2025-texmfdist/te
x/latex/kvoptions/kvoptions.sty
Package: kvoptions 2022-06-15 v3.15 Key value format for package options (HO)
))
\c@section@level=\count299
)
(/nix/store/1j83czdfb47nsbvjb45vqncvcqy8da1j-texlive-combined-2025-texmfdist/te
x/latex/etoolbox/etoolbox.sty
Package: etoolbox 2025/02/11 v2.5l e-TeX tools for LaTeX (JAW)
\etb@tempcnta=\count300
)
(/nix/store/1j83czdfb47nsbvjb45vqncvcqy8da1j-texlive-combined-2025-texmfdist/te
x/generic/stringenc/stringenc.sty
Package: stringenc 2019/11/29 v1.12 Convert strings between diff. encodings (HO
)
)
\@linkdim=\dimen173
\Hy@linkcounter=\count301
\Hy@pagecounter=\count302

(/nix/store/1j83czdfb47nsbvjb45vqncvcqy8da1j-texlive-combined-2025-texmfdist/te
x/latex/hyperref/pd1enc.def
File: pd1enc.def 2025-06-21 v7.01n Hyperref: PDFDocEncoding definition (HO)
Now handling font encoding PD1 ...
... no UTF-8 mapping file for font encoding PD1
)
(/nix/store/1j83czdfb47nsbvjb45vqncvcqy8da1j-texlive-combined-2025-texmfdist/te
x/generic/intcalc/intcalc.sty
Package: intcalc 2019/12/15 v1.3 Expandable calculations with integers (HO)
)
\Hy@SavedSpaceFactor=\count303

(/nix/store/1j83czdfb47nsbvjb45vqncvcqy8da1j-texlive-combined-2025-texmfdist/te
x/latex/hyperref/puenc.def
File: puenc.def 2025-06-21 v7.01n Hyperref: PDF Unicode definition (HO)
Now handling font encoding PU ...
... no UTF-8 mapping file for font encoding PU
)
Package hyperref Info: Hyper figures OFF on input line 4181.
Package hyperref Info: Link nesting OFF on input line 4186.
Package hyperref Info: Hyper index ON on input line 4189.
Package hyperref Info: Plain pages OFF on input line 4196.
Package hyperref Info: Backreferencing OFF on input line 4201.
Package hyperref Info: Implicit mode ON; LaTeX internals redefined.
Package hyperref Info: Bookmarks ON on input line 4448.
\c@Hy@tempcnt=\count304

(/nix/store/1j83czdfb47nsbvjb45vqncvcqy8da1j-texlive-combined-2025-texmfdist/te
x/latex/url/url.sty
\Urlmuskip=\muskip18
Package: url 2013/09/16  ver 3.4  Verb mode for urls, etc.
)
LaTeX Info: Redefining \url on input line 4787.
\XeTeXLinkMargin=\dimen174

(/nix/store/1j83czdfb47nsbvjb45vqncvcqy8da1j-texlive-combined-2025-texmfdist/te
x/generic/bitset/bitset.sty
Package: bitset 2019/12/09 v1.3 Handle bit-vector datatype (HO)

(/nix/store/1j83czdfb47nsbvjb45vqncvcqy8da1j-texlive-combined-2025-texmfdist/te
x/generic/bigintcalc/bigintcalc.sty
Package: bigintcalc 2019/12/15 v1.5 Expandable calculations on big integers (HO
)
))
\Fld@menulength=\count305
\Field@Width=\dimen175
\Fld@charsize=\dimen176
Package hyperref Info: Hyper figures OFF on input line 6066.
Package hyperref Info: Link nesting OFF on input line 6071.
Package hyperref Info: Hyper index ON on input line 6074.
Package hyperref Info: backreferencing OFF on input line 6081.
Package hyperref Info: Link coloring OFF on input line 6086.
Package hyperref Info: Link coloring with OCG OFF on input line 6091.
Package hyperref Info: PDF/A mode OFF on input line 6096.
\Hy@abspage=\count306
\c@Item=\count307
\c@Hfootnote=\count308
)
Package hyperref Info: Driver (autodetected): hpdftex.

(/nix/store/1j83czdfb47nsbvjb45vqncvcqy8da1j-texlive-combined-2025-texmfdist/te
x/latex/hyperref/hpdftex.def
File: hpdftex.def 2025-06-21 v7.01n Hyperref driver for pdfTeX
\Fld@listcount=\count309
\c@bookmark@seq@number=\count310

(/nix/store/1j83czdfb47nsbvjb45vqncvcqy8da1j-texlive-combined-2025-texmfdist/te
x/latex/rerunfilecheck/rerunfilecheck.sty
Package: rerunfilecheck 2025-06-21 v1.11 Rerun checks for auxiliary files (HO)

(/nix/store/1j83czdfb47nsbvjb45vqncvcqy8da1j-texlive-combined-2025-texmfdist/te
x/generic/uniquecounter/uniquecounter.sty
Package: uniquecounter 2019/12/15 v1.4 Provide unlimited unique counter (HO)
)
Package uniquecounter Info: New unique counter `rerunfilecheck' on input line 2
84.
)
\Hy@SectionHShift=\skip54
)
(/nix/store/1j83czdfb47nsbvjb45vqncvcqy8da1j-texlive-combined-2025-texmfdist/te
x/latex/xcolor/xcolor.sty
Package: xcolor 2024/09/29 v3.02 LaTeX color extensions (UK)

(/nix/store/1j83czdfb47nsbvjb45vqncvcqy8da1j-texlive-combined-2025-texmfdist/te
x/latex/graphics-cfg/color.cfg
File: color.cfg 2016/01/02 v1.6 sample color configuration
)
Package xcolor Info: Driver file: pdftex.def on input line 274.

(/nix/store/1j83czdfb47nsbvjb45vqncvcqy8da1j-texlive-combined-2025-texmfdist/te
x/latex/graphics/mathcolor.ltx)
Package xcolor Info: Model `cmy' substituted by `cmy0' on input line 1349.
Package xcolor Info: Model `hsb' substituted by `rgb' on input line 1353.
Package xcolor Info: Model `RGB' extended on input line 1365.
Package xcolor Info: Model `HTML' substituted by `rgb' on input line 1367.
Package xcolor Info: Model `Hsb' substituted by `hsb' on input line 1368.
Package xcolor Info: Model `tHsb' substituted by `hsb' on input line 1369.
Package xcolor Info: Model `HSB' substituted by `hsb' on input line 1370.
Package xcolor Info: Model `Gray' substituted by `gray' on input line 1371.
Package xcolor Info: Model `wave' substituted by `hsb' on input line 1372.
)
(/nix/store/1j83czdfb47nsbvjb45vqncvcqy8da1j-texlive-combined-2025-texmfdist/te
x/latex/geometry/geometry.sty
Package: geometry 2020/01/02 v5.9 Page Geometry

(/nix/store/1j83czdfb47nsbvjb45vqncvcqy8da1j-texlive-combined-2025-texmfdist/te
x/generic/iftex/ifvtex.sty
Package: ifvtex 2019/10/25 v1.7 ifvtex legacy package. Use iftex instead.
)
\Gm@cnth=\count311
\Gm@cntv=\count312
\c@Gm@tempcnt=\count313
\Gm@bindingoffset=\dimen177
\Gm@wd@mp=\dimen178
\Gm@odd@mp=\dimen179
\Gm@even@mp=\dimen180
\Gm@layoutwidth=\dimen181
\Gm@layoutheight=\dimen182
\Gm@layouthoffset=\dimen183
\Gm@layoutvoffset=\dimen184
\Gm@dimlist=\toks23
)
(/nix/store/1j83czdfb47nsbvjb45vqncvcqy8da1j-texlive-combined-2025-texmfdist/te
x/latex/l3backend/l3backend-pdftex.def
File: l3backend-pdftex.def 2025-06-09 L3 backend support: PDF output (pdfTeX)
\l__color_backend_stack_int=\count314
) (./thermodynamic_governance.aux)
\openout1 = `thermodynamic_governance.aux'.

LaTeX Font Info:    Checking defaults for OML/cmm/m/it on input line 17.
LaTeX Font Info:    ... okay on input line 17.
LaTeX Font Info:    Checking defaults for OMS/cmsy/m/n on input line 17.
LaTeX Font Info:    ... okay on input line 17.
LaTeX Font Info:    Checking defaults for OT1/cmr/m/n on input line 17.
LaTeX Font Info:    ... okay on input line 17.
LaTeX Font Info:    Checking defaults for T1/cmr/m/n on input line 17.
LaTeX Font Info:    ... okay on input line 17.
LaTeX Font Info:    Checking defaults for TS1/cmr/m/n on input line 17.
LaTeX Font Info:    ... okay on input line 17.
LaTeX Font Info:    Checking defaults for OMX/cmex/m/n on input line 17.
LaTeX Font Info:    ... okay on input line 17.
LaTeX Font Info:    Checking defaults for U/cmr/m/n on input line 17.
LaTeX Font Info:    ... okay on input line 17.
LaTeX Font Info:    Checking defaults for PD1/pdf/m/n on input line 17.
LaTeX Font Info:    ... okay on input line 17.
LaTeX Font Info:    Checking defaults for PU/pdf/m/n on input line 17.
LaTeX Font Info:    ... okay on input line 17.

(/nix/store/1j83czdfb47nsbvjb45vqncvcqy8da1j-texlive-combined-2025-texmfdist/te
x/context/base/mkii/supp-pdf.mkii
[Loading MPS to PDF converter (version 2006.09.02).]
\scratchcounter=\count315
\scratchdimen=\dimen185
\scratchbox=\box55
\nofMPsegments=\count316
\nofMParguments=\count317
\everyMPshowfont=\toks24
\MPscratchCnt=\count318
\MPscratchDim=\dimen186
\MPnumerator=\count319
\makeMPintoPDFobject=\count320
\everyMPtoPDFconversion=\toks25
)
(/nix/store/1j83czdfb47nsbvjb45vqncvcqy8da1j-texlive-combined-2025-texmfdist/te
x/latex/epstopdf-pkg/epstopdf-base.sty
Package: epstopdf-base 2020-01-24 v2.11 Base part for package epstopdf
Package epstopdf-base Info: Redefining graphics rule for `.eps' on input line 4
85.

(/nix/store/1j83czdfb47nsbvjb45vqncvcqy8da1j-texlive-combined-2025-texmfdist/te
x/latex/latexconfig/epstopdf-sys.cfg
File: epstopdf-sys.cfg 2010/07/13 v1.3 Configuration of (r)epstopdf for TeX Liv
e
))
Package hyperref Info: Link coloring OFF on input line 17.
 (./thermodynamic_governance.out)
(./thermodynamic_governance.out)
\@outlinefile=\write3
\openout3 = `thermodynamic_governance.out'.


*geometry* driver: auto-detecting
*geometry* detected driver: pdftex
*geometry* verbose mode - [ preamble ] result:
* driver: pdftex
* paper: a4paper
* layout: <same size as paper>
* layoutoffset:(h,v)=(0.0pt,0.0pt)
* modes: 
* h-part:(L,W,R)=(72.26999pt, 452.9679pt, 72.26999pt)
* v-part:(T,H,B)=(72.26999pt, 700.50687pt, 72.26999pt)
* \paperwidth=597.50787pt
* \paperheight=845.04684pt
* \textwidth=452.9679pt
* \textheight=700.50687pt
* \oddsidemargin=0.0pt
* \evensidemargin=0.0pt
* \topmargin=-37.0pt
* \headheight=12.0pt
* \headsep=25.0pt
* \topskip=11.0pt
* \footskip=30.0pt
* \marginparwidth=50.0pt
* \marginparsep=10.0pt
* \columnsep=10.0pt
* \skip\footins=10.0pt plus 4.0pt minus 2.0pt
* \hoffset=0.0pt
* \voffset=0.0pt
* \mag=1000
* \@twocolumnfalse
* \@twosidefalse
* \@mparswitchfalse
* \@reversemarginfalse
* (1in=72.27pt=25.4mm, 1cm=28.453pt)

LaTeX Font Info:    Trying to load font information for U+msa on input line 24.


(/nix/store/1j83czdfb47nsbvjb45vqncvcqy8da1j-texlive-combined-2025-texmfdist/te
x/latex/amsfonts/umsa.fd
File: umsa.fd 2013/01/14 v3.01 AMS symbols A
)
LaTeX Font Info:    Trying to load font information for U+msb on input line 24.


(/nix/store/1j83czdfb47nsbvjb45vqncvcqy8da1j-texlive-combined-2025-texmfdist/te
x/latex/amsfonts/umsb.fd
File: umsb.fd 2013/01/14 v3.01 AMS symbols B
)

[1

{/nix/store/0d574k1xyb6zm9hp963x0l13cq4dddl9-texlive-combined-2025/share/texmf-
var/fonts/map/pdftex/updmap/pdftex.map}]

[2{/nix/store/1j83czdfb47nsbvjb45vqncvcqy8da1j-texlive-combined-2025-texmfdist/
fonts/enc/dvips/cm-super/cm-super-ts1.enc}]

! LaTeX Error: Environment theorem undefined.

See the LaTeX manual or LaTeX Companion for explanation.
Type  H <return>  for immediate help.
 ...                                              
                                                  
l.116 \begin{theorem}
                     [Tyranny Instability]
Your command was ignored.
Type  I <command> <return>  to replace it with another command,
or  <return>  to continue without it.


! LaTeX Error: \begin{document} ended by \end{theorem}.

See the LaTeX manual or LaTeX Companion for explanation.
Type  H <return>  for immediate help.
 ...                                              
                                                  
l.118 \end{theorem}
                   
Your command was ignored.
Type  I <command> <return>  to replace it with another command,
or  <return>  to continue without it.


! LaTeX Error: Environment proof undefined.

See the LaTeX manual or LaTeX Companion for explanation.
Type  H <return>  for immediate help.
 ...                                              
                                                  
l.120 \begin{proof}
                   [Proof sketch]
Your command was ignored.
Type  I <command> <return>  to replace it with another command,
or  <return>  to continue without it.

! Undefined control sequence.
l.129 ...prox 1/N$ asymptotically attracting. \qed
                                                  
The control sequence at the end of the top line
of your error message was never \def'ed. If you have
misspelled it (e.g., `\hobx'), type `I' and the correct
spelling (e.g., `I\hbox'). Otherwise just continue,
and I'll forget about whatever was undefined.


! LaTeX Error: \begin{document} ended by \end{proof}.

See the LaTeX manual or LaTeX Companion for explanation.
Type  H <return>  for immediate help.
 ...                                              
                                                  
l.130 \end{proof}
                 
Your command was ignored.
Type  I <command> <return>  to replace it with another command,
or  <return>  to continue without it.



[3]

LaTeX Warning: `h' float specifier changed to `ht'.



[4]

LaTeX Warning: `h' float specifier changed to `ht'.



[5]

[6]

[7]

[8]

[9]

[10]

[11] (./thermodynamic_governance.aux)
 ***********
LaTeX2e <2025-06-01> patch level 1
L3 programming layer <2025-06-09>
 ***********
Package rerunfilecheck Info: File `thermodynamic_governance.out' has not change
d.
(rerunfilecheck)             Checksum: B1F1E3DCB70C3E1B339B1803318E2B8F;4766.
 ) 
Here is how much of TeX's memory you used:
 10843 strings out of 469012
 168476 string characters out of 5441572
 587269 words of memory out of 5000000
 38994 multiletter control sequences out of 15000+600000
 638043 words of font info for 84 fonts, out of 8000000 for 9000
 430 hyphenation exceptions out of 8191
 75i,10n,79p,1345b,568s stack positions out of 10000i,1000n,20000p,200000b,200000s
</nix/store/1j83czdfb47nsbvjb45vqncvcqy8da1j-texlive-combined-2025-texmfdist/
fonts/type1/public/amsfonts/cm/cmbx10.pfb></nix/store/1j83czdfb47nsbvjb45vqncvc
qy8da1j-texlive-combined-2025-texmfdist/fonts/type1/public/amsfonts/cm/cmbx12.p
fb></nix/store/1j83czdfb47nsbvjb45vqncvcqy8da1j-texlive-combined-2025-texmfdist
/fonts/type1/public/amsfonts/cm/cmex10.pfb></nix/store/1j83czdfb47nsbvjb45vqncv
cqy8da1j-texlive-combined-2025-texmfdist/fonts/type1/public/amsfonts/cm/cmmi10.
pfb></nix/store/1j83czdfb47nsbvjb45vqncvcqy8da1j-texlive-combined-2025-texmfdis
t/fonts/type1/public/amsfonts/cm/cmmi8.pfb></nix/store/1j83czdfb47nsbvjb45vqncv
cqy8da1j-texlive-combined-2025-texmfdist/fonts/type1/public/amsfonts/cm/cmr10.p
fb></nix/store/1j83czdfb47nsbvjb45vqncvcqy8da1j-texlive-combined-2025-texmfdist
/fonts/type1/public/amsfonts/cm/cmr12.pfb></nix/store/1j83czdfb47nsbvjb45vqncvc
qy8da1j-texlive-combined-2025-texmfdist/fonts/type1/public/amsfonts/cm/cmr6.pfb
></nix/store/1j83czdfb47nsbvjb45vqncvcqy8da1j-texlive-combined-2025-texmfdist/f
onts/type1/public/amsfonts/cm/cmr7.pfb></nix/store/1j83czdfb47nsbvjb45vqncvcqy8
da1j-texlive-combined-2025-texmfdist/fonts/type1/public/amsfonts/cm/cmr8.pfb></
nix/store/1j83czdfb47nsbvjb45vqncvcqy8da1j-texlive-combined-2025-texmfdist/font
s/type1/public/amsfonts/cm/cmsy10.pfb></nix/store/1j83czdfb47nsbvjb45vqncvcqy8d
a1j-texlive-combined-2025-texmfdist/fonts/type1/public/amsfonts/cm/cmsy8.pfb></
nix/store/1j83czdfb47nsbvjb45vqncvcqy8da1j-texlive-combined-2025-texmfdist/font
s/type1/public/amsfonts/cm/cmti10.pfb></nix/store/1j83czdfb47nsbvjb45vqncvcqy8d
a1j-texlive-combined-2025-texmfdist/fonts/type1/public/amsfonts/cm/cmtt10.pfb><
/nix/store/1j83czdfb47nsbvjb45vqncvcqy8da1j-texlive-combined-2025-texmfdist/fon
ts/type1/public/amsfonts/cm/cmtt12.pfb></nix/store/1j83czdfb47nsbvjb45vqncvcqy8
da1j-texlive-combined-2025-texmfdist/fonts/type1/public/cm-super/sfrm1095.pfb>
Output written on thermodynamic_governance.pdf (11 pages, 251110 bytes).
PDF statistics:
 376 PDF objects out of 1000 (max. 8388607)
 327 compressed objects within 4 object streams
 107 named destinations out of 1000 (max. 500000)
 225 words of extra memory for PDF output out of 10000 (max. 10000000)

