This is pdfTeX, Version 3.141592653-2.6-1.40.27 (TeX Live 2025/nixos.org) (preloaded format=pdflatex 1980.1.1)  11 APR 2026 10:20
entering extended mode
 restricted \write18 enabled.
 %&-line parsing enabled.
**sovereign_profile.tex
(./sovereign_profile.tex
LaTeX2e <2025-11-01>
L3 programming layer <2026-01-19>

(/nix/store/10phrhvgxyw4aj6dqdda4hlv2fc7xh66-texlive-2025-r77567-env/tex/latex/
base/article.cls
Document Class: article 2025/01/22 v1.4n Standard LaTeX document class

(/nix/store/10phrhvgxyw4aj6dqdda4hlv2fc7xh66-texlive-2025-r77567-env/tex/latex/
base/size11.clo
File: size11.clo 2025/01/22 v1.4n Standard LaTeX file (size option)
)
\c@part=\count275
\c@section=\count276
\c@subsection=\count277
\c@subsubsection=\count278
\c@paragraph=\count279
\c@subparagraph=\count280
\c@figure=\count281
\c@table=\count282
\abovecaptionskip=\skip49
\belowcaptionskip=\skip50
\bibindent=\dimen148
)
(/nix/store/10phrhvgxyw4aj6dqdda4hlv2fc7xh66-texlive-2025-r77567-env/tex/latex/
geometry/geometry.sty
Package: geometry 2020/01/02 v5.9 Page Geometry

(/nix/store/10phrhvgxyw4aj6dqdda4hlv2fc7xh66-texlive-2025-r77567-env/tex/latex/
graphics/keyval.sty
Package: keyval 2022/05/29 v1.15 key=value parser (DPC)
\KV@toks@=\toks17
)
(/nix/store/10phrhvgxyw4aj6dqdda4hlv2fc7xh66-texlive-2025-r77567-env/tex/generi
c/iftex/ifvtex.sty
Package: ifvtex 2019/10/25 v1.7 ifvtex legacy package. Use iftex instead.

(/nix/store/10phrhvgxyw4aj6dqdda4hlv2fc7xh66-texlive-2025-r77567-env/tex/generi
c/iftex/iftex.sty
Package: iftex 2024/12/12 v1.0g TeX engine tests
))
\Gm@cnth=\count283
\Gm@cntv=\count284
\c@Gm@tempcnt=\count285
\Gm@bindingoffset=\dimen149
\Gm@wd@mp=\dimen150
\Gm@odd@mp=\dimen151
\Gm@even@mp=\dimen152
\Gm@layoutwidth=\dimen153
\Gm@layoutheight=\dimen154
\Gm@layouthoffset=\dimen155
\Gm@layoutvoffset=\dimen156
\Gm@dimlist=\toks18
)
(/nix/store/10phrhvgxyw4aj6dqdda4hlv2fc7xh66-texlive-2025-r77567-env/tex/latex/
amsmath/amsmath.sty
Package: amsmath 2025/07/09 v2.17z AMS math features
\@mathmargin=\skip51

For additional information on amsmath, use the `?' option.

(/nix/store/10phrhvgxyw4aj6dqdda4hlv2fc7xh66-texlive-2025-r77567-env/tex/latex/
amsmath/amstext.sty
Package: amstext 2024/11/17 v2.01 AMS text

(/nix/store/10phrhvgxyw4aj6dqdda4hlv2fc7xh66-texlive-2025-r77567-env/tex/latex/
amsmath/amsgen.sty
File: amsgen.sty 1999/11/30 v2.0 generic functions
\@emptytoks=\toks19
\ex@=\dimen157
))
(/nix/store/10phrhvgxyw4aj6dqdda4hlv2fc7xh66-texlive-2025-r77567-env/tex/latex/
amsmath/amsbsy.sty
Package: amsbsy 1999/11/29 v1.2d Bold Symbols
\pmbraise@=\dimen158
)
(/nix/store/10phrhvgxyw4aj6dqdda4hlv2fc7xh66-texlive-2025-r77567-env/tex/latex/
amsmath/amsopn.sty
Package: amsopn 2022/04/08 v2.04 operator names
)
\inf@bad=\count286
LaTeX Info: Redefining \frac on input line 233.
\uproot@=\count287
\leftroot@=\count288
LaTeX Info: Redefining \overline on input line 398.
LaTeX Info: Redefining \colon on input line 409.
\classnum@=\count289
\DOTSCASE@=\count290
LaTeX Info: Redefining \ldots on input line 495.
LaTeX Info: Redefining \dots on input line 498.
LaTeX Info: Redefining \cdots on input line 619.
\Mathstrutbox@=\box53
\strutbox@=\box54
LaTeX Info: Redefining \big on input line 721.
LaTeX Info: Redefining \Big on input line 722.
LaTeX Info: Redefining \bigg on input line 723.
LaTeX Info: Redefining \Bigg on input line 724.
\big@size=\dimen159
LaTeX Font Info:    Redeclaring font encoding OML on input line 742.
LaTeX Font Info:    Redeclaring font encoding OMS on input line 743.
\macc@depth=\count291
LaTeX Info: Redefining \bmod on input line 904.
LaTeX Info: Redefining \pmod on input line 909.
LaTeX Info: Redefining \smash on input line 939.
LaTeX Info: Redefining \relbar on input line 969.
LaTeX Info: Redefining \Relbar on input line 970.
\c@MaxMatrixCols=\count292
\dotsspace@=\muskip17
\c@parentequation=\count293
\dspbrk@lvl=\count294
\tag@help=\toks20
\row@=\count295
\column@=\count296
\maxfields@=\count297
\andhelp@=\toks21
\eqnshift@=\dimen160
\alignsep@=\dimen161
\tagshift@=\dimen162
\tagwidth@=\dimen163
\totwidth@=\dimen164
\lineht@=\dimen165
\@envbody=\toks22
\multlinegap=\skip52
\multlinetaggap=\skip53
\mathdisplay@stack=\toks23
LaTeX Info: Redefining \[ on input line 2950.
LaTeX Info: Redefining \] on input line 2951.
)
(/nix/store/10phrhvgxyw4aj6dqdda4hlv2fc7xh66-texlive-2025-r77567-env/tex/latex/
amsfonts/amssymb.sty
Package: amssymb 2013/01/14 v3.01 AMS font symbols

(/nix/store/10phrhvgxyw4aj6dqdda4hlv2fc7xh66-texlive-2025-r77567-env/tex/latex/
amsfonts/amsfonts.sty
Package: amsfonts 2013/01/14 v3.01 Basic AMSFonts support
\symAMSa=\mathgroup4
\symAMSb=\mathgroup5
LaTeX Font Info:    Redeclaring math symbol \hbar on input line 98.
LaTeX Font Info:    Overwriting math alphabet `\mathfrak' in version `bold'
(Font)                  U/euf/m/n --> U/euf/b/n on input line 106.
))
(/nix/store/10phrhvgxyw4aj6dqdda4hlv2fc7xh66-texlive-2025-r77567-env/tex/latex/
amscls/amsthm.sty
Package: amsthm 2020/05/29 v2.20.6
\thm@style=\toks24
\thm@bodyfont=\toks25
\thm@headfont=\toks26
\thm@notefont=\toks27
\thm@headpunct=\toks28
\thm@preskip=\skip54
\thm@postskip=\skip55
\thm@headsep=\skip56
\dth@everypar=\toks29
)
(/nix/store/10phrhvgxyw4aj6dqdda4hlv2fc7xh66-texlive-2025-r77567-env/tex/latex/
graphics/graphicx.sty
Package: graphicx 2024/12/31 v1.2e Enhanced LaTeX Graphics (DPC,SPQR)

(/nix/store/10phrhvgxyw4aj6dqdda4hlv2fc7xh66-texlive-2025-r77567-env/tex/latex/
graphics/graphics.sty
Package: graphics 2024/08/06 v1.4g Standard LaTeX Graphics (DPC,SPQR)

(/nix/store/10phrhvgxyw4aj6dqdda4hlv2fc7xh66-texlive-2025-r77567-env/tex/latex/
graphics/trig.sty
Package: trig 2023/12/02 v1.11 sin cos tan (DPC)
)
(/nix/store/10phrhvgxyw4aj6dqdda4hlv2fc7xh66-texlive-2025-r77567-env/tex/latex/
graphics-cfg/graphics.cfg
File: graphics.cfg 2016/06/04 v1.11 sample graphics configuration
)
Package graphics Info: Driver file: pdftex.def on input line 106.

(/nix/store/10phrhvgxyw4aj6dqdda4hlv2fc7xh66-texlive-2025-r77567-env/tex/latex/
graphics-def/pdftex.def
File: pdftex.def 2025/09/29 v1.2d Graphics/color driver for pdftex
))
\Gin@req@height=\dimen166
\Gin@req@width=\dimen167
)
(/nix/store/10phrhvgxyw4aj6dqdda4hlv2fc7xh66-texlive-2025-r77567-env/tex/latex/
hyperref/hyperref.sty
Package: hyperref 2026-01-29 v7.01p Hypertext links for LaTeX

(/nix/store/10phrhvgxyw4aj6dqdda4hlv2fc7xh66-texlive-2025-r77567-env/tex/latex/
kvsetkeys/kvsetkeys.sty
Package: kvsetkeys 2022-10-05 v1.19 Key value parser (HO)
)
(/nix/store/10phrhvgxyw4aj6dqdda4hlv2fc7xh66-texlive-2025-r77567-env/tex/generi
c/kvdefinekeys/kvdefinekeys.sty
Package: kvdefinekeys 2019-12-19 v1.6 Define keys (HO)
)
(/nix/store/10phrhvgxyw4aj6dqdda4hlv2fc7xh66-texlive-2025-r77567-env/tex/generi
c/pdfescape/pdfescape.sty
Package: pdfescape 2019/12/09 v1.15 Implements pdfTeX's escape features (HO)

(/nix/store/10phrhvgxyw4aj6dqdda4hlv2fc7xh66-texlive-2025-r77567-env/tex/generi
c/ltxcmds/ltxcmds.sty
Package: ltxcmds 2023-12-04 v1.26 LaTeX kernel commands for general use (HO)
)
(/nix/store/10phrhvgxyw4aj6dqdda4hlv2fc7xh66-texlive-2025-r77567-env/tex/generi
c/pdftexcmds/pdftexcmds.sty
Package: pdftexcmds 2020-06-27 v0.33 Utility functions of pdfTeX for LuaTeX (HO
)

(/nix/store/10phrhvgxyw4aj6dqdda4hlv2fc7xh66-texlive-2025-r77567-env/tex/generi
c/infwarerr/infwarerr.sty
Package: infwarerr 2019/12/03 v1.5 Providing info/warning/error messages (HO)
)
Package pdftexcmds Info: \pdf@primitive is available.
Package pdftexcmds Info: \pdf@ifprimitive is available.
Package pdftexcmds Info: \pdfdraftmode found.
))
(/nix/store/10phrhvgxyw4aj6dqdda4hlv2fc7xh66-texlive-2025-r77567-env/tex/latex/
hycolor/hycolor.sty
Package: hycolor 2020-01-27 v1.10 Color options for hyperref/bookmark (HO)
)
(/nix/store/10phrhvgxyw4aj6dqdda4hlv2fc7xh66-texlive-2025-r77567-env/tex/latex/
hyperref/nameref.sty
Package: nameref 2026-01-29 v2.58 Cross-referencing by name of section

(/nix/store/10phrhvgxyw4aj6dqdda4hlv2fc7xh66-texlive-2025-r77567-env/tex/latex/
refcount/refcount.sty
Package: refcount 2019/12/15 v3.6 Data extraction from label references (HO)
)
(/nix/store/10phrhvgxyw4aj6dqdda4hlv2fc7xh66-texlive-2025-r77567-env/tex/generi
c/gettitlestring/gettitlestring.sty
Package: gettitlestring 2019/12/15 v1.6 Cleanup title references (HO)

(/nix/store/10phrhvgxyw4aj6dqdda4hlv2fc7xh66-texlive-2025-r77567-env/tex/latex/
kvoptions/kvoptions.sty
Package: kvoptions 2022-06-15 v3.15 Key value format for package options (HO)
))
\c@section@level=\count298
)
(/nix/store/10phrhvgxyw4aj6dqdda4hlv2fc7xh66-texlive-2025-r77567-env/tex/latex/
etoolbox/etoolbox.sty
Package: etoolbox 2025/10/02 v2.5m e-TeX tools for LaTeX (JAW)
\etb@tempcnta=\count299
)
(/nix/store/10phrhvgxyw4aj6dqdda4hlv2fc7xh66-texlive-2025-r77567-env/tex/generi
c/stringenc/stringenc.sty
Package: stringenc 2019/11/29 v1.12 Convert strings between diff. encodings (HO
)
)
\@linkdim=\dimen168
\Hy@linkcounter=\count300
\Hy@pagecounter=\count301

(/nix/store/10phrhvgxyw4aj6dqdda4hlv2fc7xh66-texlive-2025-r77567-env/tex/latex/
hyperref/pd1enc.def
File: pd1enc.def 2026-01-29 v7.01p Hyperref: PDFDocEncoding definition (HO)
Now handling font encoding PD1 ...
... no UTF-8 mapping file for font encoding PD1
)
(/nix/store/10phrhvgxyw4aj6dqdda4hlv2fc7xh66-texlive-2025-r77567-env/tex/generi
c/intcalc/intcalc.sty
Package: intcalc 2019/12/15 v1.3 Expandable calculations with integers (HO)
)
\Hy@SavedSpaceFactor=\count302

(/nix/store/10phrhvgxyw4aj6dqdda4hlv2fc7xh66-texlive-2025-r77567-env/tex/latex/
hyperref/puenc.def
File: puenc.def 2026-01-29 v7.01p Hyperref: PDF Unicode definition (HO)
Now handling font encoding PU ...
... no UTF-8 mapping file for font encoding PU
)
Package hyperref Info: Hyper figures OFF on input line 4201.
Package hyperref Info: Link nesting OFF on input line 4206.
Package hyperref Info: Hyper index ON on input line 4209.
Package hyperref Info: Plain pages OFF on input line 4216.
Package hyperref Info: Backreferencing OFF on input line 4221.
Package hyperref Info: Implicit mode ON; LaTeX internals redefined.
Package hyperref Info: Bookmarks ON on input line 4468.
\c@Hy@tempcnt=\count303

(/nix/store/10phrhvgxyw4aj6dqdda4hlv2fc7xh66-texlive-2025-r77567-env/tex/latex/
url/url.sty
\Urlmuskip=\muskip18
Package: url 2013/09/16  ver 3.4  Verb mode for urls, etc.
)
LaTeX Info: Redefining \url on input line 4807.
\XeTeXLinkMargin=\dimen169

(/nix/store/10phrhvgxyw4aj6dqdda4hlv2fc7xh66-texlive-2025-r77567-env/tex/generi
c/bitset/bitset.sty
Package: bitset 2019/12/09 v1.3 Handle bit-vector datatype (HO)

(/nix/store/10phrhvgxyw4aj6dqdda4hlv2fc7xh66-texlive-2025-r77567-env/tex/generi
c/bigintcalc/bigintcalc.sty
Package: bigintcalc 2019/12/15 v1.5 Expandable calculations on big integers (HO
)
))
\Fld@menulength=\count304
\Field@Width=\dimen170
\Fld@charsize=\dimen171
Package hyperref Info: Hyper figures OFF on input line 6084.
Package hyperref Info: Link nesting OFF on input line 6089.
Package hyperref Info: Hyper index ON on input line 6092.
Package hyperref Info: backreferencing OFF on input line 6099.
Package hyperref Info: Link coloring OFF on input line 6104.
Package hyperref Info: Link coloring with OCG OFF on input line 6109.
Package hyperref Info: PDF/A mode OFF on input line 6114.
\Hy@abspage=\count305
\c@Item=\count306
\c@Hfootnote=\count307
)
Package hyperref Info: Driver (autodetected): hpdftex.

(/nix/store/10phrhvgxyw4aj6dqdda4hlv2fc7xh66-texlive-2025-r77567-env/tex/latex/
hyperref/hpdftex.def
File: hpdftex.def 2026-01-29 v7.01p Hyperref driver for pdfTeX
\Fld@listcount=\count308
\c@bookmark@seq@number=\count309

(/nix/store/10phrhvgxyw4aj6dqdda4hlv2fc7xh66-texlive-2025-r77567-env/tex/latex/
rerunfilecheck/rerunfilecheck.sty
Package: rerunfilecheck 2025-06-21 v1.11 Rerun checks for auxiliary files (HO)

(/nix/store/10phrhvgxyw4aj6dqdda4hlv2fc7xh66-texlive-2025-r77567-env/tex/generi
c/uniquecounter/uniquecounter.sty
Package: uniquecounter 2019/12/15 v1.4 Provide unlimited unique counter (HO)
)
Package uniquecounter Info: New unique counter `rerunfilecheck' on input line 2
84.
)
\Hy@SectionHShift=\skip57
)
(/nix/store/10phrhvgxyw4aj6dqdda4hlv2fc7xh66-texlive-2025-r77567-env/tex/latex/
listings/listings.sty
\lst@mode=\count310
\lst@gtempboxa=\box55
\lst@token=\toks30
\lst@length=\count311
\lst@currlwidth=\dimen172
\lst@column=\count312
\lst@pos=\count313
\lst@lostspace=\dimen173
\lst@width=\dimen174
\lst@newlines=\count314
\lst@lineno=\count315
\lst@maxwidth=\dimen175

(/nix/store/10phrhvgxyw4aj6dqdda4hlv2fc7xh66-texlive-2025-r77567-env/tex/latex/
listings/lstpatch.sty
File: lstpatch.sty 2025/11/14 1.11b (Carsten Heinz)
)
(/nix/store/10phrhvgxyw4aj6dqdda4hlv2fc7xh66-texlive-2025-r77567-env/tex/latex/
listings/lstmisc.sty
File: lstmisc.sty 2025/11/14 1.11b (Carsten Heinz)
\c@lstnumber=\count316
\lst@skipnumbers=\count317
\lst@framebox=\box56
)
(/nix/store/10phrhvgxyw4aj6dqdda4hlv2fc7xh66-texlive-2025-r77567-env/tex/latex/
listings/listings.cfg
File: listings.cfg 2025/11/14 1.11b listings configuration
))
Package: listings 2025/11/14 1.11b (Carsten Heinz)

==> First Aid for listings.sty no longer applied!
    Expected:
        2024/09/23 1.10c (Carsten Heinz)
    but found:
        2025/11/14 1.11b (Carsten Heinz)
    so I'm assuming it got fixed.

(/nix/store/10phrhvgxyw4aj6dqdda4hlv2fc7xh66-texlive-2025-r77567-env/tex/latex/
xcolor/xcolor.sty
Package: xcolor 2024/09/29 v3.02 LaTeX color extensions (UK)

(/nix/store/10phrhvgxyw4aj6dqdda4hlv2fc7xh66-texlive-2025-r77567-env/tex/latex/
graphics-cfg/color.cfg
File: color.cfg 2016/01/02 v1.6 sample color configuration
)
Package xcolor Info: Driver file: pdftex.def on input line 274.

(/nix/store/10phrhvgxyw4aj6dqdda4hlv2fc7xh66-texlive-2025-r77567-env/tex/latex/
graphics/mathcolor.ltx)
Package xcolor Info: Model `cmy' substituted by `cmy0' on input line 1349.
Package xcolor Info: Model `hsb' substituted by `rgb' on input line 1353.
Package xcolor Info: Model `RGB' extended on input line 1365.
Package xcolor Info: Model `HTML' substituted by `rgb' on input line 1367.
Package xcolor Info: Model `Hsb' substituted by `hsb' on input line 1368.
Package xcolor Info: Model `tHsb' substituted by `hsb' on input line 1369.
Package xcolor Info: Model `HSB' substituted by `hsb' on input line 1370.
Package xcolor Info: Model `Gray' substituted by `gray' on input line 1371.
Package xcolor Info: Model `wave' substituted by `hsb' on input line 1372.
)
(/nix/store/10phrhvgxyw4aj6dqdda4hlv2fc7xh66-texlive-2025-r77567-env/tex/latex/
booktabs/booktabs.sty
Package: booktabs 2020/01/12 v1.61803398 Publication quality tables
\heavyrulewidth=\dimen176
\lightrulewidth=\dimen177
\cmidrulewidth=\dimen178
\belowrulesep=\dimen179
\belowbottomsep=\dimen180
\aboverulesep=\dimen181
\abovetopsep=\dimen182
\cmidrulesep=\dimen183
\cmidrulekern=\dimen184
\defaultaddspace=\dimen185
\@cmidla=\count318
\@cmidlb=\count319
\@aboverulesep=\dimen186
\@belowrulesep=\dimen187
\@thisruleclass=\count320
\@lastruleclass=\count321
\@thisrulewidth=\dimen188
)
(/nix/store/10phrhvgxyw4aj6dqdda4hlv2fc7xh66-texlive-2025-r77567-env/tex/latex/
enumitem/enumitem.sty
Package: enumitem 2025/02/06 v3.11 Customized lists
\labelindent=\skip58
\enit@outerparindent=\dimen189
\enit@toks=\toks31
\enit@inbox=\box57
\enit@count@id=\count322
\enitdp@description=\count323
)
(/nix/store/10phrhvgxyw4aj6dqdda4hlv2fc7xh66-texlive-2025-r77567-env/tex/latex/
natbib/natbib.sty
Package: natbib 2010/09/13 8.31b (PWD, AO)
\bibhang=\skip59
\bibsep=\skip60
LaTeX Info: Redefining \cite on input line 694.
\c@NAT@ctr=\count324
)
(/nix/store/10phrhvgxyw4aj6dqdda4hlv2fc7xh66-texlive-2025-r77567-env/tex/latex/
float/float.sty
Package: float 2001/11/08 v1.3d Float enhancements (AL)
\c@float@type=\count325
\float@exts=\toks32
\float@box=\box58
\@float@everytoks=\toks33
\@floatcapt=\box59
)
Package hyperref Info: Option `colorlinks' set `true' on input line 14.
\c@definition=\count326
\c@theorem=\count327
\c@proposition=\count328

(/nix/store/10phrhvgxyw4aj6dqdda4hlv2fc7xh66-texlive-2025-r77567-env/tex/latex/
l3backend/l3backend-pdftex.def
File: l3backend-pdftex.def 2025-10-09 L3 backend support: PDF output (pdfTeX)
\l__color_backend_stack_int=\count329
) (./sovereign_profile.aux)
\openout1 = `sovereign_profile.aux'.

LaTeX Font Info:    Checking defaults for OML/cmm/m/it on input line 34.
LaTeX Font Info:    ... okay on input line 34.
LaTeX Font Info:    Checking defaults for OMS/cmsy/m/n on input line 34.
LaTeX Font Info:    ... okay on input line 34.
LaTeX Font Info:    Checking defaults for OT1/cmr/m/n on input line 34.
LaTeX Font Info:    ... okay on input line 34.
LaTeX Font Info:    Checking defaults for T1/cmr/m/n on input line 34.
LaTeX Font Info:    ... okay on input line 34.
LaTeX Font Info:    Checking defaults for TS1/cmr/m/n on input line 34.
LaTeX Font Info:    ... okay on input line 34.
LaTeX Font Info:    Checking defaults for OMX/cmex/m/n on input line 34.
LaTeX Font Info:    ... okay on input line 34.
LaTeX Font Info:    Checking defaults for U/cmr/m/n on input line 34.
LaTeX Font Info:    ... okay on input line 34.
LaTeX Font Info:    Checking defaults for PD1/pdf/m/n on input line 34.
LaTeX Font Info:    ... okay on input line 34.
LaTeX Font Info:    Checking defaults for PU/pdf/m/n on input line 34.
LaTeX Font Info:    ... okay on input line 34.

*geometry* driver: auto-detecting
*geometry* detected driver: pdftex
*geometry* verbose mode - [ preamble ] result:
* driver: pdftex
* paper: <default>
* layout: <same size as paper>
* layoutoffset:(h,v)=(0.0pt,0.0pt)
* modes: 
* h-part:(L,W,R)=(72.26999pt, 469.75502pt, 72.26999pt)
* v-part:(T,H,B)=(72.26999pt, 650.43001pt, 72.26999pt)
* \paperwidth=614.295pt
* \paperheight=794.96999pt
* \textwidth=469.75502pt
* \textheight=650.43001pt
* \oddsidemargin=0.0pt
* \evensidemargin=0.0pt
* \topmargin=-37.0pt
* \headheight=12.0pt
* \headsep=25.0pt
* \topskip=11.0pt
* \footskip=30.0pt
* \marginparwidth=4.0pt
* \marginparsep=10.0pt
* \columnsep=10.0pt
* \skip\footins=10.0pt plus 4.0pt minus 2.0pt
* \hoffset=0.0pt
* \voffset=0.0pt
* \mag=1000
* \@twocolumntrue
* \@twosidefalse
* \@mparswitchfalse
* \@reversemarginfalse
* (1in=72.27pt=25.4mm, 1cm=28.453pt)


(/nix/store/10phrhvgxyw4aj6dqdda4hlv2fc7xh66-texlive-2025-r77567-env/tex/contex
t/base/mkii/supp-pdf.mkii
[Loading MPS to PDF converter (version 2006.09.02).]
\scratchcounter=\count330
\scratchdimen=\dimen190
\scratchbox=\box60
\nofMPsegments=\count331
\nofMParguments=\count332
\everyMPshowfont=\toks34
\MPscratchCnt=\count333
\MPscratchDim=\dimen191
\MPnumerator=\count334
\makeMPintoPDFobject=\count335
\everyMPtoPDFconversion=\toks35
)
(/nix/store/10phrhvgxyw4aj6dqdda4hlv2fc7xh66-texlive-2025-r77567-env/tex/latex/
epstopdf-pkg/epstopdf-base.sty
Package: epstopdf-base 2020-01-24 v2.11 Base part for package epstopdf
Package epstopdf-base Info: Redefining graphics rule for `.eps' on input line 4
85.

(/nix/store/10phrhvgxyw4aj6dqdda4hlv2fc7xh66-texlive-2025-r77567-env/tex/latex/
latexconfig/epstopdf-sys.cfg
File: epstopdf-sys.cfg 2010/07/13 v1.3 Configuration of (r)epstopdf for TeX Liv
e
))
Package hyperref Info: Link coloring ON on input line 34.
 (./sovereign_profile.out)
(./sovereign_profile.out)
\@outlinefile=\write3
\openout3 = `sovereign_profile.out'.

\c@lstlisting=\count336
LaTeX Font Info:    Trying to load font information for U+msa on input line 47.


(/nix/store/10phrhvgxyw4aj6dqdda4hlv2fc7xh66-texlive-2025-r77567-env/tex/latex/
amsfonts/umsa.fd
File: umsa.fd 2013/01/14 v3.01 AMS symbols A
)
LaTeX Font Info:    Trying to load font information for U+msb on input line 47.


(/nix/store/10phrhvgxyw4aj6dqdda4hlv2fc7xh66-texlive-2025-r77567-env/tex/latex/
amsfonts/umsb.fd
File: umsb.fd 2013/01/14 v3.01 AMS symbols B
)
Underfull \hbox (badness 1009) in paragraph at lines 55--56
\OT1/cmr/m/n/10.95 ag-gre-gates iden-tity sig-nals (ENS names, so-
 []


Underfull \hbox (badness 1033) in paragraph at lines 59--60
[]\OT1/cmr/m/n/10.95 We pro-pose a fun-da-men-tally dif-fer-ent ap-
 []


Underfull \vbox (badness 10000) has occurred while \output is active []

 [1{/nix/store/d4pm16gh9k3zi16is2wn6pchkhn15f6n-texlive-2025-r77567-env/share/t
exmf-var/fonts/map/pdftex/updmap/pdftex.map}


]
Underfull \hbox (badness 5345) in paragraph at lines 66--67
[]\OT1/cmr/bx/n/10.95 8D cre-den-tial ar-chi-tec-ture\OT1/cmr/m/n/10.95 : Eight

 []


Overfull \hbox (201.01299pt too wide) in paragraph at lines 88--102
 [][] 
 []


Underfull \hbox (badness 2261) in paragraph at lines 106--107
\OT1/cmr/m/n/10.95 four ab-stract di-men-sions: iden-tity ver-i-fi-ca-
 []


Underfull \hbox (badness 4739) in paragraph at lines 109--110
[]\OT1/cmr/bx/n/10.95 The Con-fi-dent Liar\OT1/cmr/m/n/10.95 : Strong iden-
 []


Underfull \hbox (badness 2134) in paragraph at lines 111--112
[]\OT1/cmr/bx/n/10.95 The Hoarder\OT1/cmr/m/n/10.95 : Ac-cu-mu-lates re-sources

 []

[2]
Underfull \hbox (badness 7273) in paragraph at lines 139--139
[]\OT1/cmr/m/n/10.95 Table 2: []Constitutional in-vari-ants (non-
 []


Overfull \hbox (128.35703pt too wide) in paragraph at lines 141--157
 [][] 
 []


Underfull \hbox (badness 10000) in paragraph at lines 164--165
[]\OT1/cmr/m/n/10.95 Consciousness gat-ing (gov-er-nance via
 []


Underfull \hbox (badness 5878) in paragraph at lines 177--179
\OT1/cmr/m/n/10.95 where $\OML/cmm/m/it/10.95 ^^U$ \OT1/cmr/m/n/10.95 is commun
ity-configurable within
 []


Underfull \hbox (badness 1609) in paragraph at lines 189--190
\OT1/cmr/m/n/10.95 The sovereign pro-file never leaves the par-
 []


Underfull \hbox (badness 3861) in paragraph at lines 189--190
\OT1/cmr/m/n/10.95 tic-i-pant's de-vice. Gov-er-nance proofs use
 []


Underfull \hbox (badness 10000) in paragraph at lines 189--190
\OT1/cmr/m/n/10.95 zero-knowledge STARK proofs (Win-ter-fell
 []

[3
pdfTeX warning (ext4): destination with the same identifier (name{table.1}) has
 been already used, duplicate ignored
<argument> ...shipout:D \box_use:N \l_shipout_box 
                                                  \__shipout_drop_firstpage_...
l.190 
      
pdfTeX warning (ext4): destination with the same identifier (name{table.2}) has
 been already used, duplicate ignored
<argument> ...shipout:D \box_use:N \l_shipout_box 
                                                  \__shipout_drop_firstpage_...
l.190 
      ]
Underfull \hbox (badness 1796) in paragraph at lines 192--193
[][]\OT1/cmr/bx/n/10.95 Definition 2 \OT1/cmr/m/n/10.95 (Sovereign Thresh-old P
roof)\OT1/cmr/bx/n/10.95 .
 []


Underfull \hbox (badness 1320) in paragraph at lines 224--225
[]\OT1/cmr/m/n/10.95 The en-cod-ing guar-an-tees \OT1/cmr/bx/n/10.95 mono-tonic
-ity
 []


Underfull \hbox (badness 3514) in paragraph at lines 227--228
[]\OT1/cmr/m/n/10.95 Tier deriva-tion uses pop-count: $[] =
 []


Overfull \hbox (130.39473pt too wide) in paragraph at lines 247--258
 [][] 
 []


Underfull \hbox (badness 2229) in paragraph at lines 260--261
\OT1/cmr/m/n/10.95 from \OT1/cmr/m/it/10.95 in-de-pen-dent source clus-ters \OT
1/cmr/m/n/10.95 com-pound
 []


Underfull \vbox (badness 1314) has occurred while \output is active []

 [4
pdfTeX warning (ext4): destination with the same identifier (name{table.3}) has
 been already used, duplicate ignored
<argument> ...shipout:D \box_use:N \l_shipout_box 
                                                  \__shipout_drop_firstpage_...
l.283   \item \texttt
                     {lib.rs}: 29 tests (core types, scoring, tier derivation){
/nix/store/10phrhvgxyw4aj6dqdda4hlv2fc7xh66-texlive-2025-r77567-env/fonts/enc/d
vips/cm-super/cm-super-ts1.enc}
pdfTeX warning (ext4): destination with the same identifier (name{table.4}) has
 been already used, duplicate ignored
<argument> ...shipout:D \box_use:N \l_shipout_box 
                                                  \__shipout_drop_firstpage_...
l.283   \item \texttt
                     {lib.rs}: 29 tests (core types, scoring, tier derivation)]

Underfull \hbox (badness 1990) in paragraph at lines 294--295
[]\OT1/cmr/m/n/10.95 74 zome co-or-di-na-tors across 8 clus-ters
 []


Underfull \hbox (badness 10000) in paragraph at lines 310--311
[]\OT1/cmr/m/n/10.95 The zero-veto re-sult demon-strates the
 []


Underfull \hbox (badness 2671) in paragraph at lines 310--311
\OT1/cmr/m/n/10.95 con-straint pre-vents the be-hav-ior it tar-gets
 []


Underfull \hbox (badness 2277) in paragraph at lines 317--318
\OT1/cmr/bx/n/10.95 coin \OT1/cmr/m/n/10.95 [[][]World-coin[][], [][]2023[][]] 
uses iris bio-met-rics
 []


Underfull \hbox (badness 4168) in paragraph at lines 326--327
\OT1/cmr/m/n/10.95 The 8-Dimensional Sovereign Pro-file in-tro-
 []


Underfull \hbox (badness 5064) in paragraph at lines 326--327
\OT1/cmr/m/n/10.95 er-nance: a multi-dimensional, temporally-
 []


Underfull \hbox (badness 3229) in paragraph at lines 326--327
\OT1/cmr/m/n/10.95 decaying, privacy-preserving civic cre-den-tial
 []


Underfull \hbox (badness 2277) in paragraph at lines 326--327
\OT1/cmr/m/n/10.95 strongest avail-able form of pre-commitment
 []


Underfull \hbox (badness 1515) in paragraph at lines 326--327
\OT1/cmr/m/n/10.95 against di-men-sional cap-ture, per-ma-nent oli-
 []


Underfull \hbox (badness 1728) in paragraph at lines 328--329
\OT1/cmr/m/n/10.95 and re-leased as an open-source Rust crate
 []

[5]
Underfull \hbox (badness 2980) in paragraph at lines 330--331
 []\OT1/cmr/bx/n/10.95 Availability.[] \OT1/cmr/m/n/10.95 Code: [][]$\OT1/cmtt/
m/n/10.95 https : / / github . com /
 []


Underfull \hbox (badness 10000) in paragraph at lines 330--331
\OT1/cmtt/m/n/10.95 Luminous-[]Dynamics / mycelix$[][] \OT1/cmr/m/n/10.95 (AGPL
-3.0).
 []


Underfull \hbox (badness 2856) in paragraph at lines 342--345
[]\OT1/cmr/m/n/10.95 Gitcoin.  Git-coin Pass-port: De-cen-tral-ized
 []


Underfull \hbox (badness 2050) in paragraph at lines 342--345
\OT1/cmr/m/n/10.95 iden-tity ver-i-fi-ca-tion.  [][]$\OT1/cmtt/m/n/10.95 https 
: / / passport .
 []


Underfull \hbox (badness 5036) in paragraph at lines 347--350
[]\OT1/cmr/m/n/10.95 Kleros.  Proof of Hu-man-ity: A Sybil-
 []


Underfull \hbox (badness 2393) in paragraph at lines 347--350
\OT1/cmr/m/n/10.95 resistant reg-istry of hu-mans.  [][]$\OT1/cmtt/m/n/10.95 ht
tps : / /
 []


Underfull \hbox (badness 10000) in paragraph at lines 352--355
[][]$\OT1/cmtt/m/n/10.95 https : / / www . w3 . org / TR / vc-[]data-[]model/$[
][]\OT1/cmr/m/n/10.95 ,
 []


Underfull \hbox (badness 2050) in paragraph at lines 362--365
[]\OT1/cmr/m/n/10.95 Facebook (Meta).  Win-ter-fell: A STARK
 []

[6

] (./sovereign_profile.aux)
 ***********
LaTeX2e <2025-11-01>
L3 programming layer <2026-01-19>
 ***********
Package rerunfilecheck Info: File `sovereign_profile.out' has not changed.
(rerunfilecheck)             Checksum: 0C00D3DB24F367A9F1D733B1A23390E2;3095.
 ) 
Here is how much of TeX's memory you used:
 13020 strings out of 467535
 200661 string characters out of 5397134
 635864 words of memory out of 5000000
 41699 multiletter control sequences out of 15000+600000
 640290 words of font info for 89 fonts, out of 8000000 for 9000
 1141 hyphenation exceptions out of 8191
 75i,11n,79p,1359b,542s stack positions out of 10000i,1000n,20000p,200000b,200000s
</nix/store/10phrhvgxyw4aj6dqdda4hlv2fc7xh66-texlive-2025-r77567-env/fonts/ty
pe1/public/amsfonts/cm/cmbx10.pfb></nix/store/10phrhvgxyw4aj6dqdda4hlv2fc7xh66-
texlive-2025-r77567-env/fonts/type1/public/amsfonts/cm/cmbx12.pfb></nix/store/1
0phrhvgxyw4aj6dqdda4hlv2fc7xh66-texlive-2025-r77567-env/fonts/type1/public/amsf
onts/cm/cmex10.pfb></nix/store/10phrhvgxyw4aj6dqdda4hlv2fc7xh66-texlive-2025-r7
7567-env/fonts/type1/public/amsfonts/cm/cmitt10.pfb></nix/store/10phrhvgxyw4aj6
dqdda4hlv2fc7xh66-texlive-2025-r77567-env/fonts/type1/public/amsfonts/cm/cmmi10
.pfb></nix/store/10phrhvgxyw4aj6dqdda4hlv2fc7xh66-texlive-2025-r77567-env/fonts
/type1/public/amsfonts/cm/cmmi8.pfb></nix/store/10phrhvgxyw4aj6dqdda4hlv2fc7xh6
6-texlive-2025-r77567-env/fonts/type1/public/amsfonts/cm/cmr10.pfb></nix/store/
10phrhvgxyw4aj6dqdda4hlv2fc7xh66-texlive-2025-r77567-env/fonts/type1/public/ams
fonts/cm/cmr12.pfb></nix/store/10phrhvgxyw4aj6dqdda4hlv2fc7xh66-texlive-2025-r7
7567-env/fonts/type1/public/amsfonts/cm/cmr17.pfb></nix/store/10phrhvgxyw4aj6dq
dda4hlv2fc7xh66-texlive-2025-r77567-env/fonts/type1/public/amsfonts/cm/cmr8.pfb
></nix/store/10phrhvgxyw4aj6dqdda4hlv2fc7xh66-texlive-2025-r77567-env/fonts/typ
e1/public/amsfonts/cm/cmsy10.pfb></nix/store/10phrhvgxyw4aj6dqdda4hlv2fc7xh66-t
exlive-2025-r77567-env/fonts/type1/public/amsfonts/cm/cmsy8.pfb></nix/store/10p
hrhvgxyw4aj6dqdda4hlv2fc7xh66-texlive-2025-r77567-env/fonts/type1/public/amsfon
ts/cm/cmti10.pfb></nix/store/10phrhvgxyw4aj6dqdda4hlv2fc7xh66-texlive-2025-r775
67-env/fonts/type1/public/amsfonts/cm/cmti8.pfb></nix/store/10phrhvgxyw4aj6dqdd
a4hlv2fc7xh66-texlive-2025-r77567-env/fonts/type1/public/amsfonts/cm/cmtt10.pfb
></nix/store/10phrhvgxyw4aj6dqdda4hlv2fc7xh66-texlive-2025-r77567-env/fonts/typ
e1/public/amsfonts/cm/cmtt12.pfb></nix/store/10phrhvgxyw4aj6dqdda4hlv2fc7xh66-t
exlive-2025-r77567-env/fonts/type1/public/cm-super/sfrm1095.pfb>
Output written on sovereign_profile.pdf (6 pages, 235822 bytes).
PDF statistics:
 298 PDF objects out of 1000 (max. 8388607)
 253 compressed objects within 3 object streams
 71 named destinations out of 1000 (max. 500000)
 169 words of extra memory for PDF output out of 10000 (max. 10000000)

