\BOOKMARK [1][-]{section.1}{\376\377\000I\000n\000t\000r\000o\000d\000u\000c\000t\000i\000o\000n}{}% 1
\BOOKMARK [1][-]{section.2}{\376\377\000T\000y\000p\000e\000\040\000S\000y\000s\000t\000e\000m\000\040\000D\000e\000s\000i\000g\000n}{}% 2
\BOOKMARK [2][-]{subsection.2.1}{\376\377\000D\000o\000m\000a\000i\000n\000\040\000E\000n\000u\000m}{section.2}% 3
\BOOKMARK [2][-]{subsection.2.2}{\376\377\000C\000a\000s\000e\000-\000I\000n\000s\000e\000n\000s\000i\000t\000i\000v\000e\000\040\000P\000a\000r\000s\000i\000n\000g}{section.2}% 4
\BOOKMARK [2][-]{subsection.2.3}{\376\377\000Z\000o\000m\000e\000\040\000E\000n\000u\000m\000s}{section.2}% 5
\BOOKMARK [2][-]{subsection.2.4}{\376\377\000C\000r\000o\000s\000s\000-\000C\000l\000u\000s\000t\000e\000r\000\040\000R\000o\000l\000e\000s}{section.2}% 6
\BOOKMARK [1][-]{section.3}{\376\377\000R\000o\000u\000t\000i\000n\000g\000\040\000F\000u\000n\000c\000t\000i\000o\000n\000s}{}% 7
\BOOKMARK [2][-]{subsection.3.1}{\376\377\000D\000o\000m\000a\000i\000n\000-\000t\000o\000-\000Z\000o\000m\000e\000\040\000R\000e\000s\000o\000l\000u\000t\000i\000o\000n}{section.3}% 8
\BOOKMARK [1][-]{section.4}{\376\377\000S\000e\000c\000u\000r\000i\000t\000y\000\040\000L\000a\000y\000e\000r}{}% 9
\BOOKMARK [2][-]{subsection.4.1}{\376\377\000C\000o\000n\000s\000c\000i\000o\000u\000s\000n\000e\000s\000s\000-\000G\000a\000t\000e\000d\000\040\000D\000i\000s\000p\000a\000t\000c\000h}{section.4}% 10
\BOOKMARK [2][-]{subsection.4.2}{\376\377\000A\000l\000l\000o\000w\000l\000i\000s\000t\000s}{section.4}% 11
\BOOKMARK [2][-]{subsection.4.3}{\376\377\000R\000a\000t\000e\000\040\000L\000i\000m\000i\000t\000i\000n\000g}{section.4}% 12
\BOOKMARK [1][-]{section.5}{\376\377\000S\000c\000h\000e\000m\000a\000\040\000V\000e\000r\000s\000i\000o\000n\000i\000n\000g}{}% 13
\BOOKMARK [2][-]{subsection.5.1}{\376\377\000E\000n\000t\000r\000y\000\040\000T\000y\000p\000e\000\040\000E\000v\000o\000l\000u\000t\000i\000o\000n}{section.5}% 14
\BOOKMARK [2][-]{subsection.5.2}{\376\377\000F\000o\000r\000w\000a\000r\000d\000\040\000C\000o\000m\000p\000a\000t\000i\000b\000i\000l\000i\000t\000y}{section.5}% 15
\BOOKMARK [1][-]{section.6}{\376\377\000T\000e\000s\000t\000i\000n\000g}{}% 16
\BOOKMARK [2][-]{subsection.6.1}{\376\377\0002\0009\0005\000+\000\040\000T\000e\000s\000t\000\040\000S\000u\000i\000t\000e}{section.6}% 17
\BOOKMARK [2][-]{subsection.6.2}{\376\377\000P\000r\000o\000p\000e\000r\000t\000y\000-\000B\000a\000s\000e\000d\000\040\000T\000e\000s\000t\000s}{section.6}% 18
\BOOKMARK [2][-]{subsection.6.3}{\376\377\000E\000n\000t\000r\000y\000\040\000T\000y\000p\000e\000\040\000T\000e\000s\000t\000s}{section.6}% 19
\BOOKMARK [1][-]{section.7}{\376\377\000A\000r\000c\000h\000i\000t\000e\000c\000t\000u\000r\000a\000l\000\040\000B\000e\000n\000e\000f\000i\000t\000s}{}% 20
\BOOKMARK [2][-]{subsection.7.1}{\376\377\000C\000o\000m\000p\000i\000l\000e\000-\000T\000i\000m\000e\000\040\000S\000a\000f\000e\000t\000y}{section.7}% 21
\BOOKMARK [2][-]{subsection.7.2}{\376\377\000S\000i\000n\000g\000l\000e\000\040\000S\000o\000u\000r\000c\000e\000\040\000o\000f\000\040\000T\000r\000u\000t\000h}{section.7}% 22
\BOOKMARK [1][-]{section.8}{\376\377\000P\000e\000r\000f\000o\000r\000m\000a\000n\000c\000e}{}% 23
\BOOKMARK [2][-]{subsection.8.1}{\376\377\000D\000i\000s\000p\000a\000t\000c\000h\000\040\000O\000v\000e\000r\000h\000e\000a\000d}{section.8}% 24
\BOOKMARK [1][-]{section.9}{\376\377\000R\000e\000l\000a\000t\000e\000d\000\040\000W\000o\000r\000k}{}% 25
\BOOKMARK [1][-]{section.10}{\376\377\000L\000i\000m\000i\000t\000a\000t\000i\000o\000n\000s\000\040\000a\000n\000d\000\040\000F\000u\000t\000u\000r\000e\000\040\000W\000o\000r\000k}{}% 26
\BOOKMARK [1][-]{section.11}{\376\377\000C\000o\000n\000c\000l\000u\000s\000i\000o\000n}{}% 27
