\BOOKMARK [1][-]{section.1}{\376\377\000I\000n\000t\000r\000o\000d\000u\000c\000t\000i\000o\000n}{}% 1
\BOOKMARK [1][-]{section.2}{\376\377\000A\000r\000c\000h\000i\000t\000e\000c\000t\000u\000r\000e}{}% 2
\BOOKMARK [2][-]{subsection.2.1}{\376\377\000E\000i\000g\000h\000t\000\040\000Z\000o\000m\000e\000s}{section.2}% 3
\BOOKMARK [2][-]{subsection.2.2}{\376\377\000H\000o\000l\000o\000c\000h\000a\000i\000n\000\040\000A\000d\000v\000a\000n\000t\000a\000g\000e\000s\000\040\000f\000o\000r\000\040\000F\000i\000n\000a\000n\000c\000e}{section.2}% 4
\BOOKMARK [1][-]{section.3}{\376\377\000S\000A\000P\000:\000\040\000S\000t\000a\000b\000l\000e\000\040\000U\000n\000i\000t\000\040\000o\000f\000\040\000A\000c\000c\000o\000u\000n\000t}{}% 5
\BOOKMARK [2][-]{subsection.3.1}{\376\377\000B\000a\000s\000k\000e\000t\000\040\000B\000a\000c\000k\000i\000n\000g}{section.3}% 6
\BOOKMARK [2][-]{subsection.3.2}{\376\377\000M\000i\000n\000t\000i\000n\000g}{section.3}% 7
\BOOKMARK [1][-]{section.4}{\376\377\000T\000E\000N\000D\000:\000\040\000M\000u\000t\000u\000a\000l\000\040\000C\000r\000e\000d\000i\000t\000\040\000W\000i\000t\000h\000o\000u\000t\000\040\000D\000e\000m\000u\000r\000r\000a\000g\000e}{}% 8
\BOOKMARK [2][-]{subsection.4.1}{\376\377\000M\000u\000t\000u\000a\000l\000\040\000C\000r\000e\000d\000i\000t}{section.4}% 9
\BOOKMARK [2][-]{subsection.4.2}{\376\377\000B\000a\000l\000a\000n\000c\000e\000\040\000D\000i\000s\000c\000i\000p\000l\000i\000n\000e}{section.4}% 10
\BOOKMARK [2][-]{subsection.4.3}{\376\377\000C\000o\000n\000c\000u\000r\000r\000e\000n\000t\000\040\000D\000e\000m\000u\000r\000r\000a\000g\000e}{section.4}% 11
\BOOKMARK [1][-]{section.5}{\376\377\000M\000Y\000C\000E\000L\000:\000\040\000C\000o\000m\000m\000o\000n\000s\000\040\000C\000u\000r\000r\000e\000n\000c\000y}{}% 12
\BOOKMARK [2][-]{subsection.5.1}{\376\377\000C\000o\000l\000l\000e\000c\000t\000i\000v\000e\000\040\000S\000t\000e\000w\000a\000r\000d\000s\000h\000i\000p}{section.5}% 13
\BOOKMARK [2][-]{subsection.5.2}{\376\377\000S\000t\000a\000k\000i\000n\000g}{section.5}% 14
\BOOKMARK [1][-]{section.6}{\376\377\000C\000o\000n\000s\000c\000i\000o\000u\000s\000n\000e\000s\000s\000-\000G\000a\000t\000e\000d\000\040\000T\000r\000e\000a\000s\000u\000r\000y}{}% 15
\BOOKMARK [2][-]{subsection.6.1}{\376\377\000T\000i\000e\000r\000e\000d\000\040\000A\000c\000c\000e\000s\000s}{section.6}% 16
\BOOKMARK [2][-]{subsection.6.2}{\376\377\000S\000h\000a\000r\000e\000d\000\040\000V\000e\000r\000i\000f\000i\000c\000a\000t\000i\000o\000n\000\040\000F\000u\000n\000c\000t\000i\000o\000n\000s}{section.6}% 17
\BOOKMARK [1][-]{section.7}{\376\377\000P\000r\000i\000c\000e\000\040\000O\000r\000a\000c\000l\000e}{}% 18
\BOOKMARK [2][-]{subsection.7.1}{\376\377\000D\000e\000c\000e\000n\000t\000r\000a\000l\000i\000z\000e\000d\000\040\000P\000r\000i\000c\000e\000\040\000F\000e\000e\000d\000s}{section.7}% 19
\BOOKMARK [2][-]{subsection.7.2}{\376\377\000H\000a\000r\000d\000e\000n\000i\000n\000g}{section.7}% 20
\BOOKMARK [1][-]{section.8}{\376\377\000C\000u\000r\000r\000e\000n\000c\000y\000\040\000C\000o\000m\000p\000o\000s\000t\000i\000n\000g}{}% 21
\BOOKMARK [2][-]{subsection.8.1}{\376\377\000L\000i\000f\000e\000c\000y\000c\000l\000e}{section.8}% 22
\BOOKMARK [2][-]{subsection.8.2}{\376\377\000I\000d\000e\000m\000p\000o\000t\000e\000n\000c\000y}{section.8}% 23
\BOOKMARK [2][-]{subsection.8.3}{\376\377\000Z\000e\000r\000o\000-\000S\000u\000m\000\040\000I\000n\000v\000a\000r\000i\000a\000n\000t}{section.8}% 24
\BOOKMARK [1][-]{section.9}{\376\377\000S\000y\000b\000i\000l\000\040\000R\000e\000s\000i\000s\000t\000a\000n\000c\000e\000\040\000i\000n\000\040\000F\000i\000n\000a\000n\000c\000e}{}% 25
\BOOKMARK [1][-]{section.10}{\376\377\000N\000o\000n\000-\000M\000o\000n\000e\000t\000a\000r\000y\000\040\000R\000e\000c\000o\000g\000n\000i\000t\000i\000o\000n}{}% 26
\BOOKMARK [1][-]{section.11}{\376\377\000E\000v\000a\000l\000u\000a\000t\000i\000o\000n}{}% 27
\BOOKMARK [2][-]{subsection.11.1}{\376\377\000S\000e\000c\000u\000r\000i\000t\000y\000\040\000H\000a\000r\000d\000e\000n\000i\000n\000g\000\040\000R\000e\000s\000u\000l\000t\000s}{section.11}% 28
\BOOKMARK [2][-]{subsection.11.2}{\376\377\000D\000e\000s\000i\000g\000n\000\040\000T\000r\000a\000d\000e\000-\000o\000f\000f\000s}{section.11}% 29
\BOOKMARK [1][-]{section.12}{\376\377\000R\000e\000l\000a\000t\000e\000d\000\040\000W\000o\000r\000k}{}% 30
\BOOKMARK [1][-]{section.13}{\376\377\000C\000o\000n\000c\000l\000u\000s\000i\000o\000n}{}% 31
