This is pdfTeX, Version 3.141592653-2.6-1.40.27 (TeX Live 2025/nixos.org) (preloaded format=pdflatex 1980.1.1)  8 APR 2026 22:21
entering extended mode
 restricted \write18 enabled.
 %&-line parsing enabled.
**holochain_finance.tex
(./holochain_finance.tex
LaTeX2e <2025-06-01> patch level 1
L3 programming layer <2025-06-09>

(/nix/store/gbjynyw6xb5zr0qhvykyih46lr1s66mk-texlive-combined-2025/tex/latex/ba
se/article.cls
Document Class: article 2025/01/22 v1.4n Standard LaTeX document class

(/nix/store/gbjynyw6xb5zr0qhvykyih46lr1s66mk-texlive-combined-2025/tex/latex/ba
se/size11.clo
File: size11.clo 2025/01/22 v1.4n Standard LaTeX file (size option)
)
\c@part=\count275
\c@section=\count276
\c@subsection=\count277
\c@subsubsection=\count278
\c@paragraph=\count279
\c@subparagraph=\count280
\c@figure=\count281
\c@table=\count282
\abovecaptionskip=\skip49
\belowcaptionskip=\skip50
\bibindent=\dimen148
)
(/nix/store/gbjynyw6xb5zr0qhvykyih46lr1s66mk-texlive-combined-2025/tex/latex/ge
ometry/geometry.sty
Package: geometry 2020/01/02 v5.9 Page Geometry

(/nix/store/gbjynyw6xb5zr0qhvykyih46lr1s66mk-texlive-combined-2025/tex/latex/gr
aphics/keyval.sty
Package: keyval 2022/05/29 v1.15 key=value parser (DPC)
\KV@toks@=\toks17
)
(/nix/store/gbjynyw6xb5zr0qhvykyih46lr1s66mk-texlive-combined-2025/tex/generic/
iftex/ifvtex.sty
Package: ifvtex 2019/10/25 v1.7 ifvtex legacy package. Use iftex instead.

(/nix/store/gbjynyw6xb5zr0qhvykyih46lr1s66mk-texlive-combined-2025/tex/generic/
iftex/iftex.sty
Package: iftex 2024/12/12 v1.0g TeX engine tests
))
\Gm@cnth=\count283
\Gm@cntv=\count284
\c@Gm@tempcnt=\count285
\Gm@bindingoffset=\dimen149
\Gm@wd@mp=\dimen150
\Gm@odd@mp=\dimen151
\Gm@even@mp=\dimen152
\Gm@layoutwidth=\dimen153
\Gm@layoutheight=\dimen154
\Gm@layouthoffset=\dimen155
\Gm@layoutvoffset=\dimen156
\Gm@dimlist=\toks18
)
(/nix/store/gbjynyw6xb5zr0qhvykyih46lr1s66mk-texlive-combined-2025/tex/latex/am
smath/amsmath.sty
Package: amsmath 2025/06/16 v2.17y AMS math features
\@mathmargin=\skip51

For additional information on amsmath, use the `?' option.

(/nix/store/gbjynyw6xb5zr0qhvykyih46lr1s66mk-texlive-combined-2025/tex/latex/am
smath/amstext.sty
Package: amstext 2024/11/17 v2.01 AMS text

(/nix/store/gbjynyw6xb5zr0qhvykyih46lr1s66mk-texlive-combined-2025/tex/latex/am
smath/amsgen.sty
File: amsgen.sty 1999/11/30 v2.0 generic functions
\@emptytoks=\toks19
\ex@=\dimen157
))
(/nix/store/gbjynyw6xb5zr0qhvykyih46lr1s66mk-texlive-combined-2025/tex/latex/am
smath/amsbsy.sty
Package: amsbsy 1999/11/29 v1.2d Bold Symbols
\pmbraise@=\dimen158
)
(/nix/store/gbjynyw6xb5zr0qhvykyih46lr1s66mk-texlive-combined-2025/tex/latex/am
smath/amsopn.sty
Package: amsopn 2022/04/08 v2.04 operator names
)
\inf@bad=\count286
LaTeX Info: Redefining \frac on input line 233.
\uproot@=\count287
\leftroot@=\count288
LaTeX Info: Redefining \overline on input line 398.
LaTeX Info: Redefining \colon on input line 409.
\classnum@=\count289
\DOTSCASE@=\count290
LaTeX Info: Redefining \ldots on input line 495.
LaTeX Info: Redefining \dots on input line 498.
LaTeX Info: Redefining \cdots on input line 619.
\Mathstrutbox@=\box53
\strutbox@=\box54
LaTeX Info: Redefining \big on input line 721.
LaTeX Info: Redefining \Big on input line 722.
LaTeX Info: Redefining \bigg on input line 723.
LaTeX Info: Redefining \Bigg on input line 724.
\big@size=\dimen159
LaTeX Font Info:    Redeclaring font encoding OML on input line 742.
LaTeX Font Info:    Redeclaring font encoding OMS on input line 743.
\macc@depth=\count291
LaTeX Info: Redefining \bmod on input line 904.
LaTeX Info: Redefining \pmod on input line 909.
LaTeX Info: Redefining \smash on input line 939.
LaTeX Info: Redefining \relbar on input line 969.
LaTeX Info: Redefining \Relbar on input line 970.
\c@MaxMatrixCols=\count292
\dotsspace@=\muskip17
\c@parentequation=\count293
\dspbrk@lvl=\count294
\tag@help=\toks20
\row@=\count295
\column@=\count296
\maxfields@=\count297
\andhelp@=\toks21
\eqnshift@=\dimen160
\alignsep@=\dimen161
\tagshift@=\dimen162
\tagwidth@=\dimen163
\totwidth@=\dimen164
\lineht@=\dimen165
\@envbody=\toks22
\multlinegap=\skip52
\multlinetaggap=\skip53
\mathdisplay@stack=\toks23
LaTeX Info: Redefining \[ on input line 2949.
LaTeX Info: Redefining \] on input line 2950.
)
(/nix/store/gbjynyw6xb5zr0qhvykyih46lr1s66mk-texlive-combined-2025/tex/latex/am
sfonts/amssymb.sty
Package: amssymb 2013/01/14 v3.01 AMS font symbols

(/nix/store/gbjynyw6xb5zr0qhvykyih46lr1s66mk-texlive-combined-2025/tex/latex/am
sfonts/amsfonts.sty
Package: amsfonts 2013/01/14 v3.01 Basic AMSFonts support
\symAMSa=\mathgroup4
\symAMSb=\mathgroup5
LaTeX Font Info:    Redeclaring math symbol \hbar on input line 98.
LaTeX Font Info:    Overwriting math alphabet `\mathfrak' in version `bold'
(Font)                  U/euf/m/n --> U/euf/b/n on input line 106.
))
(/nix/store/gbjynyw6xb5zr0qhvykyih46lr1s66mk-texlive-combined-2025/tex/latex/am
scls/amsthm.sty
Package: amsthm 2020/05/29 v2.20.6
\thm@style=\toks24
\thm@bodyfont=\toks25
\thm@headfont=\toks26
\thm@notefont=\toks27
\thm@headpunct=\toks28
\thm@preskip=\skip54
\thm@postskip=\skip55
\thm@headsep=\skip56
\dth@everypar=\toks29
)
(/nix/store/gbjynyw6xb5zr0qhvykyih46lr1s66mk-texlive-combined-2025/tex/latex/gr
aphics/graphicx.sty
Package: graphicx 2024/12/31 v1.2e Enhanced LaTeX Graphics (DPC,SPQR)

(/nix/store/gbjynyw6xb5zr0qhvykyih46lr1s66mk-texlive-combined-2025/tex/latex/gr
aphics/graphics.sty
Package: graphics 2024/08/06 v1.4g Standard LaTeX Graphics (DPC,SPQR)

(/nix/store/gbjynyw6xb5zr0qhvykyih46lr1s66mk-texlive-combined-2025/tex/latex/gr
aphics/trig.sty
Package: trig 2023/12/02 v1.11 sin cos tan (DPC)
)
(/nix/store/gbjynyw6xb5zr0qhvykyih46lr1s66mk-texlive-combined-2025/tex/latex/gr
aphics-cfg/graphics.cfg
File: graphics.cfg 2016/06/04 v1.11 sample graphics configuration
)
Package graphics Info: Driver file: pdftex.def on input line 106.

(/nix/store/gbjynyw6xb5zr0qhvykyih46lr1s66mk-texlive-combined-2025/tex/latex/gr
aphics-def/pdftex.def
File: pdftex.def 2024/04/13 v1.2c Graphics/color driver for pdftex
))
\Gin@req@height=\dimen166
\Gin@req@width=\dimen167
)
(/nix/store/gbjynyw6xb5zr0qhvykyih46lr1s66mk-texlive-combined-2025/tex/latex/hy
perref/hyperref.sty
Package: hyperref 2025-06-21 v7.01n Hypertext links for LaTeX

(/nix/store/gbjynyw6xb5zr0qhvykyih46lr1s66mk-texlive-combined-2025/tex/latex/kv
setkeys/kvsetkeys.sty
Package: kvsetkeys 2022-10-05 v1.19 Key value parser (HO)
)
(/nix/store/gbjynyw6xb5zr0qhvykyih46lr1s66mk-texlive-combined-2025/tex/generic/
kvdefinekeys/kvdefinekeys.sty
Package: kvdefinekeys 2019-12-19 v1.6 Define keys (HO)
)
(/nix/store/gbjynyw6xb5zr0qhvykyih46lr1s66mk-texlive-combined-2025/tex/generic/
pdfescape/pdfescape.sty
Package: pdfescape 2019/12/09 v1.15 Implements pdfTeX's escape features (HO)

(/nix/store/gbjynyw6xb5zr0qhvykyih46lr1s66mk-texlive-combined-2025/tex/generic/
ltxcmds/ltxcmds.sty
Package: ltxcmds 2023-12-04 v1.26 LaTeX kernel commands for general use (HO)
)
(/nix/store/gbjynyw6xb5zr0qhvykyih46lr1s66mk-texlive-combined-2025/tex/generic/
pdftexcmds/pdftexcmds.sty
Package: pdftexcmds 2020-06-27 v0.33 Utility functions of pdfTeX for LuaTeX (HO
)

(/nix/store/gbjynyw6xb5zr0qhvykyih46lr1s66mk-texlive-combined-2025/tex/generic/
infwarerr/infwarerr.sty
Package: infwarerr 2019/12/03 v1.5 Providing info/warning/error messages (HO)
)
Package pdftexcmds Info: \pdf@primitive is available.
Package pdftexcmds Info: \pdf@ifprimitive is available.
Package pdftexcmds Info: \pdfdraftmode found.
))
(/nix/store/gbjynyw6xb5zr0qhvykyih46lr1s66mk-texlive-combined-2025/tex/latex/hy
color/hycolor.sty
Package: hycolor 2020-01-27 v1.10 Color options for hyperref/bookmark (HO)
)
(/nix/store/gbjynyw6xb5zr0qhvykyih46lr1s66mk-texlive-combined-2025/tex/latex/hy
perref/nameref.sty
Package: nameref 2025-06-21 v2.57 Cross-referencing by name of section

(/nix/store/gbjynyw6xb5zr0qhvykyih46lr1s66mk-texlive-combined-2025/tex/latex/re
fcount/refcount.sty
Package: refcount 2019/12/15 v3.6 Data extraction from label references (HO)
)
(/nix/store/gbjynyw6xb5zr0qhvykyih46lr1s66mk-texlive-combined-2025/tex/generic/
gettitlestring/gettitlestring.sty
Package: gettitlestring 2019/12/15 v1.6 Cleanup title references (HO)

(/nix/store/gbjynyw6xb5zr0qhvykyih46lr1s66mk-texlive-combined-2025/tex/latex/kv
options/kvoptions.sty
Package: kvoptions 2022-06-15 v3.15 Key value format for package options (HO)
))
\c@section@level=\count298
)
(/nix/store/gbjynyw6xb5zr0qhvykyih46lr1s66mk-texlive-combined-2025/tex/latex/et
oolbox/etoolbox.sty
Package: etoolbox 2025/02/11 v2.5l e-TeX tools for LaTeX (JAW)
\etb@tempcnta=\count299
)
(/nix/store/gbjynyw6xb5zr0qhvykyih46lr1s66mk-texlive-combined-2025/tex/generic/
stringenc/stringenc.sty
Package: stringenc 2019/11/29 v1.12 Convert strings between diff. encodings (HO
)
)
\@linkdim=\dimen168
\Hy@linkcounter=\count300
\Hy@pagecounter=\count301

(/nix/store/gbjynyw6xb5zr0qhvykyih46lr1s66mk-texlive-combined-2025/tex/latex/hy
perref/pd1enc.def
File: pd1enc.def 2025-06-21 v7.01n Hyperref: PDFDocEncoding definition (HO)
Now handling font encoding PD1 ...
... no UTF-8 mapping file for font encoding PD1
)
(/nix/store/gbjynyw6xb5zr0qhvykyih46lr1s66mk-texlive-combined-2025/tex/generic/
intcalc/intcalc.sty
Package: intcalc 2019/12/15 v1.3 Expandable calculations with integers (HO)
)
\Hy@SavedSpaceFactor=\count302

(/nix/store/gbjynyw6xb5zr0qhvykyih46lr1s66mk-texlive-combined-2025/tex/latex/hy
perref/puenc.def
File: puenc.def 2025-06-21 v7.01n Hyperref: PDF Unicode definition (HO)
Now handling font encoding PU ...
... no UTF-8 mapping file for font encoding PU
)
Package hyperref Info: Hyper figures OFF on input line 4181.
Package hyperref Info: Link nesting OFF on input line 4186.
Package hyperref Info: Hyper index ON on input line 4189.
Package hyperref Info: Plain pages OFF on input line 4196.
Package hyperref Info: Backreferencing OFF on input line 4201.
Package hyperref Info: Implicit mode ON; LaTeX internals redefined.
Package hyperref Info: Bookmarks ON on input line 4448.
\c@Hy@tempcnt=\count303

(/nix/store/gbjynyw6xb5zr0qhvykyih46lr1s66mk-texlive-combined-2025/tex/latex/ur
l/url.sty
\Urlmuskip=\muskip18
Package: url 2013/09/16  ver 3.4  Verb mode for urls, etc.
)
LaTeX Info: Redefining \url on input line 4787.
\XeTeXLinkMargin=\dimen169

(/nix/store/gbjynyw6xb5zr0qhvykyih46lr1s66mk-texlive-combined-2025/tex/generic/
bitset/bitset.sty
Package: bitset 2019/12/09 v1.3 Handle bit-vector datatype (HO)

(/nix/store/gbjynyw6xb5zr0qhvykyih46lr1s66mk-texlive-combined-2025/tex/generic/
bigintcalc/bigintcalc.sty
Package: bigintcalc 2019/12/15 v1.5 Expandable calculations on big integers (HO
)
))
\Fld@menulength=\count304
\Field@Width=\dimen170
\Fld@charsize=\dimen171
Package hyperref Info: Hyper figures OFF on input line 6066.
Package hyperref Info: Link nesting OFF on input line 6071.
Package hyperref Info: Hyper index ON on input line 6074.
Package hyperref Info: backreferencing OFF on input line 6081.
Package hyperref Info: Link coloring OFF on input line 6086.
Package hyperref Info: Link coloring with OCG OFF on input line 6091.
Package hyperref Info: PDF/A mode OFF on input line 6096.
\Hy@abspage=\count305
\c@Item=\count306
\c@Hfootnote=\count307
)
Package hyperref Info: Driver (autodetected): hpdftex.

(/nix/store/gbjynyw6xb5zr0qhvykyih46lr1s66mk-texlive-combined-2025/tex/latex/hy
perref/hpdftex.def
File: hpdftex.def 2025-06-21 v7.01n Hyperref driver for pdfTeX
\Fld@listcount=\count308
\c@bookmark@seq@number=\count309

(/nix/store/gbjynyw6xb5zr0qhvykyih46lr1s66mk-texlive-combined-2025/tex/latex/re
runfilecheck/rerunfilecheck.sty
Package: rerunfilecheck 2025-06-21 v1.11 Rerun checks for auxiliary files (HO)

(/nix/store/gbjynyw6xb5zr0qhvykyih46lr1s66mk-texlive-combined-2025/tex/generic/
uniquecounter/uniquecounter.sty
Package: uniquecounter 2019/12/15 v1.4 Provide unlimited unique counter (HO)
)
Package uniquecounter Info: New unique counter `rerunfilecheck' on input line 2
84.
)
\Hy@SectionHShift=\skip57
)
(/nix/store/gbjynyw6xb5zr0qhvykyih46lr1s66mk-texlive-combined-2025/tex/latex/li
stings/listings.sty
\lst@mode=\count310
\lst@gtempboxa=\box55
\lst@token=\toks30
\lst@length=\count311
\lst@currlwidth=\dimen172
\lst@column=\count312
\lst@pos=\count313
\lst@lostspace=\dimen173
\lst@width=\dimen174
\lst@newlines=\count314
\lst@lineno=\count315
\lst@maxwidth=\dimen175

(/nix/store/gbjynyw6xb5zr0qhvykyih46lr1s66mk-texlive-combined-2025/tex/latex/li
stings/lstpatch.sty
File: lstpatch.sty 2024/09/23 1.10c (Carsten Heinz)
)
(/nix/store/gbjynyw6xb5zr0qhvykyih46lr1s66mk-texlive-combined-2025/tex/latex/li
stings/lstmisc.sty
File: lstmisc.sty 2024/09/23 1.10c (Carsten Heinz)
\c@lstnumber=\count316
\lst@skipnumbers=\count317
\lst@framebox=\box56
)
(/nix/store/gbjynyw6xb5zr0qhvykyih46lr1s66mk-texlive-combined-2025/tex/latex/li
stings/listings.cfg
File: listings.cfg 2024/09/23 1.10c listings configuration
))
Package: listings 2024/09/23 1.10c (Carsten Heinz)

(/nix/store/gbjynyw6xb5zr0qhvykyih46lr1s66mk-texlive-combined-2025/tex/latex/xc
olor/xcolor.sty
Package: xcolor 2024/09/29 v3.02 LaTeX color extensions (UK)

(/nix/store/gbjynyw6xb5zr0qhvykyih46lr1s66mk-texlive-combined-2025/tex/latex/gr
aphics-cfg/color.cfg
File: color.cfg 2016/01/02 v1.6 sample color configuration
)
Package xcolor Info: Driver file: pdftex.def on input line 274.

(/nix/store/gbjynyw6xb5zr0qhvykyih46lr1s66mk-texlive-combined-2025/tex/latex/gr
aphics/mathcolor.ltx)
Package xcolor Info: Model `cmy' substituted by `cmy0' on input line 1349.
Package xcolor Info: Model `hsb' substituted by `rgb' on input line 1353.
Package xcolor Info: Model `RGB' extended on input line 1365.
Package xcolor Info: Model `HTML' substituted by `rgb' on input line 1367.
Package xcolor Info: Model `Hsb' substituted by `hsb' on input line 1368.
Package xcolor Info: Model `tHsb' substituted by `hsb' on input line 1369.
Package xcolor Info: Model `HSB' substituted by `hsb' on input line 1370.
Package xcolor Info: Model `Gray' substituted by `gray' on input line 1371.
Package xcolor Info: Model `wave' substituted by `hsb' on input line 1372.
)
(/nix/store/gbjynyw6xb5zr0qhvykyih46lr1s66mk-texlive-combined-2025/tex/latex/bo
oktabs/booktabs.sty
Package: booktabs 2020/01/12 v1.61803398 Publication quality tables
\heavyrulewidth=\dimen176
\lightrulewidth=\dimen177
\cmidrulewidth=\dimen178
\belowrulesep=\dimen179
\belowbottomsep=\dimen180
\aboverulesep=\dimen181
\abovetopsep=\dimen182
\cmidrulesep=\dimen183
\cmidrulekern=\dimen184
\defaultaddspace=\dimen185
\@cmidla=\count318
\@cmidlb=\count319
\@aboverulesep=\dimen186
\@belowrulesep=\dimen187
\@thisruleclass=\count320
\@lastruleclass=\count321
\@thisrulewidth=\dimen188
)
(/nix/store/gbjynyw6xb5zr0qhvykyih46lr1s66mk-texlive-combined-2025/tex/latex/en
umitem/enumitem.sty
Package: enumitem 2025/02/06 v3.11 Customized lists
\labelindent=\skip58
\enit@outerparindent=\dimen189
\enit@toks=\toks31
\enit@inbox=\box57
\enit@count@id=\count322
\enitdp@description=\count323
)
Package hyperref Info: Option `colorlinks' set `true' on input line 12.
\c@definition=\count324
\c@theorem=\count325
\c@proposition=\count326

(/nix/store/gbjynyw6xb5zr0qhvykyih46lr1s66mk-texlive-combined-2025/tex/latex/l3
backend/l3backend-pdftex.def
File: l3backend-pdftex.def 2025-06-09 L3 backend support: PDF output (pdfTeX)
\l__color_backend_stack_int=\count327
) (./holochain_finance.aux)
\openout1 = `holochain_finance.aux'.

LaTeX Font Info:    Checking defaults for OML/cmm/m/it on input line 41.
LaTeX Font Info:    ... okay on input line 41.
LaTeX Font Info:    Checking defaults for OMS/cmsy/m/n on input line 41.
LaTeX Font Info:    ... okay on input line 41.
LaTeX Font Info:    Checking defaults for OT1/cmr/m/n on input line 41.
LaTeX Font Info:    ... okay on input line 41.
LaTeX Font Info:    Checking defaults for T1/cmr/m/n on input line 41.
LaTeX Font Info:    ... okay on input line 41.
LaTeX Font Info:    Checking defaults for TS1/cmr/m/n on input line 41.
LaTeX Font Info:    ... okay on input line 41.
LaTeX Font Info:    Checking defaults for OMX/cmex/m/n on input line 41.
LaTeX Font Info:    ... okay on input line 41.
LaTeX Font Info:    Checking defaults for U/cmr/m/n on input line 41.
LaTeX Font Info:    ... okay on input line 41.
LaTeX Font Info:    Checking defaults for PD1/pdf/m/n on input line 41.
LaTeX Font Info:    ... okay on input line 41.
LaTeX Font Info:    Checking defaults for PU/pdf/m/n on input line 41.
LaTeX Font Info:    ... okay on input line 41.

*geometry* driver: auto-detecting
*geometry* detected driver: pdftex
*geometry* verbose mode - [ preamble ] result:
* driver: pdftex
* paper: <default>
* layout: <same size as paper>
* layoutoffset:(h,v)=(0.0pt,0.0pt)
* modes: 
* h-part:(L,W,R)=(72.26999pt, 469.75502pt, 72.26999pt)
* v-part:(T,H,B)=(72.26999pt, 650.43001pt, 72.26999pt)
* \paperwidth=614.295pt
* \paperheight=794.96999pt
* \textwidth=469.75502pt
* \textheight=650.43001pt
* \oddsidemargin=0.0pt
* \evensidemargin=0.0pt
* \topmargin=-37.0pt
* \headheight=12.0pt
* \headsep=25.0pt
* \topskip=11.0pt
* \footskip=30.0pt
* \marginparwidth=4.0pt
* \marginparsep=10.0pt
* \columnsep=10.0pt
* \skip\footins=10.0pt plus 4.0pt minus 2.0pt
* \hoffset=0.0pt
* \voffset=0.0pt
* \mag=1000
* \@twocolumntrue
* \@twosidefalse
* \@mparswitchfalse
* \@reversemarginfalse
* (1in=72.27pt=25.4mm, 1cm=28.453pt)


(/nix/store/gbjynyw6xb5zr0qhvykyih46lr1s66mk-texlive-combined-2025/tex/context/
base/mkii/supp-pdf.mkii
[Loading MPS to PDF converter (version 2006.09.02).]
\scratchcounter=\count328
\scratchdimen=\dimen190
\scratchbox=\box58
\nofMPsegments=\count329
\nofMParguments=\count330
\everyMPshowfont=\toks32
\MPscratchCnt=\count331
\MPscratchDim=\dimen191
\MPnumerator=\count332
\makeMPintoPDFobject=\count333
\everyMPtoPDFconversion=\toks33
)
(/nix/store/gbjynyw6xb5zr0qhvykyih46lr1s66mk-texlive-combined-2025/tex/latex/ep
stopdf-pkg/epstopdf-base.sty
Package: epstopdf-base 2020-01-24 v2.11 Base part for package epstopdf
Package epstopdf-base Info: Redefining graphics rule for `.eps' on input line 4
85.

(/nix/store/gbjynyw6xb5zr0qhvykyih46lr1s66mk-texlive-combined-2025/tex/latex/la
texconfig/epstopdf-sys.cfg
File: epstopdf-sys.cfg 2010/07/13 v1.3 Configuration of (r)epstopdf for TeX Liv
e
))
Package hyperref Info: Link coloring ON on input line 41.
 (./holochain_finance.out) (./holochain_finance.out)
\@outlinefile=\write3
\openout3 = `holochain_finance.out'.

\c@lstlisting=\count334
LaTeX Font Info:    Trying to load font information for U+msa on input line 64.


(/nix/store/gbjynyw6xb5zr0qhvykyih46lr1s66mk-texlive-combined-2025/tex/latex/am
sfonts/umsa.fd
File: umsa.fd 2013/01/14 v3.01 AMS symbols A
)
LaTeX Font Info:    Trying to load font information for U+msb on input line 64.


(/nix/store/gbjynyw6xb5zr0qhvykyih46lr1s66mk-texlive-combined-2025/tex/latex/am
sfonts/umsb.fd
File: umsb.fd 2013/01/14 v3.01 AMS symbols B
)
Underfull \hbox (badness 2245) in paragraph at lines 73--77
\OT1/cmr/m/n/10.95 banks, mu-tual credit networks---provide re-
 []


Underfull \hbox (badness 10000) in paragraph at lines 82--84
[]\OT1/cmr/m/n/10.95 Stable unit of ac-count.
 []


Underfull \hbox (badness 1184) in paragraph at lines 82--84
\OT1/cmr/m/n/10.95 Backed by a bas-ket of real goods and
 []


Underfull \vbox (badness 1210) has occurred while \output is active []




Underfull \hbox (badness 2126) in paragraph at lines 97--99
\OT1/cmr/m/n/10.95 all three cur-ren-cies. Mint-ing re-quires
 []



[1{/nix/store/0i34cviqgk9krblparid39ij9nzzsnf3-texlive-combined-2025/share/texm
f-var/fonts/map/pdftex/updmap/pdftex.map}


]
Underfull \hbox (badness 1448) in paragraph at lines 106--108
[]\OT1/cmr/bx/n/10.95 recognition\OT1/cmr/m/n/10.95 : Non-monetary recog-ni-tio
n
 []


Underfull \hbox (badness 1377) in paragraph at lines 118--121
\OT1/cmr/m/n/10.95 spend would re-quire fork-ing the source
 []





[2{/nix/store/gbjynyw6xb5zr0qhvykyih46lr1s66mk-texlive-combined-2025/fonts/enc/
dvips/cm-super/cm-super-ts1.enc}]
Underfull \hbox (badness 10000) in paragraph at lines 213--213
[]\OT1/cmr/bx/n/14.4 MYCEL: Com-mons Cur-
 []


Underfull \hbox (badness 10000) in paragraph at lines 219--220
[]\OT1/cmr/m/n/10.95 Minted by community-wide con-sen-sus
 []


Underfull \hbox (badness 1478) in paragraph at lines 229--230
[]\OT1/cmr/m/n/10.95 Governance weight am-pli-fi-ca-tion (staked
 []




Underfull \hbox (badness 3579) in paragraph at lines 231--232
[]\OT1/cmr/m/n/10.95 Commitment sig-nal-ing (stak-ing demon-
 []


Underfull \hbox (badness 10000) in paragraph at lines 237--237
[]\OT1/cmr/bx/n/14.4 Consciousness-Gated Trea-
 []


Overfull \hbox (97.40746pt too wide) in paragraph at lines 245--257
 [][] 
 []


Underfull \hbox (badness 4416) in paragraph at lines 262--264
\OT1/cmr/m/n/10.95 All 10 consciousness-gated fi-nan-cial op-er-a-
 []

LaTeX Font Info:    Font shape `OT1/cmtt/bx/n' in size <8> not available
(Font)              Font shape `OT1/cmtt/m/n' tried instead on input line 266.


[3]
Underfull \hbox (badness 4291) in paragraph at lines 313--316
[]\OT1/cmr/bx/n/10.95 TEND race con-di-tion\OT1/cmr/m/n/10.95 : Con-cur-rent
 []


Underfull \vbox (badness 1960) has occurred while \output is active []




Underfull \hbox (badness 2735) in paragraph at lines 364--366
[]\OT1/cmr/bx/n/10.95 Reputation con-se-quences\OT1/cmr/m/n/10.95 : Fi-nan-cial

 []


Underfull \hbox (badness 2343) in paragraph at lines 364--366
\OT1/cmr/m/n/10.95 mis-be-hav-ior trig-gers rep-u-ta-tion slash-ing
 []


Underfull \hbox (badness 1043) in paragraph at lines 366--368
[]\OT1/cmr/bx/n/10.95 Cross-cluster vis-i-bil-ity\OT1/cmr/m/n/10.95 : The Iden-
tity
 []



[4]
Overfull \hbox (18.29417pt too wide) in paragraph at lines 398--409
 [][] 
 []




Underfull \hbox (badness 1205) in paragraph at lines 428--436
\OT1/cmr/m/n/10.95 MY-CEL serve dis-tinct eco-nomic functions---
 []


Underfull \hbox (badness 1715) in paragraph at lines 444--446
\OT1/cmr/m/n/10.95 Holochain: Scal-able Agent-Centric Dis-
 []



[5]



[6

] (./holochain_finance.aux)
 ***********
LaTeX2e <2025-06-01> patch level 1
L3 programming layer <2025-06-09>
 ***********
Package rerunfilecheck Info: File `holochain_finance.out' has not changed.
(rerunfilecheck)             Checksum: 3ED04F2DCC2548545B5FD02E7BD26510;4493.
 ) 
Here is how much of TeX's memory you used:
 12931 strings out of 469012
 197373 string characters out of 5445142
 697955 words of memory out of 5000000
 41067 multiletter control sequences out of 15000+600000
 636738 words of font info for 77 fonts, out of 8000000 for 9000
 430 hyphenation exceptions out of 8191
 75i,9n,79p,554b,2010s stack positions out of 10000i,1000n,20000p,200000b,200000s
</nix/store/gbjynyw6xb5zr0qhvykyih46lr1s66mk-texlive-combined-2025/fonts/type
1/public/amsfonts/cm/cmbx10.pfb></nix/store/gbjynyw6xb5zr0qhvykyih46lr1s66mk-te
xlive-combined-2025/fonts/type1/public/amsfonts/cm/cmbx12.pfb></nix/store/gbjyn
yw6xb5zr0qhvykyih46lr1s66mk-texlive-combined-2025/fonts/type1/public/amsfonts/c
m/cmex10.pfb></nix/store/gbjynyw6xb5zr0qhvykyih46lr1s66mk-texlive-combined-2025
/fonts/type1/public/amsfonts/cm/cmmi10.pfb></nix/store/gbjynyw6xb5zr0qhvykyih46
lr1s66mk-texlive-combined-2025/fonts/type1/public/amsfonts/cm/cmmi8.pfb></nix/s
tore/gbjynyw6xb5zr0qhvykyih46lr1s66mk-texlive-combined-2025/fonts/type1/public/
amsfonts/cm/cmr10.pfb></nix/store/gbjynyw6xb5zr0qhvykyih46lr1s66mk-texlive-comb
ined-2025/fonts/type1/public/amsfonts/cm/cmr12.pfb></nix/store/gbjynyw6xb5zr0qh
vykyih46lr1s66mk-texlive-combined-2025/fonts/type1/public/amsfonts/cm/cmr17.pfb
></nix/store/gbjynyw6xb5zr0qhvykyih46lr1s66mk-texlive-combined-2025/fonts/type1
/public/amsfonts/cm/cmr8.pfb></nix/store/gbjynyw6xb5zr0qhvykyih46lr1s66mk-texli
ve-combined-2025/fonts/type1/public/amsfonts/cm/cmsy10.pfb></nix/store/gbjynyw6
xb5zr0qhvykyih46lr1s66mk-texlive-combined-2025/fonts/type1/public/amsfonts/cm/c
mti10.pfb></nix/store/gbjynyw6xb5zr0qhvykyih46lr1s66mk-texlive-combined-2025/fo
nts/type1/public/amsfonts/cm/cmti8.pfb></nix/store/gbjynyw6xb5zr0qhvykyih46lr1s
66mk-texlive-combined-2025/fonts/type1/public/amsfonts/cm/cmtt10.pfb></nix/stor
e/gbjynyw6xb5zr0qhvykyih46lr1s66mk-texlive-combined-2025/fonts/type1/public/ams
fonts/cm/cmtt12.pfb></nix/store/gbjynyw6xb5zr0qhvykyih46lr1s66mk-texlive-combin
ed-2025/fonts/type1/public/amsfonts/cm/cmtt8.pfb></nix/store/gbjynyw6xb5zr0qhvy
kyih46lr1s66mk-texlive-combined-2025/fonts/type1/public/cm-super/sfrm1095.pfb>
Output written on holochain_finance.pdf (6 pages, 216548 bytes).
PDF statistics:
 329 PDF objects out of 1000 (max. 8388607)
 286 compressed objects within 3 object streams
 100 named destinations out of 1000 (max. 500000)
 249 words of extra memory for PDF output out of 10000 (max. 10000000)

