\BOOKMARK [0][-]{chapter*.2}{\376\377\000P\000r\000e\000f\000a\000c\000e}{}% 1
\BOOKMARK [-1][-]{part.1}{\376\377\000I\000\040\000F\000o\000u\000n\000d\000a\000t\000i\000o\000n\000s}{}% 2
\BOOKMARK [0][-]{chapter.1}{\376\377\000W\000h\000y\000\040\000D\000e\000c\000e\000n\000t\000r\000a\000l\000i\000z\000e\000d\000\040\000G\000o\000v\000e\000r\000n\000a\000n\000c\000e\000?}{part.1}% 3
\BOOKMARK [1][-]{section.1.1}{\376\377\000T\000h\000e\000\040\000C\000r\000i\000s\000i\000s\000\040\000o\000f\000\040\000C\000e\000n\000t\000r\000a\000l\000i\000z\000e\000d\000\040\000C\000o\000o\000r\000d\000i\000n\000a\000t\000i\000o\000n}{chapter.1}% 4
\BOOKMARK [1][-]{section.1.2}{\376\377\000O\000s\000t\000r\000o\000m\000\040\000a\000n\000d\000\040\000t\000h\000e\000\040\000C\000o\000m\000m\000o\000n\000s}{chapter.1}% 5
\BOOKMARK [1][-]{section.1.3}{\376\377\000B\000e\000y\000o\000n\000d\000\040\000t\000h\000e\000\040\000N\000a\000t\000i\000o\000n\000-\000S\000t\000a\000t\000e}{chapter.1}% 6
\BOOKMARK [1][-]{section.1.4}{\376\377\000T\000h\000e\000\040\000M\000y\000c\000e\000l\000i\000a\000l\000\040\000M\000e\000t\000a\000p\000h\000o\000r}{chapter.1}% 7
\BOOKMARK [1][-]{section.1.5}{\376\377\000T\000h\000e\000\040\000G\000r\000e\000a\000t\000\040\000F\000i\000l\000t\000e\000r\000\040\000o\000f\000\040\000C\000o\000-\000C\000r\000e\000a\000t\000i\000v\000e\000\040\000W\000i\000s\000d\000o\000m}{chapter.1}% 8
\BOOKMARK [1][-]{section.1.6}{\376\377\000D\000e\000s\000i\000g\000n\000\040\000P\000h\000i\000l\000o\000s\000o\000p\000h\000y\000:\000\040\000E\000i\000g\000h\000t\000\040\000H\000a\000r\000m\000o\000n\000i\000e\000s}{chapter.1}% 9
\BOOKMARK [0][-]{chapter.2}{\376\377\000H\000o\000l\000o\000c\000h\000a\000i\000n\000\040\000A\000r\000c\000h\000i\000t\000e\000c\000t\000u\000r\000e}{part.1}% 10
\BOOKMARK [1][-]{section.2.1}{\376\377\000A\000g\000e\000n\000t\000-\000C\000e\000n\000t\000r\000i\000c\000,\000\040\000N\000o\000t\000\040\000D\000a\000t\000a\000-\000C\000e\000n\000t\000r\000i\000c}{chapter.2}% 11
\BOOKMARK [2][-]{subsection.2.1.1}{\376\377\000S\000o\000u\000r\000c\000e\000\040\000C\000h\000a\000i\000n\000s}{section.2.1}% 12
\BOOKMARK [2][-]{subsection.2.1.2}{\376\377\000T\000h\000e\000\040\000D\000H\000T\000:\000\040\000S\000h\000a\000r\000e\000d\000\040\000A\000w\000a\000r\000e\000n\000e\000s\000s\000\040\000W\000i\000t\000h\000o\000u\000t\000\040\000G\000l\000o\000b\000a\000l\000\040\000S\000t\000a\000t\000e}{section.2.1}% 13
\BOOKMARK [1][-]{section.2.2}{\376\377\000D\000N\000A\000\040\000a\000s\000\040\000A\000p\000p\000l\000i\000c\000a\000t\000i\000o\000n\000\040\000D\000e\000f\000i\000n\000i\000t\000i\000o\000n}{chapter.2}% 14
\BOOKMARK [1][-]{section.2.3}{\376\377\000h\000A\000p\000p\000\040\000A\000r\000c\000h\000i\000t\000e\000c\000t\000u\000r\000e}{chapter.2}% 15
\BOOKMARK [1][-]{section.2.4}{\376\377\000W\000h\000y\000\040\000N\000o\000t\000\040\000B\000l\000o\000c\000k\000c\000h\000a\000i\000n\000?}{chapter.2}% 16
\BOOKMARK [0][-]{chapter.3}{\376\377\000T\000h\000e\000\040\000F\000r\000a\000c\000t\000a\000l\000\040\000C\000l\000u\000s\000t\000e\000r\000\040\000D\000e\000s\000i\000g\000n}{part.1}% 17
\BOOKMARK [1][-]{section.3.1}{\376\377\000W\000h\000y\000\040\0001\0006\000\040\000C\000l\000u\000s\000t\000e\000r\000s\000?}{chapter.3}% 18
\BOOKMARK [1][-]{section.3.2}{\376\377\000A\000n\000a\000t\000o\000m\000y\000\040\000o\000f\000\040\000a\000\040\000C\000l\000u\000s\000t\000e\000r}{chapter.3}% 19
\BOOKMARK [1][-]{section.3.3}{\376\377\000T\000h\000e\000\040\000F\000r\000a\000c\000t\000a\000l\000\040\000P\000a\000t\000t\000e\000r\000n}{chapter.3}% 20
\BOOKMARK [1][-]{section.3.4}{\376\377\000S\000h\000a\000r\000e\000d\000\040\000I\000n\000f\000r\000a\000s\000t\000r\000u\000c\000t\000u\000r\000e\000:\000\040\000b\000r\000i\000d\000g\000e\000-\000c\000o\000m\000m\000o\000n}{chapter.3}% 21
\BOOKMARK [-1][-]{part.2}{\376\377\000I\000I\000\040\000T\000r\000u\000s\000t\000-\000W\000e\000i\000g\000h\000t\000e\000d\000\040\000G\000o\000v\000e\000r\000n\000a\000n\000c\000e}{}% 22
\BOOKMARK [0][-]{chapter.4}{\376\377\000T\000h\000e\000\040\0008\000D\000\040\000S\000o\000v\000e\000r\000e\000i\000g\000n\000\040\000P\000r\000o\000f\000i\000l\000e}{part.2}% 23
\BOOKMARK [1][-]{section.4.1}{\376\377\000T\000e\000r\000m\000i\000n\000o\000l\000o\000g\000y\000\040\000a\000n\000d\000\040\000S\000c\000o\000p\000e}{chapter.4}% 24
\BOOKMARK [1][-]{section.4.2}{\376\377\000M\000o\000t\000i\000v\000a\000t\000i\000o\000n\000:\000\040\000B\000e\000y\000o\000n\000d\000\040\000B\000i\000n\000a\000r\000y\000\040\000A\000c\000c\000e\000s\000s\000\040\000C\000o\000n\000t\000r\000o\000l}{chapter.4}% 25
\BOOKMARK [1][-]{section.4.3}{\376\377\000T\000h\000e\000\040\000E\000i\000g\000h\000t\000\040\000D\000i\000m\000e\000n\000s\000i\000o\000n\000s}{chapter.4}% 26
\BOOKMARK [2][-]{subsection.4.3.1}{\376\377\000I\000d\000e\000n\000t\000i\000t\000y\000\040\000D\000i\000m\000e\000n\000s\000i\000o\000n}{section.4.3}% 27
\BOOKMARK [2][-]{subsection.4.3.2}{\376\377\000R\000e\000p\000u\000t\000a\000t\000i\000o\000n\000\040\000D\000i\000m\000e\000n\000s\000i\000o\000n}{section.4.3}% 28
\BOOKMARK [2][-]{subsection.4.3.3}{\376\377\000C\000o\000m\000m\000u\000n\000i\000t\000y\000\040\000D\000i\000m\000e\000n\000s\000i\000o\000n}{section.4.3}% 29
\BOOKMARK [2][-]{subsection.4.3.4}{\376\377\000E\000n\000g\000a\000g\000e\000m\000e\000n\000t\000\040\000D\000i\000m\000e\000n\000s\000i\000o\000n}{section.4.3}% 30
\BOOKMARK [1][-]{section.4.4}{\376\377\000C\000o\000m\000b\000i\000n\000e\000d\000\040\000S\000c\000o\000r\000e}{chapter.4}% 31
\BOOKMARK [1][-]{section.4.5}{\376\377\000C\000o\000n\000t\000i\000n\000u\000o\000u\000s\000\040\000V\000o\000t\000e\000\040\000W\000e\000i\000g\000h\000t}{chapter.4}% 32
\BOOKMARK [0][-]{chapter.5}{\376\377\000F\000i\000v\000e\000\040\000G\000o\000v\000e\000r\000n\000a\000n\000c\000e\000\040\000T\000i\000e\000r\000s}{part.2}% 33
\BOOKMARK [1][-]{section.5.1}{\376\377\000T\000i\000e\000r\000\040\000D\000e\000f\000i\000n\000i\000t\000i\000o\000n\000s}{chapter.5}% 34
\BOOKMARK [1][-]{section.5.2}{\376\377\000H\000y\000s\000t\000e\000r\000e\000s\000i\000s\000:\000\040\000P\000r\000e\000v\000e\000n\000t\000i\000n\000g\000\040\000T\000i\000e\000r\000\040\000O\000s\000c\000i\000l\000l\000a\000t\000i\000o\000n}{chapter.5}% 35
\BOOKMARK [1][-]{section.5.3}{\376\377\000G\000o\000v\000e\000r\000n\000a\000n\000c\000e\000\040\000R\000e\000q\000u\000i\000r\000e\000m\000e\000n\000t\000s}{chapter.5}% 36
\BOOKMARK [1][-]{section.5.4}{\376\377\000C\000r\000e\000d\000e\000n\000t\000i\000a\000l\000s\000:\000\040\000T\000i\000m\000e\000-\000L\000i\000m\000i\000t\000e\000d\000\040\000T\000r\000u\000s\000t}{chapter.5}% 37
\BOOKMARK [1][-]{section.5.5}{\376\377\000B\000o\000o\000t\000s\000t\000r\000a\000p\000\040\000M\000o\000d\000e}{chapter.5}% 38
\BOOKMARK [0][-]{chapter.6}{\376\377\000B\000r\000i\000d\000g\000e\000-\000C\000o\000m\000m\000o\000n\000:\000\040\000T\000y\000p\000e\000-\000S\000a\000f\000e\000\040\000C\000r\000o\000s\000s\000-\000C\000l\000u\000s\000t\000e\000r\000\040\000D\000i\000s\000p\000a\000t\000c\000h}{part.2}% 39
\BOOKMARK [1][-]{section.6.1}{\376\377\000T\000h\000e\000\040\000P\000r\000o\000b\000l\000e\000m\000:\000\040\000F\000r\000a\000g\000i\000l\000e\000\040\000S\000t\000r\000i\000n\000g\000\040\000M\000a\000t\000c\000h\000i\000n\000g}{chapter.6}% 40
\BOOKMARK [1][-]{section.6.2}{\376\377\000T\000y\000p\000e\000d\000\040\000R\000o\000u\000t\000i\000n\000g}{chapter.6}% 41
\BOOKMARK [1][-]{section.6.3}{\376\377\000C\000r\000o\000s\000s\000-\000C\000l\000u\000s\000t\000e\000r\000\040\000R\000o\000l\000e\000s}{chapter.6}% 42
\BOOKMARK [1][-]{section.6.4}{\376\377\000R\000a\000t\000e\000\040\000L\000i\000m\000i\000t\000i\000n\000g\000\040\000a\000n\000d\000\040\000A\000l\000l\000o\000w\000l\000i\000s\000t\000s}{chapter.6}% 43
\BOOKMARK [1][-]{section.6.5}{\376\377\000T\000h\000e\000\040\0002\0009\0005\000+\000\040\000T\000e\000s\000t\000\040\000S\000u\000i\000t\000e}{chapter.6}% 44
\BOOKMARK [0][-]{chapter.7}{\376\377\000C\000o\000l\000l\000e\000c\000t\000i\000v\000e\000\040\000I\000n\000t\000e\000l\000l\000i\000g\000e\000n\000c\000e}{part.2}% 45
\BOOKMARK [1][-]{section.7.1}{\376\377\000B\000e\000y\000o\000n\000d\000\040\000I\000n\000d\000i\000v\000i\000d\000u\000a\000l\000\040\000T\000r\000u\000s\000t}{chapter.7}% 46
\BOOKMARK [1][-]{section.7.2}{\376\377\000C\000o\000l\000l\000e\000c\000t\000i\000v\000e\000\040\000P\000h\000i\000:\000\040\000G\000r\000o\000u\000p\000\040\000C\000o\000n\000s\000c\000i\000o\000u\000s\000n\000e\000s\000s\000\040\000V\000e\000c\000t\000o\000r\000s}{chapter.7}% 47
\BOOKMARK [1][-]{section.7.3}{\376\377\000F\000r\000a\000g\000i\000l\000e\000\040\000C\000o\000n\000s\000e\000n\000s\000u\000s\000\040\000D\000e\000t\000e\000c\000t\000i\000o\000n}{chapter.7}% 48
\BOOKMARK [1][-]{section.7.4}{\376\377\000R\000e\000p\000u\000t\000a\000t\000i\000o\000n\000\040\000S\000y\000s\000t\000e\000m}{chapter.7}% 49
\BOOKMARK [1][-]{section.7.5}{\376\377\000T\000h\000e\000\040\000E\000p\000i\000s\000t\000e\000m\000i\000c\000\040\000C\000h\000a\000r\000t\000e\000r\000\040\000\050\000E\000-\000N\000-\000M\000\040\000C\000l\000a\000s\000s\000i\000f\000i\000c\000a\000t\000i\000o\000n\000\051}{chapter.7}% 50
\BOOKMARK [-1][-]{part.3}{\376\377\000I\000I\000I\000\040\000C\000o\000r\000e\000\040\000C\000l\000u\000s\000t\000e\000r\000s}{}% 51
\BOOKMARK [0][-]{chapter.8}{\376\377\000I\000d\000e\000n\000t\000i\000t\000y}{part.3}% 52
\BOOKMARK [1][-]{section.8.1}{\376\377\000O\000v\000e\000r\000v\000i\000e\000w}{chapter.8}% 53
\BOOKMARK [1][-]{section.8.2}{\376\377\000D\000I\000D\000\040\000A\000r\000c\000h\000i\000t\000e\000c\000t\000u\000r\000e}{chapter.8}% 54
\BOOKMARK [1][-]{section.8.3}{\376\377\000M\000u\000l\000t\000i\000-\000F\000a\000c\000t\000o\000r\000\040\000A\000u\000t\000h\000e\000n\000t\000i\000c\000a\000t\000i\000o\000n}{chapter.8}% 55
\BOOKMARK [1][-]{section.8.4}{\376\377\000W\000e\000b\000\040\000o\000f\000\040\000T\000r\000u\000s\000t}{chapter.8}% 56
\BOOKMARK [1][-]{section.8.5}{\376\377\000S\000o\000c\000i\000a\000l\000\040\000R\000e\000c\000o\000v\000e\000r\000y}{chapter.8}% 57
\BOOKMARK [0][-]{chapter.9}{\376\377\000G\000o\000v\000e\000r\000n\000a\000n\000c\000e}{part.3}% 58
\BOOKMARK [1][-]{section.9.1}{\376\377\000O\000v\000e\000r\000v\000i\000e\000w}{chapter.9}% 59
\BOOKMARK [1][-]{section.9.2}{\376\377\000P\000r\000o\000p\000o\000s\000a\000l\000\040\000L\000i\000f\000e\000c\000y\000c\000l\000e}{chapter.9}% 60
\BOOKMARK [1][-]{section.9.3}{\376\377\000D\000i\000s\000t\000r\000i\000b\000u\000t\000e\000d\000\040\000K\000e\000y\000\040\000G\000e\000n\000e\000r\000a\000t\000i\000o\000n}{chapter.9}% 61
\BOOKMARK [1][-]{section.9.4}{\376\377\000C\000o\000n\000s\000t\000i\000t\000u\000t\000i\000o\000n\000a\000l\000\040\000G\000o\000v\000e\000r\000n\000a\000n\000c\000e}{chapter.9}% 62
\BOOKMARK [0][-]{chapter.10}{\376\377\000F\000i\000n\000a\000n\000c\000e}{part.3}% 63
\BOOKMARK [1][-]{section.10.1}{\376\377\000T\000h\000r\000e\000e\000-\000C\000u\000r\000r\000e\000n\000c\000y\000\040\000E\000c\000o\000n\000o\000m\000i\000c\000s}{chapter.10}% 64
\BOOKMARK [1][-]{section.10.2}{\376\377\000C\000l\000u\000s\000t\000e\000r\000\040\000Z\000o\000m\000e\000s}{chapter.10}% 65
\BOOKMARK [1][-]{section.10.3}{\376\377\000T\000r\000u\000s\000t\000-\000G\000a\000t\000e\000d\000\040\000T\000r\000e\000a\000s\000u\000r\000y}{chapter.10}% 66
\BOOKMARK [1][-]{section.10.4}{\376\377\000D\000e\000m\000u\000r\000r\000a\000g\000e\000\040\000a\000n\000d\000\040\000C\000o\000m\000p\000o\000s\000t\000i\000n\000g}{chapter.10}% 67
\BOOKMARK [1][-]{section.10.5}{\376\377\000O\000r\000a\000c\000l\000e\000\040\000a\000n\000d\000\040\000P\000r\000i\000c\000e\000\040\000D\000i\000s\000c\000o\000v\000e\000r\000y}{chapter.10}% 68
\BOOKMARK [0][-]{chapter.11}{\376\377\000C\000o\000m\000m\000o\000n\000s}{part.3}% 69
\BOOKMARK [1][-]{section.11.1}{\376\377\000T\000h\000e\000\040\000L\000a\000r\000g\000e\000s\000t\000\040\000C\000l\000u\000s\000t\000e\000r}{chapter.11}% 70
\BOOKMARK [1][-]{section.11.2}{\376\377\000D\000o\000m\000a\000i\000n\000\040\000O\000v\000e\000r\000v\000i\000e\000w}{chapter.11}% 71
\BOOKMARK [2][-]{subsection.11.2.1}{\376\377\000P\000r\000o\000p\000e\000r\000t\000y\000\040\000\050\0004\000\040\000z\000o\000m\000e\000s\000\051}{section.11.2}% 72
\BOOKMARK [2][-]{subsection.11.2.2}{\376\377\000H\000o\000u\000s\000i\000n\000g\000\040\000\050\0006\000\040\000z\000o\000m\000e\000s\000\051}{section.11.2}% 73
\BOOKMARK [2][-]{subsection.11.2.3}{\376\377\000C\000a\000r\000e\000\040\000\050\0005\000\040\000z\000o\000m\000e\000s\000\051}{section.11.2}% 74
\BOOKMARK [2][-]{subsection.11.2.4}{\376\377\000M\000u\000t\000u\000a\000l\000\040\000A\000i\000d\000\040\000\050\0007\000\040\000z\000o\000m\000e\000s\000\051}{section.11.2}% 75
\BOOKMARK [2][-]{subsection.11.2.5}{\376\377\000W\000a\000t\000e\000r\000\040\000\050\0005\000\040\000z\000o\000m\000e\000s\000\051}{section.11.2}% 76
\BOOKMARK [2][-]{subsection.11.2.6}{\376\377\000F\000o\000o\000d\000\040\000\050\0004\000\040\000z\000o\000m\000e\000s\000\051}{section.11.2}% 77
\BOOKMARK [2][-]{subsection.11.2.7}{\376\377\000T\000r\000a\000n\000s\000p\000o\000r\000t\000\040\000\050\0003\000\040\000z\000o\000m\000e\000s\000\051}{section.11.2}% 78
\BOOKMARK [2][-]{subsection.11.2.8}{\376\377\000C\000r\000o\000s\000s\000-\000C\000u\000t\000t\000i\000n\000g\000:\000\040\000M\000e\000s\000h\000-\000T\000i\000m\000e\000\040\000a\000n\000d\000\040\000R\000e\000s\000o\000u\000r\000c\000e\000-\000M\000e\000s\000h}{section.11.2}% 79
\BOOKMARK [1][-]{section.11.3}{\376\377\000T\000e\000s\000t\000i\000n\000g\000:\000\040\0005\000,\0002\0007\0006\000\040\000T\000e\000s\000t\000s}{chapter.11}% 80
\BOOKMARK [0][-]{chapter.12}{\376\377\000H\000e\000a\000r\000t\000h\000:\000\040\000F\000a\000m\000i\000l\000y\000\040\000a\000n\000d\000\040\000C\000o\000m\000m\000u\000n\000i\000t\000y}{part.3}% 81
\BOOKMARK [1][-]{section.12.1}{\376\377\000W\000h\000y\000\040\000a\000\040\000F\000a\000m\000i\000l\000y\000\040\000C\000l\000u\000s\000t\000e\000r\000?}{chapter.12}% 82
\BOOKMARK [1][-]{section.12.2}{\376\377\000D\000o\000m\000a\000i\000n\000\040\000O\000v\000e\000r\000v\000i\000e\000w}{chapter.12}% 83
\BOOKMARK [2][-]{subsection.12.2.1}{\376\377\000K\000i\000n\000s\000h\000i\000p\000\040\000N\000e\000t\000w\000o\000r\000k\000s\000\040\000\050\0002\000\040\000z\000o\000m\000e\000s\000\051}{section.12.2}% 84
\BOOKMARK [2][-]{subsection.12.2.2}{\376\377\000G\000r\000a\000t\000i\000t\000u\000d\000e\000\040\000E\000x\000c\000h\000a\000n\000g\000e\000\040\000\050\0001\000\040\000z\000o\000m\000e\000\051}{section.12.2}% 85
\BOOKMARK [2][-]{subsection.12.2.3}{\376\377\000C\000a\000r\000e\000\040\000C\000o\000o\000r\000d\000i\000n\000a\000t\000i\000o\000n\000\040\000\050\0001\000\040\000z\000o\000m\000e\000\051}{section.12.2}% 86
\BOOKMARK [2][-]{subsection.12.2.4}{\376\377\000A\000u\000t\000o\000n\000o\000m\000y\000\040\000T\000r\000a\000c\000k\000i\000n\000g\000\040\000\050\0001\000\040\000z\000o\000m\000e\000\051}{section.12.2}% 87
\BOOKMARK [2][-]{subsection.12.2.5}{\376\377\000C\000o\000l\000l\000e\000c\000t\000i\000v\000e\000\040\000D\000e\000c\000i\000s\000i\000o\000n\000s\000\040\000\050\0001\000\040\000z\000o\000m\000e\000\051}{section.12.2}% 88
\BOOKMARK [2][-]{subsection.12.2.6}{\376\377\000S\000t\000o\000r\000y\000\040\000A\000r\000c\000h\000i\000v\000i\000n\000g\000\040\000\050\0001\000\040\000z\000o\000m\000e\000\051}{section.12.2}% 89
\BOOKMARK [2][-]{subsection.12.2.7}{\376\377\000M\000i\000l\000e\000s\000t\000o\000n\000e\000s\000,\000\040\000R\000h\000y\000t\000h\000m\000s\000,\000\040\000E\000m\000e\000r\000g\000e\000n\000c\000y\000,\000\040\000a\000n\000d\000\040\000R\000e\000s\000o\000u\000r\000c\000e\000s\000\040\000\050\0004\000\040\000z\000o\000m\000e\000s\000\051}{section.12.2}% 90
\BOOKMARK [2][-]{subsection.12.2.8}{\376\377\000B\000r\000i\000d\000g\000e\000\040\000\050\0001\000\040\000z\000o\000m\000e\000\051}{section.12.2}% 91
\BOOKMARK [1][-]{section.12.3}{\376\377\000T\000r\000u\000s\000t\000-\000W\000e\000i\000g\000h\000t\000e\000d\000\040\000F\000a\000m\000i\000l\000y\000\040\000G\000o\000v\000e\000r\000n\000a\000n\000c\000e}{chapter.12}% 92
\BOOKMARK [0][-]{chapter.13}{\376\377\000P\000e\000r\000s\000o\000n\000a\000l\000\040\000a\000n\000d\000\040\000A\000t\000t\000r\000i\000b\000u\000t\000i\000o\000n}{part.3}% 93
\BOOKMARK [1][-]{section.13.1}{\376\377\000P\000e\000r\000s\000o\000n\000a\000l\000:\000\040\000P\000r\000i\000v\000a\000t\000e\000\040\000V\000a\000u\000l\000t\000s}{chapter.13}% 94
\BOOKMARK [2][-]{subsection.13.1.1}{\376\377\000I\000d\000e\000n\000t\000i\000t\000y\000\040\000V\000a\000u\000l\000t}{section.13.1}% 95
\BOOKMARK [2][-]{subsection.13.1.2}{\376\377\000H\000e\000a\000l\000t\000h\000\040\000V\000a\000u\000l\000t}{section.13.1}% 96
\BOOKMARK [2][-]{subsection.13.1.3}{\376\377\000C\000r\000e\000d\000e\000n\000t\000i\000a\000l\000\040\000W\000a\000l\000l\000e\000t}{section.13.1}% 97
\BOOKMARK [1][-]{section.13.2}{\376\377\000A\000t\000t\000r\000i\000b\000u\000t\000i\000o\000n\000:\000\040\000T\000r\000a\000c\000k\000i\000n\000g\000\040\000R\000e\000c\000i\000p\000r\000o\000c\000i\000t\000y}{chapter.13}% 98
\BOOKMARK [-1][-]{part.4}{\376\377\000I\000V\000\040\000D\000o\000m\000a\000i\000n\000\040\000C\000l\000u\000s\000t\000e\000r\000s}{}% 99
\BOOKMARK [0][-]{chapter.14}{\376\377\000H\000e\000a\000l\000t\000h}{part.4}% 100
\BOOKMARK [1][-]{section.14.1}{\376\377\0001\0005\000-\000Z\000o\000m\000e\000\040\000A\000r\000c\000h\000i\000t\000e\000c\000t\000u\000r\000e}{chapter.14}% 101
\BOOKMARK [1][-]{section.14.2}{\376\377\000F\000H\000I\000R\000\040\000I\000n\000t\000e\000r\000o\000p\000e\000r\000a\000b\000i\000l\000i\000t\000y}{chapter.14}% 102
\BOOKMARK [1][-]{section.14.3}{\376\377\000P\000r\000i\000v\000a\000c\000y\000\040\000A\000r\000c\000h\000i\000t\000e\000c\000t\000u\000r\000e}{chapter.14}% 103
\BOOKMARK [1][-]{section.14.4}{\376\377\000C\000l\000i\000n\000i\000c\000a\000l\000\040\000D\000e\000c\000i\000s\000i\000o\000n\000\040\000S\000u\000p\000p\000o\000r\000t}{chapter.14}% 104
\BOOKMARK [1][-]{section.14.5}{\376\377\000M\000u\000t\000u\000a\000l\000\040\000H\000e\000a\000l\000t\000h\000\040\000I\000n\000s\000u\000r\000a\000n\000c\000e}{chapter.14}% 105
\BOOKMARK [0][-]{chapter.15}{\376\377\000K\000n\000o\000w\000l\000e\000d\000g\000e}{part.4}% 106
\BOOKMARK [1][-]{section.15.1}{\376\377\000E\000p\000i\000s\000t\000e\000m\000i\000c\000\040\000I\000n\000f\000r\000a\000s\000t\000r\000u\000c\000t\000u\000r\000e}{chapter.15}% 107
\BOOKMARK [1][-]{section.15.2}{\376\377\000C\000l\000a\000i\000m\000\040\000L\000i\000f\000e\000c\000y\000c\000l\000e}{chapter.15}% 108
\BOOKMARK [1][-]{section.15.3}{\376\377\000K\000n\000o\000w\000l\000e\000d\000g\000e\000\040\000G\000r\000a\000p\000h}{chapter.15}% 109
\BOOKMARK [1][-]{section.15.4}{\376\377\000P\000r\000e\000d\000i\000c\000t\000i\000o\000n\000\040\000M\000a\000r\000k\000e\000t\000s}{chapter.15}% 110
\BOOKMARK [1][-]{section.15.5}{\376\377\000I\000n\000t\000e\000g\000r\000a\000t\000i\000o\000n\000\040\000P\000a\000t\000t\000e\000r\000n\000s}{chapter.15}% 111
\BOOKMARK [0][-]{chapter.16}{\376\377\000S\000p\000a\000c\000e\000\040\000a\000n\000d\000\040\000C\000l\000i\000m\000a\000t\000e}{part.4}% 112
\BOOKMARK [1][-]{section.16.1}{\376\377\000S\000p\000a\000c\000e\000:\000\040\000O\000r\000b\000i\000t\000a\000l\000\040\000S\000t\000e\000w\000a\000r\000d\000s\000h\000i\000p}{chapter.16}% 113
\BOOKMARK [1][-]{section.16.2}{\376\377\000C\000l\000i\000m\000a\000t\000e\000:\000\040\000C\000a\000r\000b\000o\000n\000\040\000a\000n\000d\000\040\000B\000e\000y\000o\000n\000d}{chapter.16}% 114
\BOOKMARK [1][-]{section.16.3}{\376\377\000I\000n\000t\000e\000g\000r\000a\000t\000i\000o\000n\000:\000\040\000S\000p\000a\000c\000e\000-\000C\000l\000i\000m\000a\000t\000e\000\040\000N\000e\000x\000u\000s}{chapter.16}% 115
\BOOKMARK [1][-]{section.16.4}{\376\377\000D\000e\000b\000r\000i\000s\000\040\000E\000c\000o\000n\000o\000m\000i\000c\000s}{chapter.16}% 116
\BOOKMARK [1][-]{section.16.5}{\376\377\000C\000a\000r\000b\000o\000n\000\040\000C\000r\000e\000d\000i\000t\000\040\000L\000i\000f\000e\000c\000y\000c\000l\000e}{chapter.16}% 117
\BOOKMARK [0][-]{chapter.17}{\376\377\000M\000u\000s\000i\000c\000\040\000a\000n\000d\000\040\000E\000d\000u\000c\000a\000t\000i\000o\000n}{part.4}% 118
\BOOKMARK [1][-]{section.17.1}{\376\377\000M\000u\000s\000i\000c\000:\000\040\000A\000t\000t\000r\000i\000b\000u\000t\000i\000o\000n\000-\000F\000i\000r\000s\000t\000\040\000R\000o\000y\000a\000l\000t\000i\000e\000s}{chapter.17}% 119
\BOOKMARK [1][-]{section.17.2}{\376\377\000E\000d\000u\000c\000a\000t\000i\000o\000n\000:\000\040\000C\000u\000r\000r\000i\000c\000u\000l\000u\000m\000\040\000a\000n\000d\000\040\000C\000r\000e\000d\000e\000n\000t\000i\000a\000l\000s}{chapter.17}% 120
\BOOKMARK [0][-]{chapter.18}{\376\377\000C\000i\000v\000i\000c\000\040\000I\000n\000f\000r\000a\000s\000t\000r\000u\000c\000t\000u\000r\000e}{part.4}% 121
\BOOKMARK [1][-]{section.18.1}{\376\377\0001\0007\000\040\000Z\000o\000m\000e\000s\000\040\000f\000o\000r\000\040\000C\000i\000v\000i\000c\000\040\000L\000i\000f\000e}{chapter.18}% 122
\BOOKMARK [1][-]{section.18.2}{\376\377\000R\000e\000s\000t\000o\000r\000a\000t\000i\000v\000e\000\040\000J\000u\000s\000t\000i\000c\000e}{chapter.18}% 123
\BOOKMARK [2][-]{subsection.18.2.1}{\376\377\000P\000r\000o\000c\000e\000s\000s\000,\000\040\000N\000o\000t\000\040\000P\000u\000n\000i\000s\000h\000m\000e\000n\000t}{section.18.2}% 124
\BOOKMARK [2][-]{subsection.18.2.2}{\376\377\000N\000o\000\040\000P\000e\000r\000m\000a\000n\000e\000n\000t\000\040\000R\000e\000c\000o\000r\000d\000s}{section.18.2}% 125
\BOOKMARK [1][-]{section.18.3}{\376\377\000E\000m\000e\000r\000g\000e\000n\000c\000y\000\040\000C\000o\000o\000r\000d\000i\000n\000a\000t\000i\000o\000n}{chapter.18}% 126
\BOOKMARK [1][-]{section.18.4}{\376\377\000D\000e\000c\000e\000n\000t\000r\000a\000l\000i\000z\000e\000d\000\040\000M\000e\000d\000i\000a}{chapter.18}% 127
\BOOKMARK [1][-]{section.18.5}{\376\377\000T\000e\000s\000t\000i\000n\000g\000:\000\040\0002\000,\0002\0007\0003\000\040\000T\000e\000s\000t\000s}{chapter.18}% 128
\BOOKMARK [0][-]{chapter.19}{\376\377\000M\000a\000i\000l\000,\000\040\000S\000u\000p\000p\000l\000y\000\040\000C\000h\000a\000i\000n\000,\000\040\000a\000n\000d\000\040\000M\000a\000r\000k\000e\000t\000p\000l\000a\000c\000e}{part.4}% 129
\BOOKMARK [1][-]{section.19.1}{\376\377\000M\000a\000i\000l\000:\000\040\000P\000Q\000C\000-\000E\000n\000c\000r\000y\000p\000t\000e\000d\000\040\000D\000e\000c\000e\000n\000t\000r\000a\000l\000i\000z\000e\000d\000\040\000E\000m\000a\000i\000l}{chapter.19}% 130
\BOOKMARK [1][-]{section.19.2}{\376\377\000S\000u\000p\000p\000l\000y\000\040\000C\000h\000a\000i\000n\000:\000\040\000P\000r\000o\000v\000e\000n\000a\000n\000c\000e\000\040\000T\000r\000a\000c\000k\000i\000n\000g}{chapter.19}% 131
\BOOKMARK [1][-]{section.19.3}{\376\377\000M\000a\000r\000k\000e\000t\000p\000l\000a\000c\000e\000:\000\040\000D\000e\000c\000e\000n\000t\000r\000a\000l\000i\000z\000e\000d\000\040\000C\000o\000m\000m\000e\000r\000c\000e\000\040\000w\000i\000t\000h\000\040\000A\000r\000b\000i\000t\000r\000a\000t\000i\000o\000n}{chapter.19}% 132
\BOOKMARK [0][-]{chapter.20}{\376\377\000E\000n\000e\000r\000g\000y\000\040\000a\000n\000d\000\040\000D\000e\000S\000c\000i}{part.4}% 133
\BOOKMARK [1][-]{section.20.1}{\376\377\000E\000n\000e\000r\000g\000y\000:\000\040\000C\000o\000m\000m\000u\000n\000i\000t\000y\000\040\000P\000o\000w\000e\000r}{chapter.20}% 134
\BOOKMARK [1][-]{section.20.2}{\376\377\000D\000e\000S\000c\000i\000:\000\040\000D\000e\000c\000e\000n\000t\000r\000a\000l\000i\000z\000e\000d\000\040\000S\000c\000i\000e\000n\000c\000e}{chapter.20}% 135
\BOOKMARK [2][-]{subsection.20.2.1}{\376\377\000R\000E\000S\000T\000\040\000A\000P\000I\000\040\000A\000r\000c\000h\000i\000t\000e\000c\000t\000u\000r\000e}{section.20.2}% 136
\BOOKMARK [2][-]{subsection.20.2.2}{\376\377\0001\0004\0001\000\040\000I\000n\000t\000e\000g\000r\000a\000t\000i\000o\000n\000\040\000T\000e\000s\000t\000s}{section.20.2}% 137
\BOOKMARK [2][-]{subsection.20.2.3}{\376\377\000F\000e\000d\000e\000r\000a\000t\000e\000d\000\040\000L\000e\000a\000r\000n\000i\000n\000g\000\040\000I\000n\000t\000e\000g\000r\000a\000t\000i\000o\000n}{section.20.2}% 138
\BOOKMARK [0][-]{chapter.21}{\376\377\000P\000Q\000C\000-\000E\000n\000c\000r\000y\000p\000t\000e\000d\000\040\000D\000e\000c\000e\000n\000t\000r\000a\000l\000i\000z\000e\000d\000\040\000M\000a\000i\000l}{part.4}% 139
\BOOKMARK [1][-]{section.21.1}{\376\377\000W\000h\000y\000\040\000D\000e\000c\000e\000n\000t\000r\000a\000l\000i\000z\000e\000d\000\040\000M\000a\000i\000l\000\040\000R\000e\000q\000u\000i\000r\000e\000s\000\040\000P\000o\000s\000t\000-\000Q\000u\000a\000n\000t\000u\000m\000\040\000C\000r\000y\000p\000t\000o\000g\000r\000a\000p\000h\000y}{chapter.21}% 140
\BOOKMARK [1][-]{section.21.2}{\376\377\000Z\000o\000m\000e\000\040\000A\000r\000c\000h\000i\000t\000e\000c\000t\000u\000r\000e}{chapter.21}% 141
\BOOKMARK [1][-]{section.21.3}{\376\377\000F\000o\000r\000w\000a\000r\000d\000\040\000S\000e\000c\000r\000e\000c\000y\000\040\000W\000i\000t\000h\000o\000u\000t\000\040\000a\000\040\000K\000e\000y\000\040\000S\000e\000r\000v\000e\000r}{chapter.21}% 142
\BOOKMARK [1][-]{section.21.4}{\376\377\000E\000n\000c\000r\000y\000p\000t\000e\000d\000\040\000S\000e\000a\000r\000c\000h\000\040\000O\000v\000e\000r\000\040\000C\000i\000p\000h\000e\000r\000t\000e\000x\000t}{chapter.21}% 143
\BOOKMARK [1][-]{section.21.5}{\376\377\000S\000p\000a\000m\000\040\000F\000i\000l\000t\000e\000r\000i\000n\000g\000\040\000a\000n\000d\000\040\000T\000r\000u\000s\000t\000\040\000I\000n\000t\000e\000g\000r\000a\000t\000i\000o\000n}{chapter.21}% 144
\BOOKMARK [1][-]{section.21.6}{\376\377\000T\000h\000r\000e\000a\000d\000\040\000M\000a\000n\000a\000g\000e\000m\000e\000n\000t\000\040\000a\000n\000d\000\040\000A\000t\000t\000a\000c\000h\000m\000e\000n\000t\000s}{chapter.21}% 145
\BOOKMARK [0][-]{chapter.22}{\376\377\000S\000u\000p\000p\000l\000y\000\040\000C\000h\000a\000i\000n\000\040\000P\000r\000o\000v\000e\000n\000a\000n\000c\000e}{part.4}% 146
\BOOKMARK [1][-]{section.22.1}{\376\377\000E\000n\000d\000-\000t\000o\000-\000E\000n\000d\000\040\000P\000r\000o\000v\000e\000n\000a\000n\000c\000e\000\040\000W\000i\000t\000h\000o\000u\000t\000\040\000C\000o\000n\000s\000e\000n\000s\000u\000s\000\040\000B\000o\000t\000t\000l\000e\000n\000e\000c\000k}{chapter.22}% 147
\BOOKMARK [1][-]{section.22.2}{\376\377\000Z\000o\000m\000e\000\040\000A\000r\000c\000h\000i\000t\000e\000c\000t\000u\000r\000e}{chapter.22}% 148
\BOOKMARK [1][-]{section.22.3}{\376\377\000T\000r\000u\000s\000t\000-\000W\000e\000i\000g\000h\000t\000e\000d\000\040\000S\000u\000p\000p\000l\000i\000e\000r\000\040\000V\000e\000r\000i\000f\000i\000c\000a\000t\000i\000o\000n}{chapter.22}% 149
\BOOKMARK [1][-]{section.22.4}{\376\377\000I\000o\000T\000\040\000S\000e\000n\000s\000o\000r\000\040\000I\000n\000t\000e\000g\000r\000a\000t\000i\000o\000n\000\040\000f\000o\000r\000\040\000C\000o\000l\000d\000\040\000C\000h\000a\000i\000n\000\040\000M\000o\000n\000i\000t\000o\000r\000i\000n\000g}{chapter.22}% 150
\BOOKMARK [1][-]{section.22.5}{\376\377\000C\000r\000o\000s\000s\000-\000C\000l\000u\000s\000t\000e\000r\000\040\000I\000n\000t\000e\000g\000r\000a\000t\000i\000o\000n}{chapter.22}% 151
\BOOKMARK [0][-]{chapter.23}{\376\377\000T\000h\000e\000\040\000M\000a\000r\000k\000e\000t\000p\000l\000a\000c\000e\000\040\000a\000n\000d\000\040\000A\000r\000b\000i\000t\000r\000a\000t\000i\000o\000n}{part.4}% 152
\BOOKMARK [1][-]{section.23.1}{\376\377\000D\000e\000c\000e\000n\000t\000r\000a\000l\000i\000z\000e\000d\000\040\000C\000o\000m\000m\000e\000r\000c\000e\000\040\000W\000i\000t\000h\000o\000u\000t\000\040\000C\000e\000n\000t\000r\000a\000l\000\040\000A\000u\000t\000h\000o\000r\000i\000t\000y}{chapter.23}% 153
\BOOKMARK [1][-]{section.23.2}{\376\377\000T\000r\000u\000s\000t\000-\000W\000e\000i\000g\000h\000t\000e\000d\000\040\000S\000e\000l\000l\000e\000r\000\040\000R\000a\000t\000i\000n\000g\000s}{chapter.23}% 154
\BOOKMARK [1][-]{section.23.3}{\376\377\000E\000s\000c\000r\000o\000w\000\040\000W\000i\000t\000h\000o\000u\000t\000\040\000C\000e\000n\000t\000r\000a\000l\000\040\000A\000u\000t\000h\000o\000r\000i\000t\000y}{chapter.23}% 155
\BOOKMARK [1][-]{section.23.4}{\376\377\000A\000r\000b\000i\000t\000r\000a\000t\000i\000o\000n\000\040\000S\000y\000s\000t\000e\000m\000\040\000f\000o\000r\000\040\000D\000i\000s\000p\000u\000t\000e\000\040\000R\000e\000s\000o\000l\000u\000t\000i\000o\000n}{chapter.23}% 156
\BOOKMARK [1][-]{section.23.5}{\376\377\000P\000r\000o\000d\000u\000c\000t\000\040\000C\000a\000t\000e\000g\000o\000r\000i\000e\000s\000\040\000a\000n\000d\000\040\000S\000e\000a\000r\000c\000h}{chapter.23}% 157
\BOOKMARK [0][-]{chapter.24}{\376\377\000A\000d\000a\000p\000t\000i\000v\000e\000\040\000E\000d\000u\000c\000a\000t\000i\000o\000n}{part.4}% 158
\BOOKMARK [1][-]{section.24.1}{\376\377\000O\000v\000e\000r\000v\000i\000e\000w}{chapter.24}% 159
\BOOKMARK [1][-]{section.24.2}{\376\377\000Z\000o\000m\000e\000\040\000A\000r\000c\000h\000i\000t\000e\000c\000t\000u\000r\000e}{chapter.24}% 160
\BOOKMARK [1][-]{section.24.3}{\376\377\000F\000e\000d\000e\000r\000a\000t\000e\000d\000\040\000L\000e\000a\000r\000n\000i\000n\000g\000\040\000f\000o\000r\000\040\000P\000e\000r\000s\000o\000n\000a\000l\000i\000z\000a\000t\000i\000o\000n}{chapter.24}% 161
\BOOKMARK [1][-]{section.24.4}{\376\377\000C\000r\000e\000d\000e\000n\000t\000i\000a\000l\000\040\000P\000o\000r\000t\000a\000b\000i\000l\000i\000t\000y}{chapter.24}% 162
\BOOKMARK [1][-]{section.24.5}{\376\377\000D\000A\000O\000\040\000G\000o\000v\000e\000r\000n\000a\000n\000c\000e\000\040\000o\000f\000\040\000C\000u\000r\000r\000i\000c\000u\000l\000u\000m}{chapter.24}% 163
\BOOKMARK [1][-]{section.24.6}{\376\377\000L\000e\000a\000r\000n\000i\000n\000g\000\040\000P\000o\000d\000s\000\040\000a\000n\000d\000\040\000S\000o\000c\000i\000a\000l\000\040\000R\000e\000c\000o\000m\000m\000e\000n\000d\000a\000t\000i\000o\000n}{chapter.24}% 164
\BOOKMARK [-1][-]{part.5}{\376\377\000V\000\040\000I\000n\000f\000r\000a\000s\000t\000r\000u\000c\000t\000u\000r\000e}{}% 165
\BOOKMARK [0][-]{chapter.25}{\376\377\000S\000D\000K\000s}{part.5}% 166
\BOOKMARK [1][-]{section.25.1}{\376\377\000T\000h\000r\000e\000e\000-\000L\000a\000n\000g\000u\000a\000g\000e\000\040\000S\000t\000r\000a\000t\000e\000g\000y}{chapter.25}% 167
\BOOKMARK [2][-]{subsection.25.1.1}{\376\377\000R\000u\000s\000t\000\040\000S\000D\000K\000\040\000\050\000P\000r\000i\000m\000a\000r\000y\000\051}{section.25.1}% 168
\BOOKMARK [2][-]{subsection.25.1.2}{\376\377\000T\000y\000p\000e\000S\000c\000r\000i\000p\000t\000\040\000S\000D\000K}{section.25.1}% 169
\BOOKMARK [2][-]{subsection.25.1.3}{\376\377\000P\000y\000t\000h\000o\000n\000\040\000S\000D\000K}{section.25.1}% 170
\BOOKMARK [1][-]{section.25.2}{\376\377\000W\000A\000S\000M\000\040\000C\000o\000m\000p\000i\000l\000a\000t\000i\000o\000n}{chapter.25}% 171
\BOOKMARK [1][-]{section.25.3}{\376\377\000D\000a\000s\000h\000b\000o\000a\000r\000d\000\040\000A\000p\000p\000l\000i\000c\000a\000t\000i\000o\000n\000s}{chapter.25}% 172
\BOOKMARK [0][-]{chapter.26}{\376\377\000H\000y\000p\000e\000r\000F\000e\000e\000l\000,\000\040\000z\000k\000S\000T\000A\000R\000K\000,\000\040\000a\000n\000d\000\040\000t\000h\000e\000\040\000A\000g\000e\000n\000t\000i\000c\000\040\000F\000r\000a\000m\000e\000w\000o\000r\000k}{part.5}% 173
\BOOKMARK [1][-]{section.26.1}{\376\377\000O\000v\000e\000r\000v\000i\000e\000w}{chapter.26}% 174
\BOOKMARK [1][-]{section.26.2}{\376\377\000H\000y\000p\000e\000r\000F\000e\000e\000l\000:\000\040\000H\000D\000C\000\040\000G\000r\000a\000d\000i\000e\000n\000t\000\040\000C\000o\000m\000p\000r\000e\000s\000s\000i\000o\000n}{chapter.26}% 175
\BOOKMARK [1][-]{section.26.3}{\376\377\000z\000k\000S\000T\000A\000R\000K\000:\000\040\000Z\000e\000r\000o\000-\000K\000n\000o\000w\000l\000e\000d\000g\000e\000\040\000G\000r\000a\000d\000i\000e\000n\000t\000\040\000P\000r\000o\000v\000e\000n\000a\000n\000c\000e}{chapter.26}% 176
\BOOKMARK [1][-]{section.26.4}{\376\377\000T\000h\000e\000\040\000A\000g\000e\000n\000t\000i\000c\000\040\000F\000r\000a\000m\000e\000w\000o\000r\000k}{chapter.26}% 177
\BOOKMARK [2][-]{subsection.26.4.1}{\376\377\000C\000o\000m\000m\000i\000t\000m\000e\000n\000t\000\040\000P\000r\000o\000t\000o\000c\000o\000l\000s}{section.26.4}% 178
\BOOKMARK [2][-]{subsection.26.4.2}{\376\377\000C\000o\000v\000e\000n\000a\000n\000t\000s}{section.26.4}% 179
\BOOKMARK [2][-]{subsection.26.4.3}{\376\377\000P\000a\000t\000i\000e\000n\000c\000e\000\040\000M\000e\000c\000h\000a\000n\000i\000s\000m\000s}{section.26.4}% 180
\BOOKMARK [0][-]{chapter.27}{\376\377\000F\000e\000d\000e\000r\000a\000t\000e\000d\000\040\000L\000e\000a\000r\000n\000i\000n\000g}{part.5}% 181
\BOOKMARK [1][-]{section.27.1}{\376\377\0000\000T\000M\000L\000:\000\040\000Z\000e\000r\000o\000-\000T\000r\000u\000s\000t\000\040\000M\000a\000c\000h\000i\000n\000e\000\040\000L\000e\000a\000r\000n\000i\000n\000g}{chapter.27}% 182
\BOOKMARK [1][-]{section.27.2}{\376\377\000A\000r\000c\000h\000i\000t\000e\000c\000t\000u\000r\000e}{chapter.27}% 183
\BOOKMARK [1][-]{section.27.3}{\376\377\000T\000r\000u\000s\000t\000-\000A\000w\000a\000r\000e\000\040\000B\000y\000z\000a\000n\000t\000i\000n\000e\000\040\000T\000o\000l\000e\000r\000a\000n\000c\000e}{chapter.27}% 184
\BOOKMARK [1][-]{section.27.4}{\376\377\0006\0002\000\040\000F\000L\000\040\000T\000e\000s\000t\000s}{chapter.27}% 185
\BOOKMARK [0][-]{chapter.28}{\376\377\000S\000e\000c\000u\000r\000i\000t\000y}{part.5}% 186
\BOOKMARK [1][-]{section.28.1}{\376\377\000P\000o\000s\000t\000-\000Q\000u\000a\000n\000t\000u\000m\000\040\000C\000r\000y\000p\000t\000o\000g\000r\000a\000p\000h\000y}{chapter.28}% 187
\BOOKMARK [1][-]{section.28.2}{\376\377\000R\000e\000p\000u\000t\000a\000t\000i\000o\000n\000\040\000a\000s\000\040\000S\000e\000c\000u\000r\000i\000t\000y}{chapter.28}% 188
\BOOKMARK [1][-]{section.28.3}{\376\377\000S\000y\000b\000i\000l\000\040\000R\000e\000s\000i\000s\000t\000a\000n\000c\000e}{chapter.28}% 189
\BOOKMARK [0][-]{chapter.29}{\376\377\000T\000h\000e\000\040\000O\000b\000s\000e\000r\000v\000a\000t\000o\000r\000y}{part.5}% 190
\BOOKMARK [1][-]{section.29.1}{\376\377\000L\000i\000v\000e\000\040\000N\000e\000t\000w\000o\000r\000k\000\040\000V\000i\000s\000u\000a\000l\000i\000z\000a\000t\000i\000o\000n}{chapter.29}% 191
\BOOKMARK [1][-]{section.29.2}{\376\377\000D\000a\000s\000h\000b\000o\000a\000r\000d\000\040\000A\000r\000c\000h\000i\000t\000e\000c\000t\000u\000r\000e}{chapter.29}% 192
\BOOKMARK [1][-]{section.29.3}{\376\377\000T\000r\000u\000s\000t\000\040\000D\000i\000s\000t\000r\000i\000b\000u\000t\000i\000o\000n\000\040\000A\000n\000a\000l\000y\000t\000i\000c\000s}{chapter.29}% 193
\BOOKMARK [1][-]{section.29.4}{\376\377\000D\000e\000p\000l\000o\000y\000m\000e\000n\000t}{chapter.29}% 194
\BOOKMARK [-1][-]{part.6}{\376\377\000V\000I\000\040\000D\000e\000p\000l\000o\000y\000m\000e\000n\000t\000\040\000a\000n\000d\000\040\000V\000a\000l\000i\000d\000a\000t\000i\000o\000n}{}% 195
\BOOKMARK [0][-]{chapter.30}{\376\377\000T\000e\000s\000t\000i\000n\000g}{part.6}% 196
\BOOKMARK [1][-]{section.30.1}{\376\377\0008\000,\0006\0000\0000\000+\000\040\000T\000e\000s\000t\000s}{chapter.30}% 197
\BOOKMARK [1][-]{section.30.2}{\376\377\000T\000e\000s\000t\000i\000n\000g\000\040\000S\000t\000r\000a\000t\000e\000g\000i\000e\000s}{chapter.30}% 198
\BOOKMARK [2][-]{subsection.30.2.1}{\376\377\000U\000n\000i\000t\000\040\000T\000e\000s\000t\000s}{section.30.2}% 199
\BOOKMARK [2][-]{subsection.30.2.2}{\376\377\000S\000w\000e\000e\000t\000t\000e\000s\000t\000\040\000I\000n\000t\000e\000g\000r\000a\000t\000i\000o\000n\000\040\000T\000e\000s\000t\000s}{section.30.2}% 200
\BOOKMARK [2][-]{subsection.30.2.3}{\376\377\000P\000r\000o\000p\000e\000r\000t\000y\000-\000B\000a\000s\000e\000d\000\040\000T\000e\000s\000t\000s}{section.30.2}% 201
\BOOKMARK [1][-]{section.30.3}{\376\377\000C\000o\000n\000t\000i\000n\000u\000o\000u\000s\000\040\000I\000n\000t\000e\000g\000r\000a\000t\000i\000o\000n}{chapter.30}% 202
\BOOKMARK [0][-]{chapter.31}{\376\377\000D\000e\000p\000l\000o\000y\000m\000e\000n\000t}{part.6}% 203
\BOOKMARK [1][-]{section.31.1}{\376\377\000D\000e\000v\000e\000l\000o\000p\000m\000e\000n\000t\000\040\000E\000n\000v\000i\000r\000o\000n\000m\000e\000n\000t}{chapter.31}% 204
\BOOKMARK [1][-]{section.31.2}{\376\377\000W\000A\000S\000M\000\040\000C\000o\000m\000p\000i\000l\000a\000t\000i\000o\000n}{chapter.31}% 205
\BOOKMARK [1][-]{section.31.3}{\376\377\000T\000h\000r\000e\000e\000-\000N\000o\000d\000e\000\040\000N\000e\000t\000w\000o\000r\000k}{chapter.31}% 206
\BOOKMARK [1][-]{section.31.4}{\376\377\000N\000g\000i\000n\000x\000\040\000R\000e\000v\000e\000r\000s\000e\000\040\000P\000r\000o\000x\000y}{chapter.31}% 207
\BOOKMARK [1][-]{section.31.5}{\376\377\000O\000b\000s\000e\000r\000v\000a\000t\000o\000r\000y\000\040\000D\000a\000s\000h\000b\000o\000a\000r\000d}{chapter.31}% 208
\BOOKMARK [0][-]{chapter.32}{\376\377\000R\000e\000s\000i\000l\000i\000e\000n\000c\000e\000\040\000a\000n\000d\000\040\000D\000i\000s\000a\000s\000t\000e\000r\000\040\000R\000e\000c\000o\000v\000e\000r\000y}{part.6}% 209
\BOOKMARK [1][-]{section.32.1}{\376\377\000D\000e\000s\000i\000g\000n\000\040\000P\000h\000i\000l\000o\000s\000o\000p\000h\000y}{chapter.32}% 210
\BOOKMARK [1][-]{section.32.2}{\376\377\000T\000h\000e\000\040\000R\000e\000s\000i\000l\000i\000e\000n\000c\000e\000\040\000B\000u\000n\000d\000l\000e}{chapter.32}% 211
\BOOKMARK [1][-]{section.32.3}{\376\377\000B\000a\000c\000k\000u\000p\000\040\000a\000n\000d\000\040\000R\000e\000c\000o\000v\000e\000r\000y\000\040\000P\000r\000o\000c\000e\000d\000u\000r\000e\000s}{chapter.32}% 212
\BOOKMARK [2][-]{subsection.32.3.1}{\376\377\000L\000A\000I\000R\000\040\000K\000e\000y\000s\000t\000o\000r\000e\000\040\000B\000a\000c\000k\000u\000p}{section.32.3}% 213
\BOOKMARK [2][-]{subsection.32.3.2}{\376\377\000S\000o\000u\000r\000c\000e\000\040\000C\000h\000a\000i\000n\000\040\000R\000e\000c\000o\000v\000e\000r\000y}{section.32.3}% 214
\BOOKMARK [1][-]{section.32.4}{\376\377\000M\000u\000l\000t\000i\000-\000N\000o\000d\000e\000\040\000F\000a\000i\000l\000o\000v\000e\000r\000\040\000S\000t\000r\000a\000t\000e\000g\000i\000e\000s}{chapter.32}% 215
\BOOKMARK [1][-]{section.32.5}{\376\377\000N\000e\000t\000w\000o\000r\000k\000\040\000P\000a\000r\000t\000i\000t\000i\000o\000n\000\040\000H\000a\000n\000d\000l\000i\000n\000g}{chapter.32}% 216
\BOOKMARK [1][-]{section.32.6}{\376\377\000M\000o\000n\000i\000t\000o\000r\000i\000n\000g\000\040\000a\000n\000d\000\040\000A\000l\000e\000r\000t\000i\000n\000g}{chapter.32}% 217
\BOOKMARK [0][-]{chapter.33}{\376\377\000T\000h\000e\000\040\000S\000y\000m\000t\000h\000a\000e\000a\000\040\000B\000r\000i\000d\000g\000e}{part.6}% 218
\BOOKMARK [1][-]{section.33.1}{\376\377\000C\000o\000n\000s\000c\000i\000o\000u\000s\000n\000e\000s\000s\000\040\000E\000n\000g\000i\000n\000e\000\040\000I\000n\000t\000e\000g\000r\000a\000t\000i\000o\000n}{chapter.33}% 219
\BOOKMARK [2][-]{subsection.33.1.1}{\376\377\000M\000i\000n\000i\000m\000a\000l\000\040\000V\000i\000a\000b\000l\000e\000\040\000B\000r\000i\000d\000g\000e}{section.33.1}% 220
\BOOKMARK [2][-]{subsection.33.1.2}{\376\377\000L\000U\000C\000I\000D\000\040\000D\000a\000s\000h\000b\000o\000a\000r\000d}{section.33.1}% 221
\BOOKMARK [1][-]{section.33.2}{\376\377\000G\000o\000v\000e\000r\000n\000a\000n\000c\000e\000M\000a\000n\000a\000g\000e\000r\000\040\000I\000n\000t\000e\000g\000r\000a\000t\000i\000o\000n}{chapter.33}% 222
\BOOKMARK [0][-]{chapter.34}{\376\377\000F\000u\000t\000u\000r\000e}{part.6}% 223
\BOOKMARK [1][-]{section.34.1}{\376\377\000M\000e\000s\000h\000\040\000R\000a\000d\000i\000o\000\040\000B\000r\000i\000d\000g\000e}{chapter.34}% 224
\BOOKMARK [1][-]{section.34.2}{\376\377\000I\000n\000t\000e\000r\000-\000P\000l\000a\000n\000e\000t\000a\000r\000y\000\040\000G\000o\000v\000e\000r\000n\000a\000n\000c\000e}{chapter.34}% 225
\BOOKMARK [1][-]{section.34.3}{\376\377\000S\000p\000e\000c\000i\000e\000s\000\040\000S\000t\000e\000w\000a\000r\000d\000s\000h\000i\000p}{chapter.34}% 226
\BOOKMARK [1][-]{section.34.4}{\376\377\000S\000c\000a\000l\000i\000n\000g\000\040\000C\000h\000a\000l\000l\000e\000n\000g\000e\000s}{chapter.34}% 227
\BOOKMARK [1][-]{section.34.5}{\376\377\000O\000p\000e\000n\000\040\000R\000e\000s\000e\000a\000r\000c\000h\000\040\000Q\000u\000e\000s\000t\000i\000o\000n\000s}{chapter.34}% 228
\BOOKMARK [1][-]{section.34.6}{\376\377\000C\000o\000n\000c\000l\000u\000s\000i\000o\000n}{chapter.34}% 229
\BOOKMARK [0][-]{appendix.A}{\376\377\000T\000h\000e\000\040\000M\000y\000c\000e\000l\000i\000x\000\040\000S\000p\000o\000r\000e\000\040\000C\000o\000n\000s\000t\000i\000t\000u\000t\000i\000o\000n\000\040\000\050\000S\000u\000m\000m\000a\000r\000y\000\051}{part.6}% 230
\BOOKMARK [0][-]{appendix.B}{\376\377\000T\000h\000e\000\040\000E\000p\000i\000s\000t\000e\000m\000i\000c\000\040\000C\000h\000a\000r\000t\000e\000r\000\040\000v\0002\000.\0000\000\040\000\050\000S\000u\000m\000m\000a\000r\000y\000\051}{part.6}% 231
\BOOKMARK [0][-]{appendix.C}{\376\377\000M\000a\000r\000k\000e\000t\000\040\000A\000p\000p\000l\000i\000c\000a\000t\000i\000o\000n\000s}{part.6}% 232
\BOOKMARK [0][-]{appendix.D}{\376\377\000C\000h\000a\000r\000t\000e\000r\000\040\000S\000e\000t}{part.6}% 233
\BOOKMARK [0][-]{appendix.E}{\376\377\000D\000e\000c\000l\000a\000r\000a\000t\000i\000o\000n\000\040\000o\000f\000\040\000S\000o\000v\000e\000r\000e\000i\000g\000n\000t\000y}{part.6}% 234
\BOOKMARK [0][-]{appendix.F}{\376\377\000A\000r\000c\000h\000i\000t\000e\000c\000t\000u\000r\000e\000\040\000o\000f\000\040\000S\000o\000v\000e\000r\000e\000i\000g\000n\000t\000y}{part.6}% 235
\BOOKMARK [0][-]{appendix*.3}{\376\377\000A\000c\000k\000n\000o\000w\000l\000e\000d\000g\000m\000e\000n\000t\000s}{part.6}% 236
