This is pdfTeX, Version 3.141592653-2.6-1.40.27 (TeX Live 2025/nixos.org) (preloaded format=pdflatex 1980.1.1)  11 APR 2026 09:23
entering extended mode
 restricted \write18 enabled.
 %&-line parsing enabled.
**mycelix_book.tex
(./mycelix_book.tex
LaTeX2e <2025-11-01>
L3 programming layer <2026-01-19>

(/nix/store/10phrhvgxyw4aj6dqdda4hlv2fc7xh66-texlive-2025-r77567-env/tex/latex/
base/book.cls
Document Class: book 2025/01/22 v1.4n Standard LaTeX document class

(/nix/store/10phrhvgxyw4aj6dqdda4hlv2fc7xh66-texlive-2025-r77567-env/tex/latex/
base/bk12.clo
File: bk12.clo 2025/01/22 v1.4n Standard LaTeX file (size option)
)
\c@part=\count275
\c@chapter=\count276
\c@section=\count277
\c@subsection=\count278
\c@subsubsection=\count279
\c@paragraph=\count280
\c@subparagraph=\count281
\c@figure=\count282
\c@table=\count283
\abovecaptionskip=\skip49
\belowcaptionskip=\skip50
\bibindent=\dimen148
)
(/nix/store/10phrhvgxyw4aj6dqdda4hlv2fc7xh66-texlive-2025-r77567-env/tex/latex/
geometry/geometry.sty
Package: geometry 2020/01/02 v5.9 Page Geometry

(/nix/store/10phrhvgxyw4aj6dqdda4hlv2fc7xh66-texlive-2025-r77567-env/tex/latex/
graphics/keyval.sty
Package: keyval 2022/05/29 v1.15 key=value parser (DPC)
\KV@toks@=\toks17
)
(/nix/store/10phrhvgxyw4aj6dqdda4hlv2fc7xh66-texlive-2025-r77567-env/tex/generi
c/iftex/ifvtex.sty
Package: ifvtex 2019/10/25 v1.7 ifvtex legacy package. Use iftex instead.

(/nix/store/10phrhvgxyw4aj6dqdda4hlv2fc7xh66-texlive-2025-r77567-env/tex/generi
c/iftex/iftex.sty
Package: iftex 2024/12/12 v1.0g TeX engine tests
))
\Gm@cnth=\count284
\Gm@cntv=\count285
\c@Gm@tempcnt=\count286
\Gm@bindingoffset=\dimen149
\Gm@wd@mp=\dimen150
\Gm@odd@mp=\dimen151
\Gm@even@mp=\dimen152
\Gm@layoutwidth=\dimen153
\Gm@layoutheight=\dimen154
\Gm@layouthoffset=\dimen155
\Gm@layoutvoffset=\dimen156
\Gm@dimlist=\toks18
)
(/nix/store/10phrhvgxyw4aj6dqdda4hlv2fc7xh66-texlive-2025-r77567-env/tex/latex/
amsmath/amsmath.sty
Package: amsmath 2025/07/09 v2.17z AMS math features
\@mathmargin=\skip51

For additional information on amsmath, use the `?' option.

(/nix/store/10phrhvgxyw4aj6dqdda4hlv2fc7xh66-texlive-2025-r77567-env/tex/latex/
amsmath/amstext.sty
Package: amstext 2024/11/17 v2.01 AMS text

(/nix/store/10phrhvgxyw4aj6dqdda4hlv2fc7xh66-texlive-2025-r77567-env/tex/latex/
amsmath/amsgen.sty
File: amsgen.sty 1999/11/30 v2.0 generic functions
\@emptytoks=\toks19
\ex@=\dimen157
))
(/nix/store/10phrhvgxyw4aj6dqdda4hlv2fc7xh66-texlive-2025-r77567-env/tex/latex/
amsmath/amsbsy.sty
Package: amsbsy 1999/11/29 v1.2d Bold Symbols
\pmbraise@=\dimen158
)
(/nix/store/10phrhvgxyw4aj6dqdda4hlv2fc7xh66-texlive-2025-r77567-env/tex/latex/
amsmath/amsopn.sty
Package: amsopn 2022/04/08 v2.04 operator names
)
\inf@bad=\count287
LaTeX Info: Redefining \frac on input line 233.
\uproot@=\count288
\leftroot@=\count289
LaTeX Info: Redefining \overline on input line 398.
LaTeX Info: Redefining \colon on input line 409.
\classnum@=\count290
\DOTSCASE@=\count291
LaTeX Info: Redefining \ldots on input line 495.
LaTeX Info: Redefining \dots on input line 498.
LaTeX Info: Redefining \cdots on input line 619.
\Mathstrutbox@=\box53
\strutbox@=\box54
LaTeX Info: Redefining \big on input line 721.
LaTeX Info: Redefining \Big on input line 722.
LaTeX Info: Redefining \bigg on input line 723.
LaTeX Info: Redefining \Bigg on input line 724.
\big@size=\dimen159
LaTeX Font Info:    Redeclaring font encoding OML on input line 742.
LaTeX Font Info:    Redeclaring font encoding OMS on input line 743.
\macc@depth=\count292
LaTeX Info: Redefining \bmod on input line 904.
LaTeX Info: Redefining \pmod on input line 909.
LaTeX Info: Redefining \smash on input line 939.
LaTeX Info: Redefining \relbar on input line 969.
LaTeX Info: Redefining \Relbar on input line 970.
\c@MaxMatrixCols=\count293
\dotsspace@=\muskip17
\c@parentequation=\count294
\dspbrk@lvl=\count295
\tag@help=\toks20
\row@=\count296
\column@=\count297
\maxfields@=\count298
\andhelp@=\toks21
\eqnshift@=\dimen160
\alignsep@=\dimen161
\tagshift@=\dimen162
\tagwidth@=\dimen163
\totwidth@=\dimen164
\lineht@=\dimen165
\@envbody=\toks22
\multlinegap=\skip52
\multlinetaggap=\skip53
\mathdisplay@stack=\toks23
LaTeX Info: Redefining \[ on input line 2950.
LaTeX Info: Redefining \] on input line 2951.
)
(/nix/store/10phrhvgxyw4aj6dqdda4hlv2fc7xh66-texlive-2025-r77567-env/tex/latex/
amsfonts/amssymb.sty
Package: amssymb 2013/01/14 v3.01 AMS font symbols

(/nix/store/10phrhvgxyw4aj6dqdda4hlv2fc7xh66-texlive-2025-r77567-env/tex/latex/
amsfonts/amsfonts.sty
Package: amsfonts 2013/01/14 v3.01 Basic AMSFonts support
\symAMSa=\mathgroup4
\symAMSb=\mathgroup5
LaTeX Font Info:    Redeclaring math symbol \hbar on input line 98.
LaTeX Font Info:    Overwriting math alphabet `\mathfrak' in version `bold'
(Font)                  U/euf/m/n --> U/euf/b/n on input line 106.
))
(/nix/store/10phrhvgxyw4aj6dqdda4hlv2fc7xh66-texlive-2025-r77567-env/tex/latex/
amscls/amsthm.sty
Package: amsthm 2020/05/29 v2.20.6
\thm@style=\toks24
\thm@bodyfont=\toks25
\thm@headfont=\toks26
\thm@notefont=\toks27
\thm@headpunct=\toks28
\thm@preskip=\skip54
\thm@postskip=\skip55
\thm@headsep=\skip56
\dth@everypar=\toks29
)
(/nix/store/10phrhvgxyw4aj6dqdda4hlv2fc7xh66-texlive-2025-r77567-env/tex/latex/
graphics/graphicx.sty
Package: graphicx 2024/12/31 v1.2e Enhanced LaTeX Graphics (DPC,SPQR)

(/nix/store/10phrhvgxyw4aj6dqdda4hlv2fc7xh66-texlive-2025-r77567-env/tex/latex/
graphics/graphics.sty
Package: graphics 2024/08/06 v1.4g Standard LaTeX Graphics (DPC,SPQR)

(/nix/store/10phrhvgxyw4aj6dqdda4hlv2fc7xh66-texlive-2025-r77567-env/tex/latex/
graphics/trig.sty
Package: trig 2023/12/02 v1.11 sin cos tan (DPC)
)
(/nix/store/10phrhvgxyw4aj6dqdda4hlv2fc7xh66-texlive-2025-r77567-env/tex/latex/
graphics-cfg/graphics.cfg
File: graphics.cfg 2016/06/04 v1.11 sample graphics configuration
)
Package graphics Info: Driver file: pdftex.def on input line 106.

(/nix/store/10phrhvgxyw4aj6dqdda4hlv2fc7xh66-texlive-2025-r77567-env/tex/latex/
graphics-def/pdftex.def
File: pdftex.def 2025/09/29 v1.2d Graphics/color driver for pdftex
))
\Gin@req@height=\dimen166
\Gin@req@width=\dimen167
)
(/nix/store/10phrhvgxyw4aj6dqdda4hlv2fc7xh66-texlive-2025-r77567-env/tex/latex/
hyperref/hyperref.sty
Package: hyperref 2026-01-29 v7.01p Hypertext links for LaTeX

(/nix/store/10phrhvgxyw4aj6dqdda4hlv2fc7xh66-texlive-2025-r77567-env/tex/latex/
kvsetkeys/kvsetkeys.sty
Package: kvsetkeys 2022-10-05 v1.19 Key value parser (HO)
)
(/nix/store/10phrhvgxyw4aj6dqdda4hlv2fc7xh66-texlive-2025-r77567-env/tex/generi
c/kvdefinekeys/kvdefinekeys.sty
Package: kvdefinekeys 2019-12-19 v1.6 Define keys (HO)
)
(/nix/store/10phrhvgxyw4aj6dqdda4hlv2fc7xh66-texlive-2025-r77567-env/tex/generi
c/pdfescape/pdfescape.sty
Package: pdfescape 2019/12/09 v1.15 Implements pdfTeX's escape features (HO)

(/nix/store/10phrhvgxyw4aj6dqdda4hlv2fc7xh66-texlive-2025-r77567-env/tex/generi
c/ltxcmds/ltxcmds.sty
Package: ltxcmds 2023-12-04 v1.26 LaTeX kernel commands for general use (HO)
)
(/nix/store/10phrhvgxyw4aj6dqdda4hlv2fc7xh66-texlive-2025-r77567-env/tex/generi
c/pdftexcmds/pdftexcmds.sty
Package: pdftexcmds 2020-06-27 v0.33 Utility functions of pdfTeX for LuaTeX (HO
)

(/nix/store/10phrhvgxyw4aj6dqdda4hlv2fc7xh66-texlive-2025-r77567-env/tex/generi
c/infwarerr/infwarerr.sty
Package: infwarerr 2019/12/03 v1.5 Providing info/warning/error messages (HO)
)
Package pdftexcmds Info: \pdf@primitive is available.
Package pdftexcmds Info: \pdf@ifprimitive is available.
Package pdftexcmds Info: \pdfdraftmode found.
))
(/nix/store/10phrhvgxyw4aj6dqdda4hlv2fc7xh66-texlive-2025-r77567-env/tex/latex/
hycolor/hycolor.sty
Package: hycolor 2020-01-27 v1.10 Color options for hyperref/bookmark (HO)
)
(/nix/store/10phrhvgxyw4aj6dqdda4hlv2fc7xh66-texlive-2025-r77567-env/tex/latex/
hyperref/nameref.sty
Package: nameref 2026-01-29 v2.58 Cross-referencing by name of section

(/nix/store/10phrhvgxyw4aj6dqdda4hlv2fc7xh66-texlive-2025-r77567-env/tex/latex/
refcount/refcount.sty
Package: refcount 2019/12/15 v3.6 Data extraction from label references (HO)
)
(/nix/store/10phrhvgxyw4aj6dqdda4hlv2fc7xh66-texlive-2025-r77567-env/tex/generi
c/gettitlestring/gettitlestring.sty
Package: gettitlestring 2019/12/15 v1.6 Cleanup title references (HO)

(/nix/store/10phrhvgxyw4aj6dqdda4hlv2fc7xh66-texlive-2025-r77567-env/tex/latex/
kvoptions/kvoptions.sty
Package: kvoptions 2022-06-15 v3.15 Key value format for package options (HO)
))
\c@section@level=\count299
)
(/nix/store/10phrhvgxyw4aj6dqdda4hlv2fc7xh66-texlive-2025-r77567-env/tex/latex/
etoolbox/etoolbox.sty
Package: etoolbox 2025/10/02 v2.5m e-TeX tools for LaTeX (JAW)
\etb@tempcnta=\count300
)
(/nix/store/10phrhvgxyw4aj6dqdda4hlv2fc7xh66-texlive-2025-r77567-env/tex/generi
c/stringenc/stringenc.sty
Package: stringenc 2019/11/29 v1.12 Convert strings between diff. encodings (HO
)
)
\@linkdim=\dimen168
\Hy@linkcounter=\count301
\Hy@pagecounter=\count302

(/nix/store/10phrhvgxyw4aj6dqdda4hlv2fc7xh66-texlive-2025-r77567-env/tex/latex/
hyperref/pd1enc.def
File: pd1enc.def 2026-01-29 v7.01p Hyperref: PDFDocEncoding definition (HO)
Now handling font encoding PD1 ...
... no UTF-8 mapping file for font encoding PD1
)
(/nix/store/10phrhvgxyw4aj6dqdda4hlv2fc7xh66-texlive-2025-r77567-env/tex/generi
c/intcalc/intcalc.sty
Package: intcalc 2019/12/15 v1.3 Expandable calculations with integers (HO)
)
\Hy@SavedSpaceFactor=\count303

(/nix/store/10phrhvgxyw4aj6dqdda4hlv2fc7xh66-texlive-2025-r77567-env/tex/latex/
hyperref/puenc.def
File: puenc.def 2026-01-29 v7.01p Hyperref: PDF Unicode definition (HO)
Now handling font encoding PU ...
... no UTF-8 mapping file for font encoding PU
)
Package hyperref Info: Hyper figures OFF on input line 4201.
Package hyperref Info: Link nesting OFF on input line 4206.
Package hyperref Info: Hyper index ON on input line 4209.
Package hyperref Info: Plain pages OFF on input line 4216.
Package hyperref Info: Backreferencing OFF on input line 4221.
Package hyperref Info: Implicit mode ON; LaTeX internals redefined.
Package hyperref Info: Bookmarks ON on input line 4468.
\c@Hy@tempcnt=\count304

(/nix/store/10phrhvgxyw4aj6dqdda4hlv2fc7xh66-texlive-2025-r77567-env/tex/latex/
url/url.sty
\Urlmuskip=\muskip18
Package: url 2013/09/16  ver 3.4  Verb mode for urls, etc.
)
LaTeX Info: Redefining \url on input line 4807.
\XeTeXLinkMargin=\dimen169

(/nix/store/10phrhvgxyw4aj6dqdda4hlv2fc7xh66-texlive-2025-r77567-env/tex/generi
c/bitset/bitset.sty
Package: bitset 2019/12/09 v1.3 Handle bit-vector datatype (HO)

(/nix/store/10phrhvgxyw4aj6dqdda4hlv2fc7xh66-texlive-2025-r77567-env/tex/generi
c/bigintcalc/bigintcalc.sty
Package: bigintcalc 2019/12/15 v1.5 Expandable calculations on big integers (HO
)
))
\Fld@menulength=\count305
\Field@Width=\dimen170
\Fld@charsize=\dimen171
Package hyperref Info: Hyper figures OFF on input line 6084.
Package hyperref Info: Link nesting OFF on input line 6089.
Package hyperref Info: Hyper index ON on input line 6092.
Package hyperref Info: backreferencing OFF on input line 6099.
Package hyperref Info: Link coloring OFF on input line 6104.
Package hyperref Info: Link coloring with OCG OFF on input line 6109.
Package hyperref Info: PDF/A mode OFF on input line 6114.
\Hy@abspage=\count306
\c@Item=\count307
\c@Hfootnote=\count308
)
Package hyperref Info: Driver (autodetected): hpdftex.

(/nix/store/10phrhvgxyw4aj6dqdda4hlv2fc7xh66-texlive-2025-r77567-env/tex/latex/
hyperref/hpdftex.def
File: hpdftex.def 2026-01-29 v7.01p Hyperref driver for pdfTeX
\Fld@listcount=\count309
\c@bookmark@seq@number=\count310

(/nix/store/10phrhvgxyw4aj6dqdda4hlv2fc7xh66-texlive-2025-r77567-env/tex/latex/
rerunfilecheck/rerunfilecheck.sty
Package: rerunfilecheck 2025-06-21 v1.11 Rerun checks for auxiliary files (HO)

(/nix/store/10phrhvgxyw4aj6dqdda4hlv2fc7xh66-texlive-2025-r77567-env/tex/generi
c/uniquecounter/uniquecounter.sty
Package: uniquecounter 2019/12/15 v1.4 Provide unlimited unique counter (HO)
)
Package uniquecounter Info: New unique counter `rerunfilecheck' on input line 2
84.
)
\Hy@SectionHShift=\skip57
)
(/nix/store/10phrhvgxyw4aj6dqdda4hlv2fc7xh66-texlive-2025-r77567-env/tex/latex/
listings/listings.sty
\lst@mode=\count311
\lst@gtempboxa=\box55
\lst@token=\toks30
\lst@length=\count312
\lst@currlwidth=\dimen172
\lst@column=\count313
\lst@pos=\count314
\lst@lostspace=\dimen173
\lst@width=\dimen174
\lst@newlines=\count315
\lst@lineno=\count316
\lst@maxwidth=\dimen175

(/nix/store/10phrhvgxyw4aj6dqdda4hlv2fc7xh66-texlive-2025-r77567-env/tex/latex/
listings/lstpatch.sty
File: lstpatch.sty 2025/11/14 1.11b (Carsten Heinz)
)
(/nix/store/10phrhvgxyw4aj6dqdda4hlv2fc7xh66-texlive-2025-r77567-env/tex/latex/
listings/lstmisc.sty
File: lstmisc.sty 2025/11/14 1.11b (Carsten Heinz)
\c@lstnumber=\count317
\lst@skipnumbers=\count318
\lst@framebox=\box56
)
(/nix/store/10phrhvgxyw4aj6dqdda4hlv2fc7xh66-texlive-2025-r77567-env/tex/latex/
listings/listings.cfg
File: listings.cfg 2025/11/14 1.11b listings configuration
))
Package: listings 2025/11/14 1.11b (Carsten Heinz)

==> First Aid for listings.sty no longer applied!
    Expected:
        2024/09/23 1.10c (Carsten Heinz)
    but found:
        2025/11/14 1.11b (Carsten Heinz)
    so I'm assuming it got fixed.

(/nix/store/10phrhvgxyw4aj6dqdda4hlv2fc7xh66-texlive-2025-r77567-env/tex/latex/
xcolor/xcolor.sty
Package: xcolor 2024/09/29 v3.02 LaTeX color extensions (UK)

(/nix/store/10phrhvgxyw4aj6dqdda4hlv2fc7xh66-texlive-2025-r77567-env/tex/latex/
graphics-cfg/color.cfg
File: color.cfg 2016/01/02 v1.6 sample color configuration
)
Package xcolor Info: Driver file: pdftex.def on input line 274.

(/nix/store/10phrhvgxyw4aj6dqdda4hlv2fc7xh66-texlive-2025-r77567-env/tex/latex/
graphics/mathcolor.ltx)
Package xcolor Info: Model `cmy' substituted by `cmy0' on input line 1349.
Package xcolor Info: Model `hsb' substituted by `rgb' on input line 1353.
Package xcolor Info: Model `RGB' extended on input line 1365.
Package xcolor Info: Model `HTML' substituted by `rgb' on input line 1367.
Package xcolor Info: Model `Hsb' substituted by `hsb' on input line 1368.
Package xcolor Info: Model `tHsb' substituted by `hsb' on input line 1369.
Package xcolor Info: Model `HSB' substituted by `hsb' on input line 1370.
Package xcolor Info: Model `Gray' substituted by `gray' on input line 1371.
Package xcolor Info: Model `wave' substituted by `hsb' on input line 1372.
)
(/nix/store/10phrhvgxyw4aj6dqdda4hlv2fc7xh66-texlive-2025-r77567-env/tex/latex/
booktabs/booktabs.sty
Package: booktabs 2020/01/12 v1.61803398 Publication quality tables
\heavyrulewidth=\dimen176
\lightrulewidth=\dimen177
\cmidrulewidth=\dimen178
\belowrulesep=\dimen179
\belowbottomsep=\dimen180
\aboverulesep=\dimen181
\abovetopsep=\dimen182
\cmidrulesep=\dimen183
\cmidrulekern=\dimen184
\defaultaddspace=\dimen185
\@cmidla=\count319
\@cmidlb=\count320
\@aboverulesep=\dimen186
\@belowrulesep=\dimen187
\@thisruleclass=\count321
\@lastruleclass=\count322
\@thisrulewidth=\dimen188
)
(/nix/store/10phrhvgxyw4aj6dqdda4hlv2fc7xh66-texlive-2025-r77567-env/tex/latex/
tools/longtable.sty
Package: longtable 2025-10-13 v4.24 Multi-page Table package (DPC)
\LTleft=\skip58
\LTright=\skip59
\LTpre=\skip60
\LTpost=\skip61
\LTchunksize=\count323
\LTcapwidth=\dimen189
\LT@head=\box57
\LT@firsthead=\box58
\LT@foot=\box59
\LT@lastfoot=\box60
\LT@gbox=\box61
\LT@cols=\count324
\LT@rows=\count325
\c@LT@tables=\count326
\c@LT@chunks=\count327
\LT@p@ftn=\toks31
)
(/nix/store/10phrhvgxyw4aj6dqdda4hlv2fc7xh66-texlive-2025-r77567-env/tex/latex/
enumitem/enumitem.sty
Package: enumitem 2025/02/06 v3.11 Customized lists
\labelindent=\skip62
\enit@outerparindent=\dimen190
\enit@toks=\toks32
\enit@inbox=\box62
\enit@count@id=\count328
\enitdp@description=\count329
)
(/nix/store/10phrhvgxyw4aj6dqdda4hlv2fc7xh66-texlive-2025-r77567-env/tex/latex/
float/float.sty
Package: float 2001/11/08 v1.3d Float enhancements (AL)
\c@float@type=\count330
\float@exts=\toks33
\float@box=\box63
\@float@everytoks=\toks34
\@floatcapt=\box64
)
(/nix/store/10phrhvgxyw4aj6dqdda4hlv2fc7xh66-texlive-2025-r77567-env/tex/latex/
fancyhdr/fancyhdr.sty
Package: fancyhdr 2025/02/07 v5.2 Extensive control of page headers and footers

\f@nch@headwidth=\skip63
\f@nch@offset@elh=\skip64
\f@nch@offset@erh=\skip65
\f@nch@offset@olh=\skip66
\f@nch@offset@orh=\skip67
\f@nch@offset@elf=\skip68
\f@nch@offset@erf=\skip69
\f@nch@offset@olf=\skip70
\f@nch@offset@orf=\skip71
\f@nch@height=\skip72
\f@nch@footalignment=\skip73
\f@nch@widthL=\skip74
\f@nch@widthC=\skip75
\f@nch@widthR=\skip76
\@temptokenb=\toks35
)
(/nix/store/10phrhvgxyw4aj6dqdda4hlv2fc7xh66-texlive-2025-r77567-env/tex/latex/
titlesec/titlesec.sty
Package: titlesec 2025/01/04 v2.17 Sectioning titles
\ttl@box=\box65
\beforetitleunit=\skip77
\aftertitleunit=\skip78
\ttl@plus=\dimen191
\ttl@minus=\dimen192
\ttl@toksa=\toks36
\titlewidth=\dimen193
\titlewidthlast=\dimen194
\titlewidthfirst=\dimen195
)
(/nix/store/10phrhvgxyw4aj6dqdda4hlv2fc7xh66-texlive-2025-r77567-env/tex/latex/
epigraph/epigraph.sty
Package: epigraph 2020/01/02 v1.5e typesetting epigraphs

(/nix/store/10phrhvgxyw4aj6dqdda4hlv2fc7xh66-texlive-2025-r77567-env/tex/latex/
nextpage/nextpage.sty
Package: nextpage 2009/09/03 v1.1a additional page commands
)
\beforeepigraphskip=\skip79
\afterepigraphskip=\skip80
\epigraphwidth=\skip81
\epigraphrule=\skip82
)
(/nix/store/10phrhvgxyw4aj6dqdda4hlv2fc7xh66-texlive-2025-r77567-env/tex/latex/
csquotes/csquotes.sty
Package: csquotes 2024-04-04 v5.2o context-sensitive quotations (JAW)
\csq@reset=\count331
\csq@gtype=\count332
\csq@glevel=\count333
\csq@qlevel=\count334
\csq@maxlvl=\count335
\csq@tshold=\count336
\csq@ltx@everypar=\toks37

(/nix/store/10phrhvgxyw4aj6dqdda4hlv2fc7xh66-texlive-2025-r77567-env/tex/latex/
csquotes/csquotes.def
File: csquotes.def 2024-04-04 v5.2o csquotes generic definitions (JAW)
)
Package csquotes Info: Trying to load configuration file 'csquotes.cfg'...
Package csquotes Info: ... configuration file loaded successfully.

(/nix/store/10phrhvgxyw4aj6dqdda4hlv2fc7xh66-texlive-2025-r77567-env/tex/latex/
csquotes/csquotes.cfg
File: csquotes.cfg 
))
Package hyperref Info: Option `colorlinks' set `true' on input line 24.

(/nix/store/10phrhvgxyw4aj6dqdda4hlv2fc7xh66-texlive-2025-r77567-env/tex/latex/
listings/lstlang1.sty
File: lstlang1.sty 2025/11/14 1.11b listings language file
)
(/nix/store/10phrhvgxyw4aj6dqdda4hlv2fc7xh66-texlive-2025-r77567-env/tex/latex/
listings/lstmisc.sty
File: lstmisc.sty 2025/11/14 1.11b (Carsten Heinz)
)
\c@definition=\count337
\c@theorem=\count338
\c@proposition=\count339
Package csquotes Info: Checking for multilingual support...
Package csquotes Info: ... none found.

(/nix/store/10phrhvgxyw4aj6dqdda4hlv2fc7xh66-texlive-2025-r77567-env/tex/latex/
l3backend/l3backend-pdftex.def
File: l3backend-pdftex.def 2025-10-09 L3 backend support: PDF output (pdfTeX)
\l__color_backend_stack_int=\count340
) (./mycelix_book.aux)
\openout1 = `mycelix_book.aux'.

LaTeX Font Info:    Checking defaults for OML/cmm/m/it on input line 55.
LaTeX Font Info:    ... okay on input line 55.
LaTeX Font Info:    Checking defaults for OMS/cmsy/m/n on input line 55.
LaTeX Font Info:    ... okay on input line 55.
LaTeX Font Info:    Checking defaults for OT1/cmr/m/n on input line 55.
LaTeX Font Info:    ... okay on input line 55.
LaTeX Font Info:    Checking defaults for T1/cmr/m/n on input line 55.
LaTeX Font Info:    ... okay on input line 55.
LaTeX Font Info:    Checking defaults for TS1/cmr/m/n on input line 55.
LaTeX Font Info:    ... okay on input line 55.
LaTeX Font Info:    Checking defaults for OMX/cmex/m/n on input line 55.
LaTeX Font Info:    ... okay on input line 55.
LaTeX Font Info:    Checking defaults for U/cmr/m/n on input line 55.
LaTeX Font Info:    ... okay on input line 55.
LaTeX Font Info:    Checking defaults for PD1/pdf/m/n on input line 55.
LaTeX Font Info:    ... okay on input line 55.
LaTeX Font Info:    Checking defaults for PU/pdf/m/n on input line 55.
LaTeX Font Info:    ... okay on input line 55.

*geometry* driver: auto-detecting
*geometry* detected driver: pdftex
*geometry* verbose mode - [ preamble ] result:
* driver: pdftex
* paper: <default>
* layout: <same size as paper>
* layoutoffset:(h,v)=(0.0pt,0.0pt)
* modes: twoside 
* h-part:(L,W,R)=(72.26999pt, 469.75502pt, 72.26999pt)
* v-part:(T,H,B)=(72.26999pt, 650.43001pt, 72.26999pt)
* \paperwidth=614.295pt
* \paperheight=794.96999pt
* \textwidth=469.75502pt
* \textheight=650.43001pt
* \oddsidemargin=0.0pt
* \evensidemargin=0.0pt
* \topmargin=-31.8738pt
* \headheight=14.5pt
* \headsep=19.8738pt
* \topskip=12.0pt
* \footskip=30.0pt
* \marginparwidth=98.0pt
* \marginparsep=7.0pt
* \columnsep=10.0pt
* \skip\footins=10.8pt plus 4.0pt minus 2.0pt
* \hoffset=0.0pt
* \voffset=0.0pt
* \mag=1000
* \@twocolumnfalse
* \@twosidetrue
* \@mparswitchtrue
* \@reversemarginfalse
* (1in=72.27pt=25.4mm, 1cm=28.453pt)


(/nix/store/10phrhvgxyw4aj6dqdda4hlv2fc7xh66-texlive-2025-r77567-env/tex/contex
t/base/mkii/supp-pdf.mkii
[Loading MPS to PDF converter (version 2006.09.02).]
\scratchcounter=\count341
\scratchdimen=\dimen196
\scratchbox=\box66
\nofMPsegments=\count342
\nofMParguments=\count343
\everyMPshowfont=\toks38
\MPscratchCnt=\count344
\MPscratchDim=\dimen197
\MPnumerator=\count345
\makeMPintoPDFobject=\count346
\everyMPtoPDFconversion=\toks39
)
(/nix/store/10phrhvgxyw4aj6dqdda4hlv2fc7xh66-texlive-2025-r77567-env/tex/latex/
epstopdf-pkg/epstopdf-base.sty
Package: epstopdf-base 2020-01-24 v2.11 Base part for package epstopdf
Package epstopdf-base Info: Redefining graphics rule for `.eps' on input line 4
85.

(/nix/store/10phrhvgxyw4aj6dqdda4hlv2fc7xh66-texlive-2025-r77567-env/tex/latex/
latexconfig/epstopdf-sys.cfg
File: epstopdf-sys.cfg 2010/07/13 v1.3 Configuration of (r)epstopdf for TeX Liv
e
))
Package hyperref Info: Link coloring ON on input line 55.
 (./mycelix_book.out) (./mycelix_book.out)
\@outlinefile=\write3
\openout3 = `mycelix_book.out'.

\c@lstlisting=\count347
LaTeX Font Info:    Trying to load font information for U+msa on input line 59.


(/nix/store/10phrhvgxyw4aj6dqdda4hlv2fc7xh66-texlive-2025-r77567-env/tex/latex/
amsfonts/umsa.fd
File: umsa.fd 2013/01/14 v3.01 AMS symbols A
)
LaTeX Font Info:    Trying to load font information for U+msb on input line 59.


(/nix/store/10phrhvgxyw4aj6dqdda4hlv2fc7xh66-texlive-2025-r77567-env/tex/latex/
amsfonts/umsb.fd
File: umsb.fd 2013/01/14 v3.01 AMS symbols B
) [1



{/nix/store/d4pm16gh9k3zi16is2wn6pchkhn15f6n-texlive-2025-r77567-env/share/texm
f-var/fonts/map/pdftex/updmap/pdftex.map}] [2

]
(./mycelix_book.toc [3] [4] [5] [6] [7] [8])
\tf@toc=\write4
\openout4 = `mycelix_book.toc'.

 [9] [10

] [11] [12

] [1

] [2]
Chapter 1.
[3

]
Overfull \hbox (11.51697pt too wide) in paragraph at lines 159--162
[]\OT1/cmr/m/n/12 Mycelix re-places co-er-cion with rep-u-ta-tion con-se-quence
s.
 []

[4] [5{/nix/store/10phrhvgxyw4aj6dqdda4hlv2fc7xh66-texlive-2025-r77567-env/font
s/enc/dvips/cm-super/cm-super-ts1.enc}] [6]
Chapter 2.
[7

]
Overfull \hbox (44.57558pt too wide) in paragraph at lines 336--340
\OT1/cmr/m/n/12 hApp with de-fined roles. This en-ables cross-cluster com-mu-ni
-ca-tion via \OT1/cmtt/m/n/12 CallTargetCell::OtherRole\OT1/cmr/m/n/12 ,
 []

Package hyperref Info: bookmark level for unknown lstlisting defaults to 0 on i
nput line 341.
[8]
Underfull \hbox (badness 1845) in paragraph at lines 369--370
[]|\OT1/cmr/m/n/12 Local (source chain +
 []


Underfull \hbox (badness 10000) in paragraph at lines 371--372
[]|\OT1/cmr/m/n/12 Agent-centric (source
 []


Underfull \hbox (badness 3291) in paragraph at lines 372--372
[]|\OT1/cmr/m/n/12 PoW: enor-mous; PoS:
 []


Underfull \hbox (badness 10000) in paragraph at lines 373--373
[]|\OT1/cmr/m/n/12 Token-weighted (plu-to-
 []


Underfull \hbox (badness 10000) in paragraph at lines 375--376
[]|\OT1/cmr/m/n/12 Possible (lo-cal source
 []


Overfull \hbox (3.62155pt too wide) in paragraph at lines 379--384
[]\OT1/cmr/m/n/12 The most crit-i-cal dif-fer-ence for gov-er-nance ap-pli-ca-t
ions is the con-sen-sus model. Blockchain
 []

[9] [10

]
Chapter 3.

Overfull \hbox (79.4101pt too wide) in alignment at lines 408--412
 [] [] [] [] 
 []


Overfull \hbox (79.4101pt too wide) in alignment at lines 412--430
 [] [] [] [] 
 []

ignored error: Infinite glue shrinkage found in box being split [11]
Overfull \hbox (5.71693pt too wide) in paragraph at lines 443--446
\OT1/cmr/m/n/12 logic. For ex-am-ple, \OT1/cmtt/m/n/12 housing[]units \OT1/cmr/
m/n/12 pro-vides \OT1/cmtt/m/n/12 create[]unit\OT1/cmr/m/n/12 , \OT1/cmtt/m/n/1
2 list[]units\OT1/cmr/m/n/12 , \OT1/cmtt/m/n/12 transfer[]unit\OT1/cmr/m/n/12 .
 
 []


Overfull \hbox (11.07216pt too wide) in paragraph at lines 449--451
[]\OT1/cmr/m/n/12 (\OT1/cmtt/m/n/12 mycelix-bridge-entry-types\OT1/cmr/m/n/12 )
 de-fines DHT en-try types shared across
 []

[12] [13] [14

] [15] [16]
Chapter 4.
[17

] [18]
Overfull \hbox (7.27402pt too wide) in paragraph at lines 554--555
[] []\OT1/cmr/bx/n/12 Con-sti-tu-tional De-cay.[] \OT1/cmr/m/n/12 All di-men-si
ons de-cay ex-po-nen-tially with-out en-gage-ment: $\OML/cmm/m/it/12 S[] \OT1/c
mr/m/n/12 =
 []


Overfull \hbox (12.28714pt too wide) in paragraph at lines 554--555
\OML/cmm/m/it/12 S[] \OMS/cmsy/m/n/12 ^^A \OML/cmm/m/it/12 e[]$\OT1/cmr/m/n/12 
, where $\OML/cmm/m/it/12 ^^U$ \OT1/cmr/m/n/12 is community-configurable within
 con-sti-tu-tional bounds ($\OML/cmm/m/it/12 ^^U[] \OT1/cmr/m/n/12 = 0\OML/cmm/
m/it/12 :\OT1/cmr/m/n/12 001$/day,
 []


Overfull \hbox (26.0556pt too wide) in paragraph at lines 558--560
\OT1/cmr/m/n/12 Com-mu-nity, En-gage-ment) re-mains in the code-base for back-w
ard com-pat-i-bil-ity. The \OT1/cmtt/m/n/12 gate[]civic()
 []

[19] [20] [21] [22

]
Chapter 5.
[23]
LaTeX Font Info:    Font shape `OT1/cmtt/bx/n' in size <10.95> not available
(Font)              Font shape `OT1/cmtt/m/n' tried instead on input line 711.
 [24] [25] [26

]
Chapter 6.
[27] [28] [29] [30

]
Chapter 7.
[31] [32] [33] [34

] [35] [36]
Chapter 8.
[37

] [38]
Chapter 9.
[39

] [40]
Chapter 10.

Overfull \hbox (0.1313pt too wide) in paragraph at lines 1142--1146
\OT1/cmr/m/n/12 non-market con-tri-bu-tions. Zero-sum by con-struc-tion: ev-ery
 pos-i-tive bal-ance is matched
 []

[41

] [42]
Chapter 11.
[43

] [44] [45] [46

]
Chapter 12.
[47] [48]
Overfull \hbox (0.4813pt too wide) in paragraph at lines 1411--1411
|[]\OT1/cmr/bx/n/14.4 Milestones, Rhythms, Emer-gency, and Re-sources (4 zomes)
| 
 []

[49] [50

]
Chapter 13.
[51] [52] [53

] [54]
Chapter 14.
[55

] [56] [57] [58

]
Chapter 15.

Overfull \hbox (6.0456pt too wide) in paragraph at lines 1623--1626
\OT1/cmr/m/n/12 The Knowl-edge clus-ter im-ple-ments de-cen-tral-ized knowl-edg
e verification---an ``epis-temic mesh''
 []

[59]
Overfull \hbox (8.31676pt too wide) in paragraph at lines 1699--1702
[]\OT1/cmr/m/n/12 Provenance claims from the sup-ply chain are cross-referenced

 []

[60]
Chapter 16.
[61

]
Overfull \hbox (0.43593pt too wide) in paragraph at lines 1766--1770
[]\OT1/cmr/m/n/12 This mech-a-nism ap-plies the same trust-weighted gov-er-nanc
e to space stew-ard-ship: bounty
 []


Overfull \hbox (7.28958pt too wide) in paragraph at lines 1780--1783
[]\OT1/cmr/bx/n/12 Credit is-suance\OT1/cmr/m/n/12 : Ver-i-fied se-ques-tra-tio
n gen-er-ates car-bon cred-its, recorded as Holochain
 []

[62]
Chapter 17.
[63

] [64

]
Chapter 18.
[65]
Overfull \hbox (14.71227pt too wide) in paragraph at lines 1909--1912
[]\OT1/cmr/m/n/12 Community-driven con-tent cu-ra-tion us-ing trust-weighted re
c-om-men-da-tions. Higher-
 []

[66] [67] [68

]
Chapter 19.
[69] [70]
Chapter 20.

Overfull \hbox (14.12825pt too wide) in paragraph at lines 2019--2022
[]\OT1/cmr/m/n/12 Regenerative en-ergy prac-tices tracking---soil car-bon se-qu
es-tra-tion from biochar,
 []

[71

] [72]
Chapter 21.

Underfull \hbox (badness 10000) in paragraph at lines 2109--2110
[]|\OT1/cmr/m/n/12 ML-KEM en-cap-su-la-tion, AES-256-GCM
 []


Underfull \hbox (badness 4556) in paragraph at lines 2118--2119
[]|\OT1/cmr/m/n/12 Trust-weighted spam fil-ter-ing (see Sec-
 []

ignored error: Infinite glue shrinkage found in box being split [73

] [74]
[75] [76

]
Chapter 22.

Overfull \hbox (55.68776pt too wide) in paragraph at lines 2184--2190
[]\OT1/cmr/m/n/12 Each han-dler in the chain of custody---farmer, pro-ces-sor, 
ship-per, retailer---signs a \OT1/cmtt/m/n/12 ProvenanceEntry
 []

ignored error: Infinite glue shrinkage found in box being split [77] [78]
[79] [80

]
Chapter 23.
[81] [82] [83] [84

]
Chapter 24.

Overfull \hbox (1.80675pt too wide) in paragraph at lines 2364--2368
\OT1/cmr/m/n/12 form where stu-dent data never leaves the stu-dent's de-vice, c
ur-ricu-lum is community-governed,
 []

[85] [86]
Overfull \hbox (48.33777pt too wide) in paragraph at lines 2445--2452
\OT1/cmr/m/n/12 Learning pods are small-group col-lab-o-ra-tive spaces (2--8 pa
r-tic-i-pants) matched by the \OT1/cmtt/m/n/12 recommendation
 []

[87] [88

] [89] [90]
Chapter 25.
[91

]
(/nix/store/10phrhvgxyw4aj6dqdda4hlv2fc7xh66-texlive-2025-r77567-env/tex/latex/
listings/lstlang1.sty
File: lstlang1.sty 2025/11/14 1.11b listings language file
)
(/nix/store/10phrhvgxyw4aj6dqdda4hlv2fc7xh66-texlive-2025-r77567-env/tex/latex/
listings/lstlang1.sty
File: lstlang1.sty 2025/11/14 1.11b listings language file
) [92]
Chapter 26.

Overfull \hbox (2.06369pt too wide) in paragraph at lines 2529--2536
\OT1/cmr/m/n/12 Three in-fras-truc-ture com-po-nents bridge the gap be-tween My
celix's fed-er-ated learn-ing pipeline
 []


Overfull \hbox (10.11298pt too wide) in paragraph at lines 2529--2536
\OT1/cmr/m/n/12 and its gov-er-nance layer: \OT1/cmr/bx/n/12 Hy-per-Feel \OT1/c
mr/m/n/12 pro-vides 2000$\OMS/cmsy/m/n/12 ^^B$ \OT1/cmr/m/n/12 gra-di-ent com-p
res-sion for communication-
 []

[93

]
Underfull \hbox (badness 1087) in paragraph at lines 2601--2602
[]|\OT1/cmr/m/n/12 No trusted setup re-quired (STARK, not
 []

[94] [95] [96

]
Chapter 27.
[97] [98]
Chapter 28.
[99

] [100]
Chapter 29.

Overfull \hbox (2.27443pt too wide) in paragraph at lines 2761--2765
[]\OT1/cmr/m/n/12 Real-time clus-ter health mon-i-tor-ing: zome re-sponse times
 (p50/p95/p99),
 []

[101

] [102] [103

] [104]
Chapter 30.
[105

] [106]
Chapter 31.

Overfull \hbox (90.33311pt too wide) in paragraph at lines 2901--2904
[]\OT1/cmr/m/n/12 All Holochain ver-sions are man-aged from a sin-gle source of
 truth: \OT1/cmtt/m/n/12 nix/modules/holochain-versions.nix\OT1/cmr/m/n/12 .
 []


Overfull \hbox (38.92845pt too wide) in paragraph at lines 2901--2904
\OT1/cmr/m/n/12 Up-grad-ing Holochain re-quires up-dat-ing only this file and r
un-ning \OT1/cmtt/m/n/12 nix flake lock --update-input
 []

[107

] [108]
Chapter 32.
[109

] [110] [111] [112

]
Chapter 33.
[113] [114]
Chapter 34.
[115

] [116] [117] [118

]
Appendix A.
[119]
Overfull \hbox (4.7027pt too wide) in paragraph at lines 3319--3323
[] []\OT1/cmr/bx/n/12 Con-sti-tu-tional evo-lu-tion.[] \OT1/cmr/m/n/12 Changes 
are made via Mycelix Im-prove-ment Pro-pos-als (MIPs).
 []

[120]
Appendix B.
[121

] [122

]
Appendix C.

Overfull \hbox (4.67477pt too wide) in paragraph at lines 3371--3377
\OT1/cmr/m/n/12 Twelve com-pre-hen-sive mar-ket im-pact anal-y-ses have been pr
e-pared ex-am-in-ing how the Mycelix
 []


Underfull \hbox (badness 10000) in paragraph at lines 3388--3389
[]|\OT1/cmr/m/n/12 Decentralized trea-sury, mu-tual credit,
 []


Underfull \hbox (badness 7759) in paragraph at lines 3391--3392
[]|\OT1/cmr/m/n/12 Trust-weighted multi-agent co-or-di-na-tion,
 []

ignored error: Infinite glue shrinkage found in box being split [123] [124]
Appendix D.

Overfull \hbox (11.07082pt too wide) in paragraph at lines 3407--3410
[]\OT1/cmr/m/n/12 The supreme gov-ern-ing in-stru-ment defin-ing in-sti-tu-tion
al struc-
 []


Overfull \hbox (8.71382pt too wide) in paragraph at lines 3414--3416
[]\OT1/cmr/m/n/12 Three-currency model (SAP, TEND, MY-CEL), de-mur-rage rates,
 []


Overfull \hbox (4.9694pt too wide) in paragraph at lines 3416--3418
[]\OT1/cmr/m/n/12 Rules for shared re-source stew-ard-ship, com-post-ing mech-a
-nisms,
 []

[125

] [126

]
Appendix E.

Overfull \hbox (1.2563pt too wide) in paragraph at lines 3466--3470
\OT1/cmr/m/n/12 stew-ard-ship of life. Gov-er-nance with-out aware-ness is ad-m
in-is-tra-tion with-out accountability---
 []

[127] [128]
Appendix F.
[129

]
Overfull \hbox (1.021pt too wide) in paragraph at lines 3571--3573
[]\OT1/cmr/m/n/12 Verifies faith-ful im-ple-men-ta-tion, op-er-ates con-tin-u-o
us mon-
 []


Underfull \hbox (badness 2744) in paragraph at lines 3610--3611
[]\OT1/cmr/m/n/12 + Au-ton-omy, pur-pose-ful ex-is-tence,
 []

[130] [131] [132

] [133

] [134] [135

] (./mycelix_book.aux)
 ***********
LaTeX2e <2025-11-01>
L3 programming layer <2026-01-19>
 ***********


LaTeX Warning: Label(s) may have changed. Rerun to get cross-references right.


Package rerunfilecheck Warning: File `mycelix_book.out' has changed.
(rerunfilecheck)                Rerun to get outlines right
(rerunfilecheck)                or use package `bookmark'.

Package rerunfilecheck Info: Checksums for `mycelix_book.out':
(rerunfilecheck)             Before: 126ADCCB4CA33BF574AB3D9FCBE58A86;42098
(rerunfilecheck)             After:  A17B733D324A2CBA46EB3049197BFC31;42123.
 ) 
Here is how much of TeX's memory you used:
 15572 strings out of 467535
 237230 string characters out of 5397134
 921064 words of memory out of 5000000
 43617 multiletter control sequences out of 15000+600000
 642452 words of font info for 96 fonts, out of 8000000 for 9000
 1141 hyphenation exceptions out of 8191
 75i,12n,79p,654b,2095s stack positions out of 10000i,1000n,20000p,200000b,200000s
</nix/store/10phrhvgxyw4aj6dqdda4hlv2fc7xh66-texlive-2025-r77567-env/fonts/ty
pe1/public/amsfonts/cm/cmbx12.pfb></nix/store/10phrhvgxyw4aj6dqdda4hlv2fc7xh66-
texlive-2025-r77567-env/fonts/type1/public/amsfonts/cm/cmbxti10.pfb></nix/store
/10phrhvgxyw4aj6dqdda4hlv2fc7xh66-texlive-2025-r77567-env/fonts/type1/public/am
sfonts/cm/cmex10.pfb></nix/store/10phrhvgxyw4aj6dqdda4hlv2fc7xh66-texlive-2025-
r77567-env/fonts/type1/public/amsfonts/cm/cmitt10.pfb></nix/store/10phrhvgxyw4a
j6dqdda4hlv2fc7xh66-texlive-2025-r77567-env/fonts/type1/public/amsfonts/cm/cmmi
12.pfb></nix/store/10phrhvgxyw4aj6dqdda4hlv2fc7xh66-texlive-2025-r77567-env/fon
ts/type1/public/amsfonts/cm/cmmi6.pfb></nix/store/10phrhvgxyw4aj6dqdda4hlv2fc7x
h66-texlive-2025-r77567-env/fonts/type1/public/amsfonts/cm/cmmi8.pfb></nix/stor
e/10phrhvgxyw4aj6dqdda4hlv2fc7xh66-texlive-2025-r77567-env/fonts/type1/public/a
msfonts/cm/cmr10.pfb></nix/store/10phrhvgxyw4aj6dqdda4hlv2fc7xh66-texlive-2025-
r77567-env/fonts/type1/public/amsfonts/cm/cmr12.pfb></nix/store/10phrhvgxyw4aj6
dqdda4hlv2fc7xh66-texlive-2025-r77567-env/fonts/type1/public/amsfonts/cm/cmr17.
pfb></nix/store/10phrhvgxyw4aj6dqdda4hlv2fc7xh66-texlive-2025-r77567-env/fonts/
type1/public/amsfonts/cm/cmr6.pfb></nix/store/10phrhvgxyw4aj6dqdda4hlv2fc7xh66-
texlive-2025-r77567-env/fonts/type1/public/amsfonts/cm/cmr7.pfb></nix/store/10p
hrhvgxyw4aj6dqdda4hlv2fc7xh66-texlive-2025-r77567-env/fonts/type1/public/amsfon
ts/cm/cmr8.pfb></nix/store/10phrhvgxyw4aj6dqdda4hlv2fc7xh66-texlive-2025-r77567
-env/fonts/type1/public/amsfonts/cm/cmsy10.pfb></nix/store/10phrhvgxyw4aj6dqdda
4hlv2fc7xh66-texlive-2025-r77567-env/fonts/type1/public/amsfonts/cm/cmsy8.pfb><
/nix/store/10phrhvgxyw4aj6dqdda4hlv2fc7xh66-texlive-2025-r77567-env/fonts/type1
/public/amsfonts/cm/cmti10.pfb></nix/store/10phrhvgxyw4aj6dqdda4hlv2fc7xh66-tex
live-2025-r77567-env/fonts/type1/public/amsfonts/cm/cmti12.pfb></nix/store/10ph
rhvgxyw4aj6dqdda4hlv2fc7xh66-texlive-2025-r77567-env/fonts/type1/public/amsfont
s/cm/cmtt10.pfb></nix/store/10phrhvgxyw4aj6dqdda4hlv2fc7xh66-texlive-2025-r7756
7-env/fonts/type1/public/amsfonts/cm/cmtt12.pfb></nix/store/10phrhvgxyw4aj6dqdd
a4hlv2fc7xh66-texlive-2025-r77567-env/fonts/type1/public/amsfonts/symbols/msbm1
0.pfb></nix/store/10phrhvgxyw4aj6dqdda4hlv2fc7xh66-texlive-2025-r77567-env/font
s/type1/public/cm-super/sfrm1200.pfb>
Output written on mycelix_book.pdf (147 pages, 512489 bytes).
PDF statistics:
 2375 PDF objects out of 2487 (max. 8388607)
 2162 compressed objects within 22 object streams
 670 named destinations out of 1000 (max. 500000)
 1889 words of extra memory for PDF output out of 10000 (max. 10000000)

